================================================================================
TEST RESULTS SUMMARY
================================================================================

Total tests: 0
Total duration: 0.00s (0.00 minutes)

PASSED    :    0 (  0.0%)
FAILED    :    0 (  0.0%)
SKIPPED   :    0 (  0.0%)
TIMEOUT   :    0 (  0.0%)
ERROR     :    0 (  0.0%)
UNKNOWN   :    0 (  0.0%)

================================================================================
FAILED TESTS
================================================================================

================================================================================
TIMEOUT TESTS
================================================================================

================================================================================
SKIPPED TESTS
================================================================================
