============================= test session starts ==============================
platform linux -- Python 3.12.3, pytest-9.0.1, pluggy-1.6.0 -- /mnt/MCPProyects/ragTools/venv/bin/python3
cachedir: .pytest_cache
rootdir: /mnt/MCPProyects/ragTools
configfile: pytest.ini (WARNING: ignoring pytest config in pyproject.toml!)
testpaths: tests
plugins: anyio-4.12.0, cov-7.0.0, asyncio-1.3.0
asyncio: mode=Mode.STRICT, debug=False, asyncio_default_fixture_loop_scope=None, asyncio_default_test_loop_scope=function
collecting ... collected 1796 items

tests/benchmarks/test_contextual_performance.py::test_batch_processing_throughput PASSED [  0%]
tests/benchmarks/test_contextual_performance.py::test_parallel_vs_sequential_performance PASSED [  0%]
tests/benchmarks/test_contextual_performance.py::test_large_document_processing_time PASSED [  0%]
tests/benchmarks/test_contextual_performance.py::test_batch_size_impact PASSED [  0%]
tests/benchmarks/test_contextual_performance.py::test_cost_tracker_performance PASSED [  0%]
tests/benchmarks/test_contextual_performance.py::test_context_generation_latency PASSED [  0%]
tests/benchmarks/test_late_chunking_performance.py::test_document_embedding_speed FAILED [  0%]
tests/benchmarks/test_late_chunking_performance.py::test_embedding_chunking_speed FAILED [  0%]
tests/benchmarks/test_late_chunking_performance.py::test_semantic_boundary_speed FAILED [  0%]
tests/benchmarks/test_late_chunking_performance.py::test_end_to_end_latency FAILED [  0%]
tests/benchmarks/test_late_chunking_performance.py::test_coherence_analysis_overhead FAILED [  0%]
tests/benchmarks/test_late_chunking_performance.py::test_batch_processing_speed FAILED [  0%]
tests/benchmarks/test_late_chunking_performance.py::test_adaptive_chunking_speed FAILED [  0%]
tests/benchmarks/test_late_chunking_performance.py::test_memory_efficiency FAILED [  0%]
tests/benchmarks/test_model_comparison_performance.py::test_model_loading_speed FAILED [  0%]
tests/benchmarks/test_model_comparison_performance.py::test_model_loading_cached FAILED [  0%]
tests/benchmarks/test_model_comparison_performance.py::test_inference_speed FAILED [  0%]
tests/benchmarks/test_model_comparison_performance.py::test_batch_size_comparison FAILED [  1%]
tests/benchmarks/test_model_comparison_performance.py::test_embedding_quality FAILED [  1%]
tests/benchmarks/test_model_comparison_performance.py::test_memory_efficiency FAILED [  1%]
tests/integration/cli/test_benchmark_integration.py::TestBenchmarkIntegration::test_benchmark_execution_flow PASSED [  1%]
tests/integration/cli/test_config_validation_integration.py::TestConfigValidationIntegration::test_validate_valid_config_flow PASSED [  1%]
tests/integration/cli/test_config_validation_integration.py::TestConfigValidationIntegration::test_validate_invalid_config_flow PASSED [  1%]
tests/integration/cli/test_index_query_flow.py::TestIndexQueryFlow::test_index_single_file PASSED [  1%]
tests/integration/cli/test_index_query_flow.py::TestIndexQueryFlow::test_index_directory PASSED [  1%]
tests/integration/cli/test_index_query_flow.py::TestIndexQueryFlow::test_index_with_custom_strategy PASSED [  1%]
tests/integration/cli/test_index_query_flow.py::TestIndexQueryFlow::test_index_with_config_file PASSED [  1%]
tests/integration/cli/test_index_query_flow.py::TestIndexQueryFlow::test_index_nonexistent_path PASSED [  1%]
tests/integration/cli/test_index_query_flow.py::TestIndexQueryFlow::test_query_basic PASSED [  1%]
tests/integration/cli/test_index_query_flow.py::TestIndexQueryFlow::test_query_with_strategies PASSED [  1%]
tests/integration/cli/test_index_query_flow.py::TestIndexQueryFlow::test_query_with_top_k PASSED [  1%]
tests/integration/cli/test_index_query_flow.py::TestIndexQueryFlow::test_query_without_index PASSED [  1%]
tests/integration/cli/test_index_query_flow.py::TestFullWorkflow::test_complete_workflow PASSED [  1%]
tests/integration/cli/test_index_query_flow.py::TestFullWorkflow::test_workflow_with_config PASSED [  1%]
tests/integration/database/test_database_integration.py::TestDatabaseIntegration::test_full_database_workflow SKIPPED [  1%]
tests/integration/database/test_database_integration.py::TestDatabaseIntegration::test_batch_insert_chunks SKIPPED [  2%]
tests/integration/database/test_database_integration.py::TestDatabaseIntegration::test_query_with_filters SKIPPED [  2%]
tests/integration/database/test_database_integration.py::TestDatabaseIntegration::test_metadata_queries SKIPPED [  2%]
tests/integration/database/test_database_integration.py::TestDatabaseIntegration::test_chunk_ordering SKIPPED [  2%]
tests/integration/database/test_database_integration.py::TestDatabaseIntegration::test_document_deduplication SKIPPED [  2%]
tests/integration/database/test_database_integration.py::TestVectorOperations::test_insert_chunk_with_embedding SKIPPED [  2%]
tests/integration/database/test_database_integration.py::TestVectorOperations::test_vector_similarity_search SKIPPED [  2%]
tests/integration/database/test_database_integration.py::TestVectorOperations::test_null_embeddings SKIPPED [  2%]
tests/integration/database/test_database_integration.py::TestConnectionPooling::test_connection_pool_concurrent_access SKIPPED [  2%]
tests/integration/database/test_database_integration.py::TestConnectionPooling::test_connection_pool_metrics SKIPPED [  2%]
tests/integration/database/test_database_integration.py::TestConnectionPooling::test_session_isolation SKIPPED [  2%]
tests/integration/database/test_database_integration.py::TestPerformance::test_batch_insert_performance SKIPPED [  2%]
tests/integration/database/test_database_integration.py::TestPerformance::test_query_performance SKIPPED [  2%]
tests/integration/database/test_migration_integration.py::TestMigrationIntegration::test_real_migration_execution SKIPPED [  2%]
tests/integration/database/test_migration_integration.py::TestMigrationIntegration::test_migration_with_existing_data SKIPPED [  2%]
tests/integration/database/test_migration_integration.py::TestMigrationIntegration::test_rollback_functionality SKIPPED [  2%]
tests/integration/database/test_migration_integration.py::TestMigrationIntegration::test_pgvector_extension_installed SKIPPED [  2%]
tests/integration/documentation/test_documentation_integration.py::TestDocumentationBuild::test_mkdocs_build_succeeds SKIPPEDlization
arguments: {}
INFO    -  MERMAID2  - Using javascript library (10.6.1):
https://unpkg.com/mermaid@10.6.1/dist/mermaid.esm.min.mjs
INFO    -
Cleaning site directory
INFO    -  Building documentation to directory:
/mnt/MCPProyects/ragTools/site
INFO    -  The following pages exist in
the docs directory, but are not included in the "nav" configuration:
  -
CLI-USER-GUIDE.md
  - DEVELOPMENT-STANDARDS.md
  - ONNX-PROVIDER-
SUMMARY.md
  - TEST-MIGRATION-ONNX.md
  - rag-factory-project-plan.md
- database/README.md
  - database/CONSOLIDATION_PLAN.md
  -
database/ENVIRONMENT_VARIABLES.md
  - database/IMPLEMENTATION_CONTEXT.md
- database/MIGRATION_AUDIT.md
  - database/MIGRATION_MANAGER_REMOVAL.md
- epics/README.md
  - epics/epic-01-core-infrastructure.md
  -
epics/epic-02-database-storage.md
  - epics/epic-03-core-services.md
  -
epics/epic-04-priority-strategies.md
  - epics/epic-05-agentic-
advanced.md
  - epics/epic-06-multi-query-contextual.md
  -
epics/epic-07-experimental-strategies.md
  -
epics/epic-08-observability.md
  - epics/epic-08.5-development-tools.md
- epics/epic-09-documentation.md
  - epics/epic-10-lightweight-
dependencies.md
  - epics/epic-11-dependency-injection.md
  -
epics/epic-12-pipeline-separation.md
  - epics/epic-13-indexing-
strategies.md
  - epics/epic-14-cli-enhancements.md
  -
epics/epic-16-database-consolidation.md
  - epics/rag-factory-project-
plan.md
  - stories/Completed/epic-01/story-1.1-rag-strategy-
interface.md
  - stories/Completed/epic-01/story-1.2-rag-factory.md
  -
stories/Completed/epic-01/story-1.3-strategy-composition-engine.md
  -
stories/Completed/epic-01/story-1.4-configuration-management.md
  -
stories/Completed/epic-01/story-1.5-COMPLETION-SUMMARY.md
  -
stories/Completed/epic-01/story-1.5-package-structure.md
  -
stories/Completed/epic-02/README.md
  -
stories/Completed/epic-02/VERIFICATION.md
  -
stories/Completed/epic-02/story-2.1-COMPLETION-SUMMARY.md
  -
stories/Completed/epic-02/story-2.1-vector-database-setup.md
  -
stories/Completed/epic-02/story-2.2-COMPLETION-SUMMARY.md
  -
stories/Completed/epic-02/story-2.2-database-repository-pattern.md
  -
stories/Completed/epic-03/README.md
  -
stories/Completed/epic-03/VERIFICATION.md
  -
stories/Completed/epic-03/story-3.1-COMPLETION-SUMMARY.md
  -
stories/Completed/epic-03/story-3.1-ONNX-ADDITION.md
  -
stories/Completed/epic-03/story-3.1-embedding-service.md
  -
stories/Completed/epic-03/story-3.2-COMPLETION-SUMMARY.md
  -
stories/Completed/epic-03/story-3.2-llm-service-adapter.md
  -
stories/Completed/epic-04/README.md
  -
stories/Completed/epic-04/VERIFICATION.md
  -
stories/Completed/epic-04/story-4.1-COMPLETION-SUMMARY.md
  -
stories/Completed/epic-04/story-4.1-context-aware-chunking.md
  -
stories/Completed/epic-04/story-4.2-COMPLETION-SUMMARY.md
  -
stories/Completed/epic-04/story-4.2-reranking-strategy.md
  -
stories/Completed/epic-04/story-4.3-COMPLETION-SUMMARY.md
  -
stories/Completed/epic-04/story-4.3-INTEGRATION-GUIDE.md
  -
stories/Completed/epic-04/story-4.3-query-expansion.md
  -
stories/Completed/epic-05/README.md
  -
stories/Completed/epic-05/VERIFICATION.md
  -
stories/Completed/epic-05/story-5.1-agentic-rag-strategy.md
  -
stories/Completed/epic-05/story-5.2-hierarchical-rag-strategy.md
  -
stories/Completed/epic-05/story-5.3-self-reflective-rag-strategy.md
  -
stories/Completed/epic-06/README.md
  -
stories/Completed/epic-06/VERIFICATION.md
  -
stories/Completed/epic-06/story-6.1-multi-query-rag-strategy.md
  -
stories/Completed/epic-06/story-6.2-contextual-retrieval-strategy.md
  -
stories/Completed/epic-07/README.md
  -
stories/Completed/epic-07/VERIFICATION.md
  -
stories/Completed/epic-07/story-7.1-knowledge-graph-strategy.md
  -
stories/Completed/epic-07/story-7.2-late-chunking-strategy.md
  -
stories/Completed/epic-07/story-7.3-fine-tuned-embeddings-strategy.md
- stories/Completed/epic-08/README.md
  -
stories/Completed/epic-08/VERIFICATION.md
  -
stories/Completed/epic-08/story-8.1-COMPLETION-SUMMARY.md
  -
stories/Completed/epic-08/story-8.1-monitoring-logging-system.md
  -
stories/Completed/epic-08/story-8.2-COMPLETION-SUMMARY.md
  -
stories/Completed/epic-08/story-8.2-evaluation-framework.md
  -
stories/Completed/epic-08.5/story-8.5.1-COMPLETION-SUMMARY.md
  -
stories/Completed/epic-08.5/story-8.5.1-IMPLEMENTATION-UPDATE.md
  -
stories/Completed/epic-08.5/story-8.5.1-cli-strategy-testing.md
  -
stories/Completed/epic-08.5/story-8.5.2-dev-server-pocs.md
  -
stories/Completed/epic-09/story-9.1-developer-documentation.md
  -
stories/Completed/epic-09/story-9.2-example-implementations.md
  -
stories/Completed/epic-10/README.md
  -
stories/Completed/epic-10/story-10.1-migrate-embedding-services-to-
onnx.md
  - stories/Completed/epic-10/story-10.2-replace-tokenization-
with-tiktoken.md
  - stories/Completed/epic-10/story-10.3-migrate-late-
chunking-to-onnx.md
  - stories/Completed/epic-10/story-10.4-migrate-
reranking-to-lightweight-alternatives.md
  -
stories/Completed/epic-10/story-10.5-migrate-fine-tuned-embeddings-to-
onnx.md
  - stories/Completed/epic-11/story-11.1-define-service-
interfaces.md
  - stories/Completed/epic-11/story-11.2-create-strategy-
dependencies-container.md
  -
stories/Completed/epic-11/story-11.3-implement-service-
implementations.md
  - stories/Completed/epic-11/story-11.4-update-
strategy-base-classes-for-di.md
  -
stories/Completed/epic-11/story-11.5-update-rag-factory-for-di.md
  -
stories/Completed/epic-11/story-11.6-implement-consistency-checker.md
- stories/Completed/epic-12/story-12.1-define-capability-enums-and-
models.md
  - stories/Completed/epic-12/story-12.2-create-
iindexingstrategy-interface.md
  -
stories/Completed/epic-12/story-12.3-create-iretrievalstrategy-
interface.md
  - stories/Completed/epic-12/story-12.4-implement-
indexingpipeline.md
  - stories/Completed/epic-12/story-12.5-implement-
retrievalpipeline.md
  - stories/Completed/epic-12/story-12.6-implement-
factory-validation-with-consistency-checking.md
  -
stories/Completed/epic-13/story-13.1-context-aware-chunking.md
  -
stories/Completed/epic-13/story-13.2-vector-embedding-indexing.md
  -
stories/Completed/epic-13/story-13.3-keyword-extraction-indexing.md
  -
stories/Completed/epic-13/story-13.4-hierarchical-indexing.md
  -
stories/Completed/epic-13/story-13.5-in-memory-indexing.md
  -
stories/Completed/epic-14/story-14.1-pipeline-validation-command.md
  -
stories/Completed/epic-14/story-14.2-consistency-checking-command.md
  -
stories/epic-15/story-15.1-remove-deprecated-tests.md
  -
stories/epic-15/story-15.2-service-interface-tests.md
  -
stories/epic-15/story-15.3-cli-command-tests.md
  -
stories/epic-15/story-15.4-database-feature-tests.md
  -
stories/epic-15/story-15.5-development-server-tests.md
  -
stories/epic-15/story-15.6-evaluation-framework-tests.md
  -
stories/epic-16/README.md
  - stories/epic-16/story-16.1-audit-
migration-systems.md
  - stories/epic-16/story-16.2-standardize-
environment-variables.md
  - stories/epic-16/story-16.3-create-database-
fixtures.md
  - stories/epic-16/story-16.4-migrate-tests-to-alembic.md
- stories/epic-16/story-16.5-remove-migration-manager.md
  -
stories/epic-16/story-16.6-update-database-documentation.md
WARNING -  A
relative path to 'architecture/data-flow.md' is included in the 'nav'
configuration, which is not found in the documentation files.
WARNING -
A relative path to 'architecture/components.md' is included in the 'nav'
configuration, which is not found in the documentation files.
WARNING -
A relative path to 'guides/configuration-reference.md' is included in
the 'nav' configuration, which is not found in the documentation files.
WARNING -  A relative path to 'guides/performance-tuning.md' is included
in the 'nav' configuration, which is not found in the documentation
files.
WARNING -  A relative path to 'guides/error-handling.md' is
included in the 'nav' configuration, which is not found in the
documentation files.
WARNING -  A relative path to 'guides/best-
practices.md' is included in the 'nav' configuration, which is not found
in the documentation files.
WARNING -  A relative path to
'strategies/agentic.md' is included in the 'nav' configuration, which is
not found in the documentation files.
WARNING -  A relative path to
'strategies/chunking.md' is included in the 'nav' configuration, which
is not found in the documentation files.
WARNING -  A relative path to
'strategies/hierarchical.md' is included in the 'nav' configuration,
which is not found in the documentation files.
WARNING -  A relative
path to 'strategies/knowledge-graph.md' is included in the 'nav'
configuration, which is not found in the documentation files.
WARNING -
A relative path to 'strategies/late-chunking.md' is included in the
'nav' configuration, which is not found in the documentation files.
WARNING -  A relative path to 'strategies/multi-query.md' is included in
the 'nav' configuration, which is not found in the documentation files.
WARNING -  A relative path to 'strategies/query-expansion.md' is
included in the 'nav' configuration, which is not found in the
documentation files.
WARNING -  A relative path to
'strategies/reranking.md' is included in the 'nav' configuration, which
is not found in the documentation files.
WARNING -  A relative path to
'strategies/self-reflective.md' is included in the 'nav' configuration,
which is not found in the documentation files.
WARNING -  A relative
path to 'api-reference/index.md' is included in the 'nav' configuration,
which is not found in the documentation files.
WARNING -  A relative
path to 'api-reference/factory.md' is included in the 'nav'
configuration, which is not found in the documentation files.
WARNING -
A relative path to 'api-reference/strategies.md' is included in the
'nav' configuration, which is not found in the documentation files.
WARNING -  A relative path to 'api-reference/pipeline.md' is included in
the 'nav' configuration, which is not found in the documentation files.
WARNING -  A relative path to 'api-reference/config.md' is included in
the 'nav' configuration, which is not found in the documentation files.
WARNING -  A relative path to 'api-reference/exceptions.md' is included
in the 'nav' configuration, which is not found in the documentation
files.
WARNING -  A relative path to 'tutorials/basic-retrieval.md' is
included in the 'nav' configuration, which is not found in the
documentation files.
WARNING -  A relative path to 'tutorials/pipeline-
setup.md' is included in the 'nav' configuration, which is not found in
the documentation files.
WARNING -  A relative path to
'tutorials/custom-strategy.md' is included in the 'nav' configuration,
which is not found in the documentation files.
WARNING -  A relative
path to 'tutorials/performance-optimization.md' is included in the 'nav'
configuration, which is not found in the documentation files.
WARNING -
A relative path to 'tutorials/production-deployment.md' is included in
the 'nav' configuration, which is not found in the documentation files.
WARNING -  A relative path to 'contributing/development-setup.md' is
included in the 'nav' configuration, which is not found in the
documentation files.
WARNING -  A relative path to 'contributing/code-
style.md' is included in the 'nav' configuration, which is not found in
the documentation files.
WARNING -  A relative path to
'contributing/testing.md' is included in the 'nav' configuration, which
is not found in the documentation files.
WARNING -  A relative path to
'contributing/documentation.md' is included in the 'nav' configuration,
which is not found in the documentation files.
WARNING -  A relative
path to 'contributing/adding-strategies.md' is included in the 'nav'
configuration, which is not found in the documentation files.
WARNING -
A relative path to 'contributing/release-process.md' is included in the
'nav' configuration, which is not found in the documentation files.
WARNING -  A relative path to 'troubleshooting/common-errors.md' is
included in the 'nav' configuration, which is not found in the
documentation files.
WARNING -  A relative path to
'troubleshooting/performance-issues.md' is included in the 'nav'
configuration, which is not found in the documentation files.
WARNING -
A relative path to 'troubleshooting/database-issues.md' is included in
the 'nav' configuration, which is not found in the documentation files.
WARNING -  A relative path to 'troubleshooting/api-issues.md' is
included in the 'nav' configuration, which is not found in the
documentation files.
WARNING -  A relative path to 'changelog.md' is
included in the 'nav' configuration, which is not found in the
documentation files.
WARNING -  Doc file 'index.md' contains a relative
link 'guides/configuration-reference.md', but the target is not found
among documentation files.
WARNING -  Doc file 'index.md' contains a
relative link 'tutorials/pipeline-setup.md', but the target is not found
among documentation files.
WARNING -  Doc file 'index.md' contains a
relative link 'guides/performance-tuning.md', but the target is not
found among documentation files.
WARNING -  Doc file 'index.md' contains
a relative link 'guides/best-practices.md', but the target is not found
among documentation files.
WARNING -  Doc file 'CLI-USER-GUIDE.md'
contains a relative link './API.md', but the target 'API.md' is not
found among documentation files.
WARNING -  Doc file 'CLI-USER-GUIDE.md'
contains a relative link './STRATEGIES.md', but the target
'STRATEGIES.md' is not found among documentation files.
INFO    -  Doc
file 'CLI-USER-GUIDE.md' contains an unrecognized relative link
'../examples/', it was left as is.
WARNING -  Doc file
'architecture/design-patterns.md' contains a relative link 'data-
flow.md', but the target 'architecture/data-flow.md' is not found among
documentation files.
WARNING -  Doc file 'architecture/design-
patterns.md' contains a relative link 'components.md', but the target
'architecture/components.md' is not found among documentation files.
WARNING -  Doc file 'architecture/design-patterns.md' contains a
relative link '../contributing/adding-strategies.md', but the target
'contributing/adding-strategies.md' is not found among documentation
files.
WARNING -  Doc file 'architecture/design-patterns.md' contains a
relative link '../guides/best-practices.md', but the target
'guides/best-practices.md' is not found among documentation files.
WARNING -  Doc file 'architecture/design-patterns.md' contains a
relative link '../api-reference/index.md', but the target 'api-
reference/index.md' is not found among documentation files.
WARNING -
Doc file 'architecture/overview.md' contains a relative link 'data-
flow.md', but the target 'architecture/data-flow.md' is not found among
documentation files.
WARNING -  Doc file 'architecture/overview.md'
contains a relative link 'components.md', but the target
'architecture/components.md' is not found among documentation files.
WARNING -  Doc file 'architecture/overview.md' contains a relative link
'../guides/configuration-reference.md', but the target
'guides/configuration-reference.md' is not found among documentation
files.
WARNING -  Doc file 'architecture/overview.md' contains a
relative link '../guides/best-practices.md', but the target
'guides/best-practices.md' is not found among documentation files.
WARNING -  Doc file 'contributing/index.md' contains a relative link
'development-setup.md', but the target 'contributing/development-
setup.md' is not found among documentation files.
WARNING -  Doc file
'contributing/index.md' contains a relative link 'development-setup.md',
but the target 'contributing/development-setup.md' is not found among
documentation files.
WARNING -  Doc file 'contributing/index.md'
contains a relative link 'code-style.md', but the target
'contributing/code-style.md' is not found among documentation files.
WARNING -  Doc file 'contributing/index.md' contains a relative link
'testing.md', but the target 'contributing/testing.md' is not found
among documentation files.
WARNING -  Doc file 'contributing/index.md'
contains a relative link 'documentation.md', but the target
'contributing/documentation.md' is not found among documentation files.
WARNING -  Doc file 'contributing/index.md' contains a relative link
'adding-strategies.md', but the target 'contributing/adding-
strategies.md' is not found among documentation files.
WARNING -  Doc
file 'contributing/index.md' contains a relative link 'release-
process.md', but the target 'contributing/release-process.md' is not
found among documentation files.
WARNING -  Doc file
'database/README.md' contains a relative link '../../tests/README.md',
but the target '../tests/README.md' is not found among documentation
files.
WARNING -  Doc file 'database/README.md' contains a relative link
'../../tests/README.md', but the target '../tests/README.md' is not
found among documentation files.
WARNING -  Doc file 'getting-
started/configuration.md' contains a relative link
'../guides/configuration-reference.md', but the target
'guides/configuration-reference.md' is not found among documentation
files.
WARNING -  Doc file 'getting-started/configuration.md' contains a
relative link '../guides/performance-tuning.md', but the target
'guides/performance-tuning.md' is not found among documentation files.
WARNING -  Doc file 'getting-started/configuration.md' contains a
relative link '../guides/configuration-reference.md#environment-
variables', but the target 'guides/configuration-reference.md' is not
found among documentation files.
WARNING -  Doc file 'getting-
started/configuration.md' contains a relative link '../guides/best-
practices.md', but the target 'guides/best-practices.md' is not found
among documentation files.
WARNING -  Doc file 'getting-
started/configuration.md' contains a relative link
'../troubleshooting/common-errors.md', but the target
'troubleshooting/common-errors.md' is not found among documentation
files.
WARNING -  Doc file 'getting-started/first-query.md' contains a
relative link '../tutorials/pipeline-setup.md', but the target
'tutorials/pipeline-setup.md' is not found among documentation files.
WARNING -  Doc file 'getting-started/first-query.md' contains a relative
link '../tutorials/performance-optimization.md', but the target
'tutorials/performance-optimization.md' is not found among documentation
files.
WARNING -  Doc file 'getting-started/first-query.md' contains a
relative link '../troubleshooting/performance-issues.md', but the target
'troubleshooting/performance-issues.md' is not found among documentation
files.
WARNING -  Doc file 'getting-started/installation.md' contains a
relative link '../troubleshooting/common-errors.md', but the target
'troubleshooting/common-errors.md' is not found among documentation
files.
WARNING -  Doc file 'getting-started/quick-start.md' contains a
relative link '../tutorials/pipeline-setup.md', but the target
'tutorials/pipeline-setup.md' is not found among documentation files.
WARNING -  Doc file 'getting-started/quick-start.md' contains a relative
link '../tutorials/production-deployment.md', but the target
'tutorials/production-deployment.md' is not found among documentation
files.
WARNING -  Doc file 'getting-started/quick-start.md' contains a
relative link '../troubleshooting/common-errors.md', but the target
'troubleshooting/common-errors.md' is not found among documentation
files.
WARNING -  Doc file 'guides/strategy-selection.md' contains a
relative link '../tutorials/pipeline-setup.md', but the target
'tutorials/pipeline-setup.md' is not found among documentation files.
WARNING -  Doc file 'guides/strategy-selection.md' contains a relative
link 'performance-tuning.md', but the target 'guides/performance-
tuning.md' is not found among documentation files.
WARNING -  Doc file
'guides/strategy-selection.md' contains a relative link 'configuration-
reference.md', but the target 'guides/configuration-reference.md' is not
found among documentation files.
WARNING -  Doc file 'guides/strategy-
selection.md' contains a relative link 'best-practices.md', but the
target 'guides/best-practices.md' is not found among documentation
files.
WARNING -  Doc file 'guides/strategy-selection.md' contains a
relative link '../tutorials/performance-optimization.md', but the target
'tutorials/performance-optimization.md' is not found among documentation
files.
WARNING -  Doc file
'stories/Completed/epic-04/story-4.3-INTEGRATION-GUIDE.md' contains a
relative link '../../rag_factory/strategies/query_expansion/README.md',
but the target
'stories/rag_factory/strategies/query_expansion/README.md' is not found
among documentation files.
WARNING -  Doc file
'stories/Completed/epic-04/story-4.3-INTEGRATION-GUIDE.md' contains a
relative link '../../examples/query_expansion_example.py', but the
target 'stories/examples/query_expansion_example.py' is not found among
documentation files.
INFO    -  Doc file
'stories/Completed/epic-04/story-4.3-INTEGRATION-GUIDE.md' contains an
unrecognized relative link
'../../tests/unit/strategies/query_expansion/', it was left as is.
ERROR
-  Encoding error reading file: stories/Completed/epic-05/README.md
ERROR   -  Error reading page 'stories/Completed/epic-05/README.md':
'utf-8' codec can't decode byte 0x92 in position 2015: invalid start
byte
Traceback (most recent call last):
  File
"/mnt/MCPProyects/ragTools/venv/bin/mkdocs", line 8, in <module>
sys.exit(cli())
             ^^^^^
  File
"/mnt/MCPProyects/ragTools/venv/lib/python3.12/site-
packages/click/core.py", line 1485, in __call__
    return
self.main(*args, **kwargs)
           ^^^^^^^^^^^^^^^^^^^^^^^^^^
  File
"/mnt/MCPProyects/ragTools/venv/lib/python3.12/site-
packages/click/core.py", line 1406, in main
    rv = self.invoke(ctx)
^^^^^^^^^^^^^^^^
  File
"/mnt/MCPProyects/ragTools/venv/lib/python3.12/site-
packages/click/core.py", line 1873, in invoke
    return
_process_result(sub_ctx.command.invoke(sub_ctx))
^^^^^^^^^^^^^^^^^^^^^^^^^^^^^^^
  File
"/mnt/MCPProyects/ragTools/venv/lib/python3.12/site-
packages/click/core.py", line 1269, in invoke
    return
ctx.invoke(self.callback, **ctx.params)
^^^^^^^^^^^^^^^^^^^^^^^^^^^^^^^^^^^^^^^
  File
"/mnt/MCPProyects/ragTools/venv/lib/python3.12/site-
packages/click/core.py", line 824, in invoke
    return callback(*args,
**kwargs)
           ^^^^^^^^^^^^^^^^^^^^^^^^^
  File
"/mnt/MCPProyects/ragTools/venv/lib/python3.12/site-
packages/mkdocs/__main__.py", line 286, in build_command
build.build(cfg, dirty=not clean)
  File
"/mnt/MCPProyects/ragTools/venv/lib/python3.12/site-
packages/mkdocs/commands/build.py", line 322, in build
_populate_page(file.page, config, files, dirty)
  File
"/mnt/MCPProyects/ragTools/venv/lib/python3.12/site-
packages/mkdocs/commands/build.py", line 167, in _populate_page
page.read_source(config)
  File
"/mnt/MCPProyects/ragTools/venv/lib/python3.12/site-
packages/mkdocs/structure/pages.py", line 203, in read_source
    source
= f.read()
             ^^^^^^^^
  File "<frozen codecs>", line 322, in
decode
  File "/usr/lib/python3.12/encodings/utf_8_sig.py", line 69, in
_buffer_decode
    return codecs.utf_8_decode(input, errors, final)
^^^^^^^^^^^^^^^^^^^^^^^^^^^^^^^^^^^^^^^^^
UnicodeDecodeError: 'utf-8'
codec can't decode byte 0x92 in position 2015: invalid start byte)       [  2%]
tests/integration/documentation/test_documentation_integration.py::TestDocumentationBuild::test_mkdocs_serve_starts SKIPPED, port=8001): Max
retries exceeded with url: / (Caused by
NewConnectionError('<urllib3.connection.HTTPConnection object at
0x7db52b427920>: Failed to establish a new connection: [Errno 111]
Connection refused')))                                                   [  3%]
tests/integration/documentation/test_documentation_integration.py::TestDocumentationBuild::test_search_index_generated SKIPPED [  3%]
tests/integration/documentation/test_documentation_integration.py::test_documentation_time_to_first_example SKIPPED [  3%]
tests/integration/documentation/test_documentation_integration.py::test_api_reference_generated SKIPPED [  3%]
tests/integration/documentation/test_documentation_integration.py::test_diagrams_rendered SKIPPED [  3%]
tests/integration/evaluation/test_evaluation_integration.py::TestEvaluationIntegration::test_full_benchmark_workflow PASSED [  3%]
tests/integration/evaluation/test_evaluation_integration.py::TestEvaluationIntegration::test_compare_multiple_strategies PASSED [  3%]
tests/integration/evaluation/test_evaluation_integration.py::TestEvaluationIntegration::test_statistical_analysis_workflow PASSED [  3%]
tests/integration/evaluation/test_evaluation_integration.py::TestEvaluationIntegration::test_export_workflow_csv PASSED [  3%]
tests/integration/evaluation/test_evaluation_integration.py::TestEvaluationIntegration::test_export_workflow_json PASSED [  3%]
tests/integration/evaluation/test_evaluation_integration.py::TestEvaluationIntegration::test_comparison_report_generation PASSED [  3%]
tests/integration/evaluation/test_evaluation_integration.py::TestEvaluationIntegration::test_checkpoint_resume_workflow PASSED [  3%]
tests/integration/models/test_fine_tuned_embeddings_integration.py::test_register_and_load_model FAILED [  3%]
tests/integration/models/test_fine_tuned_embeddings_integration.py::test_ab_testing_workflow PASSED [  3%]
tests/integration/models/test_fine_tuned_embeddings_integration.py::test_model_registry_persistence_workflow PASSED [  3%]
tests/integration/models/test_fine_tuned_embeddings_integration.py::test_model_comparison_workflow FAILED [  3%]
tests/integration/models/test_fine_tuned_embeddings_integration.py::test_multiple_models_registry PASSED [  3%]
tests/integration/observability/test_monitoring_integration.py::TestCompleteQueryLogging::test_complete_query_workflow PASSED [  3%]
tests/integration/observability/test_monitoring_integration.py::TestCompleteQueryLogging::test_failed_query_workflow PASSED [  4%]
tests/integration/observability/test_monitoring_integration.py::TestCompleteQueryLogging::test_multiple_strategy_workflow PASSED [  4%]
tests/integration/observability/test_monitoring_integration.py::TestPerformanceMonitoring::test_performance_tracking PASSED [  4%]
tests/integration/observability/test_monitoring_integration.py::TestPerformanceMonitoring::test_multiple_operations_tracking PASSED [  4%]
tests/integration/observability/test_monitoring_integration.py::TestDashboardAPI::test_dashboard_endpoints PASSED [  4%]
tests/integration/observability/test_monitoring_integration.py::TestDashboardAPI::test_dashboard_error_handling PASSED [  4%]
tests/integration/observability/test_monitoring_integration.py::TestEndToEndMonitoring::test_complete_monitoring_stack PASSED [  4%]
tests/integration/observability/test_monitoring_integration.py::TestEndToEndMonitoring::test_high_volume_simulation PASSED [  4%]
tests/integration/observability/test_monitoring_integration.py::TestEndToEndMonitoring::test_error_rate_monitoring PASSED [  4%]
tests/integration/observability/test_monitoring_integration.py::TestPrometheusIntegration::test_prometheus_metrics_export PASSED [  4%]
tests/integration/repositories/test_repository_integration.py::TestDocumentRepositoryIntegration::test_complete_document_lifecycle SKIPPED [  4%]
tests/integration/repositories/test_repository_integration.py::TestDocumentRepositoryIntegration::test_document_deduplication SKIPPED [  4%]
tests/integration/repositories/test_repository_integration.py::TestDocumentRepositoryIntegration::test_document_pagination SKIPPED [  4%]
tests/integration/repositories/test_repository_integration.py::TestDocumentRepositoryIntegration::test_document_status_filtering SKIPPED [  4%]
tests/integration/repositories/test_repository_integration.py::TestDocumentRepositoryIntegration::test_bulk_operations SKIPPED [  4%]
tests/integration/repositories/test_repository_integration.py::TestChunkRepositoryIntegration::test_complete_chunk_lifecycle SKIPPED [  4%]
tests/integration/repositories/test_repository_integration.py::TestChunkRepositoryIntegration::test_chunk_document_relationship SKIPPED [  4%]
tests/integration/repositories/test_repository_integration.py::TestChunkRepositoryIntegration::test_cascade_delete SKIPPEDabase tests.) [  4%]
tests/integration/repositories/test_repository_integration.py::TestChunkRepositoryIntegration::test_bulk_chunk_operations SKIPPED [  5%]
tests/integration/repositories/test_repository_integration.py::TestVectorSearchIntegration::test_vector_similarity_search SKIPPED [  5%]
tests/integration/repositories/test_repository_integration.py::TestVectorSearchIntegration::test_vector_search_with_threshold SKIPPED [  5%]
tests/integration/repositories/test_repository_integration.py::TestVectorSearchIntegration::test_vector_search_with_document_filter SKIPPED [  5%]
tests/integration/repositories/test_repository_integration.py::TestVectorSearchIntegration::test_vector_search_with_metadata_filter SKIPPED [  5%]
tests/integration/repositories/test_repository_integration.py::TestVectorSearchIntegration::test_vector_search_identical_embedding SKIPPED [  5%]
tests/integration/repositories/test_repository_integration.py::TestRepositoryTransactions::test_transaction_commit SKIPPEDabase tests.) [  5%]
tests/integration/repositories/test_repository_integration.py::TestRepositoryTransactions::test_transaction_rollback SKIPPED [  5%]
tests/integration/repositories/test_repository_integration.py::TestRepositoryTransactions::test_multiple_operations_in_transaction SKIPPED [  5%]
tests/integration/repositories/test_repository_integration.py::TestRepositoryTransactions::test_transaction_context_manager SKIPPED [  5%]
tests/integration/repositories/test_repository_integration.py::TestRepositoryTransactions::test_transaction_rollback_on_error SKIPPED [  5%]
tests/integration/services/test_embedding_integration.py::test_openai_full_workflow SKIPPED [  5%]
tests/integration/services/test_embedding_integration.py::test_cohere_full_workflow SKIPPED [  5%]
tests/integration/services/test_embedding_integration.py::test_local_embedding_provider FAILED [  5%]
tests/integration/services/test_embedding_integration.py::test_large_batch_processing FAILED [  5%]
tests/integration/services/test_embedding_integration.py::test_concurrent_embedding_requests FAILED [  5%]
tests/integration/services/test_embedding_integration.py::test_cache_persistence_across_batches FAILED [  5%]
tests/integration/services/test_embedding_integration.py::test_error_handling FAILED [  5%]
tests/integration/services/test_embedding_integration.py::test_onnx_provider_compatibility FAILED [  6%]
tests/integration/services/test_fine_tuned_onnx_integration.py::TestFineTunedONNXIntegration::test_end_to_end_flow PASSED [  6%]
tests/integration/services/test_llm_integration.py::test_full_llm_workflow SKIPPED [  6%]
tests/integration/services/test_llm_integration.py::test_streaming_response SKIPPED [  6%]
tests/integration/services/test_llm_integration.py::test_local_ollama_provider SKIPPED [  6%]
tests/integration/services/test_llm_integration.py::test_prompt_template_with_real_llm SKIPPED [  6%]
tests/integration/services/test_llm_integration.py::test_openai_provider SKIPPED [  6%]
tests/integration/services/test_llm_integration.py::test_concurrent_llm_requests SKIPPED [  6%]
tests/integration/services/test_llm_integration.py::test_cost_tracking SKIPPED [  6%]
tests/integration/services/test_llm_integration.py::test_token_counting SKIPPED [  6%]
tests/integration/services/test_onnx_embeddings_integration.py::TestONNXEmbeddingsIntegration::test_embed_single_document SKIPPED
transformers/all-MiniLM-L6-v2'.
Error: 404 Client Error. (Request ID: Ro
ot=1-6939a3f5-0ce2f3f76d8575d87f6aa04c;1b9d9a1e-4598-4926-b685-
686116656c09)

Entry Not Found for url: https://huggingface.co/sentence-
transformers/all-MiniLM-L6-v2/resolve/main/model.onnx.

The model may
not have an ONNX version available.
You can convert it using:
  python
scripts/convert_model_to_onnx.py --model-name sentence-transformers/all-
MiniLM-L6-v2

See documentation for model conversion guide.)                           [  6%]
tests/integration/services/test_onnx_embeddings_integration.py::TestONNXEmbeddingsIntegration::test_embed_multiple_documents SKIPPED
transformers/all-MiniLM-L6-v2'.
Error: 404 Client Error. (Request ID: Ro
ot=1-6939a3f5-0ce2f3f76d8575d87f6aa04c;1b9d9a1e-4598-4926-b685-
686116656c09)

Entry Not Found for url: https://huggingface.co/sentence-
transformers/all-MiniLM-L6-v2/resolve/main/model.onnx.

The model may
not have an ONNX version available.
You can convert it using:
  python
scripts/convert_model_to_onnx.py --model-name sentence-transformers/all-
MiniLM-L6-v2

See documentation for model conversion guide.)                           [  6%]
tests/integration/services/test_onnx_embeddings_integration.py::TestONNXEmbeddingsIntegration::test_semantic_similarity SKIPPEDtransformers/all-
MiniLM-L6-v2'.
Error: 404 Client Error. (Request ID: Root=1-6939a3f5-
0ce2f3f76d8575d87f6aa04c;1b9d9a1e-4598-4926-b685-686116656c09)

Entry
Not Found for url: https://huggingface.co/sentence-transformers/all-
MiniLM-L6-v2/resolve/main/model.onnx.

The model may not have an ONNX
version available.
You can convert it using:
  python
scripts/convert_model_to_onnx.py --model-name sentence-transformers/all-
MiniLM-L6-v2

See documentation for model conversion guide.)                           [  6%]
tests/integration/services/test_onnx_embeddings_integration.py::TestONNXEmbeddingsIntegration::test_batch_consistency SKIPPEDtransformers/all-
MiniLM-L6-v2'.
Error: 404 Client Error. (Request ID: Root=1-6939a3f5-
0ce2f3f76d8575d87f6aa04c;1b9d9a1e-4598-4926-b685-686116656c09)

Entry
Not Found for url: https://huggingface.co/sentence-transformers/all-
MiniLM-L6-v2/resolve/main/model.onnx.

The model may not have an ONNX
version available.
You can convert it using:
  python
scripts/convert_model_to_onnx.py --model-name sentence-transformers/all-
MiniLM-L6-v2

See documentation for model conversion guide.)                           [  6%]
tests/integration/services/test_onnx_embeddings_integration.py::TestONNXEmbeddingsIntegration::test_empty_input SKIPPEDtransformers/all-
MiniLM-L6-v2'.
Error: 404 Client Error. (Request ID: Root=1-6939a3f5-
0ce2f3f76d8575d87f6aa04c;1b9d9a1e-4598-4926-b685-686116656c09)

Entry
Not Found for url: https://huggingface.co/sentence-transformers/all-
MiniLM-L6-v2/resolve/main/model.onnx.

The model may not have an ONNX
version available.
You can convert it using:
  python
scripts/convert_model_to_onnx.py --model-name sentence-transformers/all-
MiniLM-L6-v2

See documentation for model conversion guide.)                           [  6%]
tests/integration/services/test_onnx_embeddings_integration.py::TestONNXEmbeddingsIntegration::test_long_text_handling SKIPPEDtransformers/all-
MiniLM-L6-v2'.
Error: 404 Client Error. (Request ID: Root=1-6939a3f5-
0ce2f3f76d8575d87f6aa04c;1b9d9a1e-4598-4926-b685-686116656c09)

Entry
Not Found for url: https://huggingface.co/sentence-transformers/all-
MiniLM-L6-v2/resolve/main/model.onnx.

The model may not have an ONNX
version available.
You can convert it using:
  python
scripts/convert_model_to_onnx.py --model-name sentence-transformers/all-
MiniLM-L6-v2

See documentation for model conversion guide.)                           [  6%]
tests/integration/services/test_onnx_embeddings_integration.py::TestONNXEmbeddingsIntegration::test_special_characters SKIPPEDtransformers/all-
MiniLM-L6-v2'.
Error: 404 Client Error. (Request ID: Root=1-6939a3f5-
0ce2f3f76d8575d87f6aa04c;1b9d9a1e-4598-4926-b685-686116656c09)

Entry
Not Found for url: https://huggingface.co/sentence-transformers/all-
MiniLM-L6-v2/resolve/main/model.onnx.

The model may not have an ONNX
version available.
You can convert it using:
  python
scripts/convert_model_to_onnx.py --model-name sentence-transformers/all-
MiniLM-L6-v2

See documentation for model conversion guide.)                           [  6%]
tests/integration/services/test_onnx_embeddings_integration.py::TestONNXEmbeddingsIntegration::test_performance_target SKIPPEDtransformers/all-
MiniLM-L6-v2'.
Error: 404 Client Error. (Request ID: Root=1-6939a3f5-
0ce2f3f76d8575d87f6aa04c;1b9d9a1e-4598-4926-b685-686116656c09)

Entry
Not Found for url: https://huggingface.co/sentence-transformers/all-
MiniLM-L6-v2/resolve/main/model.onnx.

The model may not have an ONNX
version available.
You can convert it using:
  python
scripts/convert_model_to_onnx.py --model-name sentence-transformers/all-
MiniLM-L6-v2

See documentation for model conversion guide.)                           [  6%]
tests/integration/services/test_onnx_embeddings_integration.py::TestONNXEmbeddingsIntegration::test_provider_metadata SKIPPEDtransformers/all-
MiniLM-L6-v2'.
Error: 404 Client Error. (Request ID: Root=1-6939a3f5-
0ce2f3f76d8575d87f6aa04c;1b9d9a1e-4598-4926-b685-686116656c09)

Entry
Not Found for url: https://huggingface.co/sentence-transformers/all-
MiniLM-L6-v2/resolve/main/model.onnx.

The model may not have an ONNX
version available.
You can convert it using:
  python
scripts/convert_model_to_onnx.py --model-name sentence-transformers/all-
MiniLM-L6-v2

See documentation for model conversion guide.)                           [  7%]
tests/integration/services/test_onnx_embeddings_integration.py::TestONNXEmbeddingsIntegration::test_result_metadata SKIPPEDtransformers/all-
MiniLM-L6-v2'.
Error: 404 Client Error. (Request ID: Root=1-6939a3f5-
0ce2f3f76d8575d87f6aa04c;1b9d9a1e-4598-4926-b685-686116656c09)

Entry
Not Found for url: https://huggingface.co/sentence-transformers/all-
MiniLM-L6-v2/resolve/main/model.onnx.

The model may not have an ONNX
version available.
You can convert it using:
  python
scripts/convert_model_to_onnx.py --model-name sentence-transformers/all-
MiniLM-L6-v2

See documentation for model conversion guide.)                           [  7%]
tests/integration/services/test_service_implementations.py::TestONNXServices::test_onnx_embedding_service_implements_interface PASSED [  7%]
tests/integration/services/test_service_implementations.py::TestONNXServices::test_onnx_embedding_service_basic_functionality PASSED [  7%]
tests/integration/services/test_service_implementations.py::TestAPIServices::test_anthropic_llm_service_implements_interface PASSED [  7%]
tests/integration/services/test_service_implementations.py::TestAPIServices::test_anthropic_llm_service_basic_functionality PASSED [  7%]
tests/integration/services/test_service_implementations.py::TestAPIServices::test_openai_llm_service_implements_interface PASSED [  7%]
tests/integration/services/test_service_implementations.py::TestAPIServices::test_openai_embedding_service_implements_interface PASSED [  7%]
tests/integration/services/test_service_implementations.py::TestAPIServices::test_cohere_reranking_service_implements_interface PASSED [  7%]
tests/integration/services/test_service_implementations.py::TestAPIServices::test_cohere_reranking_service_basic_functionality PASSED [  7%]
tests/integration/services/test_service_implementations.py::TestDatabaseServices::test_neo4j_graph_service_implements_interface PASSED [  7%]
tests/integration/services/test_service_implementations.py::TestDatabaseServices::test_neo4j_graph_service_basic_functionality SKIPPED [  7%]
tests/integration/services/test_service_implementations.py::TestDatabaseServices::test_postgresql_database_service_implements_interface PASSED [  7%]
tests/integration/services/test_service_implementations.py::TestDatabaseServices::test_postgresql_database_service_basic_functionality FAILED [  7%]
tests/integration/services/test_service_implementations.py::TestLocalServices::test_cosine_reranking_service_implements_interface PASSED [  7%]
tests/integration/services/test_service_implementations.py::TestLocalServices::test_cosine_reranking_service_basic_functionality PASSED [  7%]
tests/integration/services/test_service_implementations.py::TestInterfaceCompliance::test_all_llm_services_implement_interface PASSED [  7%]
tests/integration/services/test_service_implementations.py::TestInterfaceCompliance::test_all_embedding_services_implement_interface PASSED [  7%]
tests/integration/services/test_service_implementations.py::TestInterfaceCompliance::test_all_reranking_services_implement_interface PASSED [  8%]
tests/integration/services/test_service_implementations.py::TestInterfaceCompliance::test_all_graph_services_implement_interface PASSED [  8%]
tests/integration/services/test_service_implementations.py::TestInterfaceCompliance::test_all_database_services_implement_interface PASSED [  8%]
tests/integration/services/test_service_integration.py::test_rag_workflow ERROR [  8%]
tests/integration/services/test_service_integration.py::test_embedding_database_consistency FAILED [  8%]
tests/integration/strategies/test_base_integration.py::test_strategy_full_lifecycle FAILED [  8%]
tests/integration/strategies/test_base_integration.py::test_multiple_strategies_implement_interface FAILED [  8%]
tests/integration/strategies/test_base_integration.py::test_async_retrieve_works FAILED [  8%]
tests/integration/strategies/test_base_integration.py::test_strategy_error_handling FAILED [  8%]
tests/integration/strategies/test_base_integration.py::test_strategy_configuration_override FAILED [  8%]
tests/integration/strategies/test_chunking_integration.py::test_structural_chunking_markdown_document PASSED [  8%]
tests/integration/strategies/test_chunking_integration.py::test_structural_chunking_plain_text PASSED [  8%]
tests/integration/strategies/test_chunking_integration.py::test_structural_chunking_code_blocks PASSED [  8%]
tests/integration/strategies/test_chunking_integration.py::test_fixed_size_chunking_consistency PASSED [  8%]
tests/integration/strategies/test_chunking_integration.py::test_compare_chunking_strategies PASSED [  8%]
tests/integration/strategies/test_chunking_integration.py::test_chunking_empty_document PASSED [  8%]
tests/integration/strategies/test_chunking_integration.py::test_chunking_very_long_document PASSED [  8%]
tests/integration/strategies/test_chunking_integration.py::test_chunking_with_special_characters PASSED [  8%]
tests/integration/strategies/test_chunking_integration.py::test_batch_document_processing PASSED [  9%]
tests/integration/strategies/test_chunking_integration.py::test_chunk_metadata_completeness PASSED [  9%]
tests/integration/strategies/test_chunking_integration.py::test_chunk_validation PASSED [  9%]
tests/integration/strategies/test_chunking_integration.py::test_get_stats_functionality PASSED [  9%]
tests/integration/strategies/test_contextual_integration.py::test_contextual_retrieval_complete_workflow FAILED [  9%]
tests/integration/strategies/test_contextual_integration.py::test_cost_tracking_accuracy FAILED [  9%]
tests/integration/strategies/test_contextual_integration.py::test_retrieval_with_different_formats FAILED [  9%]
tests/integration/strategies/test_contextual_integration.py::test_error_recovery FAILED [  9%]
tests/integration/strategies/test_contextual_integration.py::test_synchronous_indexing FAILED [  9%]
tests/integration/strategies/test_contextual_integration.py::test_large_document_processing FAILED [  9%]
tests/integration/strategies/test_hierarchical_indexing.py::TestHierarchicalIndexing::test_produces_capabilities PASSED [  9%]
tests/integration/strategies/test_hierarchical_indexing.py::TestHierarchicalIndexing::test_requires_services PASSED [  9%]
tests/integration/strategies/test_hierarchical_indexing.py::TestHierarchicalIndexing::test_process_basic_document PASSED [  9%]
tests/integration/strategies/test_hierarchical_indexing.py::TestHierarchicalIndexing::test_process_document_with_headings PASSED [  9%]
tests/integration/strategies/test_hierarchical_indexing.py::TestHierarchicalIndexing::test_hierarchy_metadata PASSED [  9%]
tests/integration/strategies/test_hierarchical_indexing.py::TestHierarchicalIndexing::test_max_depth_configuration PASSED [  9%]
tests/integration/strategies/test_hierarchical_indexing.py::TestHierarchicalIndexing::test_empty_document PASSED [  9%]
tests/integration/strategies/test_hierarchical_indexing.py::TestHierarchicalIndexing::test_multiple_documents PASSED [  9%]
tests/integration/strategies/test_hierarchical_indexing.py::TestHierarchicalIndexing::test_path_tracking PASSED [ 10%]
tests/integration/strategies/test_hierarchical_indexing.py::TestHierarchicalIndexing::test_split_by_headings_markdown PASSED [ 10%]
tests/integration/strategies/test_hierarchical_indexing.py::TestHierarchicalIndexing::test_split_by_headings_no_headings PASSED [ 10%]
tests/integration/strategies/test_hierarchical_indexing.py::TestHierarchicalIndexing::test_split_by_paragraphs PASSED [ 10%]
tests/integration/strategies/test_hierarchical_indexing.py::TestHierarchicalIndexing::test_split_by_paragraphs_single PASSED [ 10%]
tests/integration/strategies/test_hierarchical_indexing.py::TestHierarchicalIndexing::test_document_metadata_preserved PASSED [ 10%]
tests/integration/strategies/test_hierarchical_integration.py::TestHierarchicalIntegration::test_end_to_end_workflow FAILED [ 10%]
tests/integration/strategies/test_hierarchical_integration.py::TestHierarchicalIntegration::test_expansion_strategy_comparison FAILED [ 10%]
tests/integration/strategies/test_hierarchical_integration.py::TestHierarchicalIntegration::test_hierarchy_validation FAILED [ 10%]
tests/integration/strategies/test_hierarchical_integration.py::TestHierarchicalIntegration::test_multiple_documents FAILED [ 10%]
tests/integration/strategies/test_in_memory_indexing.py::test_capabilities PASSED [ 10%]
tests/integration/strategies/test_in_memory_indexing.py::test_dependencies PASSED [ 10%]
tests/integration/strategies/test_in_memory_indexing.py::test_process_success PASSED [ 10%]
tests/integration/strategies/test_in_memory_indexing.py::test_storage_operations PASSED [ 10%]
tests/integration/strategies/test_in_memory_indexing.py::test_clear_storage PASSED [ 10%]
tests/integration/strategies/test_in_memory_indexing.py::test_get_chunk PASSED [ 10%]
tests/integration/strategies/test_in_memory_indexing.py::test_multiple_documents PASSED [ 10%]
tests/integration/strategies/test_in_memory_indexing.py::test_empty_documents PASSED [ 10%]
tests/integration/strategies/test_in_memory_indexing.py::test_custom_chunk_size PASSED [ 11%]
tests/integration/strategies/test_in_memory_indexing.py::test_chunk_metadata_preservation PASSED [ 11%]
tests/integration/strategies/test_in_memory_indexing.py::test_shared_storage_across_instances PASSED [ 11%]
tests/integration/strategies/test_in_memory_indexing.py::test_document_without_id PASSED [ 11%]
tests/integration/strategies/test_keyword_indexing.py::test_capabilities ERROR [ 11%]
tests/integration/strategies/test_keyword_indexing.py::test_dependencies ERROR [ 11%]
tests/integration/strategies/test_keyword_indexing.py::test_process_success ERROR [ 11%]
tests/integration/strategies/test_keyword_indexing.py::test_process_no_chunks ERROR [ 11%]
tests/integration/strategies/test_keyword_indexing.py::test_process_empty_text ERROR [ 11%]
tests/integration/strategies/test_keyword_indexing.py::test_process_stop_words_only ERROR [ 11%]
tests/integration/strategies/test_knowledge_graph_integration.py::test_knowledge_graph_workflow FAILED [ 11%]
tests/integration/strategies/test_knowledge_graph_integration.py::test_hybrid_retrieval FAILED [ 11%]
tests/integration/strategies/test_knowledge_graph_integration.py::test_relationship_queries FAILED [ 11%]
tests/integration/strategies/test_knowledge_graph_integration.py::test_graph_statistics FAILED [ 11%]
tests/integration/strategies/test_late_chunking_integration.py::test_late_chunking_workflow FAILED [ 11%]
tests/integration/strategies/test_late_chunking_integration.py::test_fixed_size_chunking_integration FAILED [ 11%]
tests/integration/strategies/test_late_chunking_integration.py::test_adaptive_chunking_integration FAILED [ 11%]
tests/integration/strategies/test_late_chunking_integration.py::test_multiple_documents FAILED [ 11%]
tests/integration/strategies/test_late_chunking_integration.py::test_strategy_properties FAILED [ 12%]
tests/integration/strategies/test_late_chunking_integration.py::test_coherence_scores_computed FAILED [ 12%]
tests/integration/strategies/test_late_chunking_integration.py::test_short_document FAILED [ 12%]
tests/integration/strategies/test_late_chunking_integration.py::test_chunk_embeddings_valid FAILED [ 12%]
tests/integration/strategies/test_late_chunking_integration.py::test_embedding_quality FAILED [ 12%]
tests/integration/strategies/test_multi_query_integration.py::TestMultiQueryIntegration::test_multi_query_complete_workflow FAILED [ 12%]
tests/integration/strategies/test_multi_query_integration.py::TestMultiQueryIntegration::test_multi_query_async_workflow FAILED [ 12%]
tests/integration/strategies/test_multi_query_integration.py::TestMultiQueryIntegration::test_variant_diversity FAILED [ 12%]
tests/integration/strategies/test_multi_query_integration.py::TestMultiQueryIntegration::test_performance_requirements FAILED [ 12%]
tests/integration/strategies/test_multi_query_integration.py::TestMultiQueryIntegration::test_fallback_on_failure FAILED [ 12%]
tests/integration/strategies/test_multi_query_integration.py::TestMultiQueryIntegration::test_ranking_strategy_comparison FAILED [ 12%]
tests/integration/strategies/test_multi_query_integration.py::TestMultiQueryIntegration::test_deduplication_across_variants FAILED [ 12%]
tests/integration/strategies/test_multi_query_integration.py::TestMultiQueryIntegration::test_strategy_properties FAILED [ 12%]
tests/integration/strategies/test_multi_query_integration.py::TestMultiQueryRealLLM::test_with_real_llm SKIPPED [ 12%]
tests/integration/strategies/test_query_expansion_integration.py::TestQueryExpansionIntegration::test_keyword_expansion_real_llm SKIPPED [ 12%]
tests/integration/strategies/test_query_expansion_integration.py::TestQueryExpansionIntegration::test_query_reformulation SKIPPED [ 12%]
tests/integration/strategies/test_query_expansion_integration.py::TestQueryExpansionIntegration::test_question_generation SKIPPED [ 12%]
tests/integration/strategies/test_query_expansion_integration.py::TestQueryExpansionIntegration::test_hyde_expansion SKIPPED [ 12%]
tests/integration/strategies/test_query_expansion_integration.py::TestQueryExpansionIntegration::test_multi_query_generation SKIPPED [ 13%]
tests/integration/strategies/test_query_expansion_integration.py::TestQueryExpansionIntegration::test_expansion_performance SKIPPED [ 13%]
tests/integration/strategies/test_query_expansion_integration.py::TestQueryExpansionIntegration::test_cache_functionality SKIPPED [ 13%]
tests/integration/strategies/test_query_expansion_integration.py::TestQueryExpansionIntegration::test_ab_testing_functionality SKIPPED [ 13%]
tests/integration/strategies/test_query_expansion_integration.py::TestQueryExpansionIntegration::test_domain_context SKIPPED [ 13%]
tests/integration/strategies/test_query_expansion_integration.py::TestQueryExpansionIntegration::test_error_handling_fallback SKIPPED [ 13%]
tests/integration/strategies/test_query_expansion_integration.py::TestQueryExpansionIntegration::test_stats_tracking SKIPPED [ 13%]
tests/integration/strategies/test_reranking_integration.py::TestMockRerankerIntegration::test_end_to_end_reranking PASSED [ 13%]
tests/integration/strategies/test_reranking_integration.py::TestMockRerankerIntegration::test_performance_with_many_candidates PASSED [ 13%]
tests/integration/strategies/test_reranking_integration.py::TestMockRerankerIntegration::test_cache_effectiveness PASSED [ 13%]
tests/integration/strategies/test_reranking_integration.py::TestMockRerankerIntegration::test_score_threshold_filtering PASSED [ 13%]
tests/integration/strategies/test_reranking_integration.py::TestMockRerankerIntegration::test_ranking_position_tracking PASSED [ 13%]
tests/integration/strategies/test_reranking_integration.py::TestMockRerankerIntegration::test_fallback_preserves_order PASSED [ 13%]
tests/integration/strategies/test_reranking_integration.py::TestMockRerankerIntegration::test_batch_processing PASSED [ 13%]
tests/integration/strategies/test_reranking_integration.py::TestMockRerankerIntegration::test_statistics_accumulation PASSED [ 13%]
tests/integration/strategies/test_reranking_integration.py::TestRealCrossEncoderIntegration::test_real_model_reranking SKIPPED [ 13%]
tests/integration/strategies/test_self_reflective_integration.py::TestSelfReflectiveIntegration::test_end_to_end_workflow PASSED [ 13%]
tests/integration/strategies/test_self_reflective_integration.py::TestSelfReflectiveIntegration::test_retry_with_poor_results PASSED [ 13%]
tests/integration/strategies/test_self_reflective_integration.py::TestSelfReflectiveIntegration::test_performance_within_limits PASSED [ 14%]
tests/integration/strategies/test_self_reflective_integration.py::TestSelfReflectiveRealLLM::test_with_real_llm SKIPPED [ 14%]
tests/integration/strategies/test_vector_embedding_indexing.py::TestVectorEmbeddingIndexing::test_capabilities_and_dependencies PASSED [ 14%]
tests/integration/strategies/test_vector_embedding_indexing.py::TestVectorEmbeddingIndexing::test_process_success PASSED [ 14%]
tests/integration/strategies/test_vector_embedding_indexing.py::TestVectorEmbeddingIndexing::test_process_batching PASSED [ 14%]
tests/integration/strategies/test_vector_embedding_indexing.py::TestVectorEmbeddingIndexing::test_no_chunks_error PASSED [ 14%]
tests/integration/strategies/test_vector_embedding_indexing.py::TestVectorEmbeddingIndexing::test_service_error PASSED [ 14%]
tests/integration/test_config_integration.py::test_load_validate_use_config PASSED [ 14%]
tests/integration/test_config_integration.py::test_multi_environment_configuration PASSED [ 14%]
tests/integration/test_config_integration.py::test_config_with_factory FAILED [ 14%]
tests/integration/test_config_integration.py::test_config_with_pipeline FAILED [ 14%]
tests/integration/test_config_integration.py::test_complete_real_world_scenario PASSED [ 14%]
tests/integration/test_config_integration.py::test_config_export_and_reimport PASSED [ 14%]
tests/integration/test_config_integration.py::test_json_configuration_integration PASSED [ 14%]
tests/integration/test_config_integration.py::test_deeply_nested_configuration_access PASSED [ 14%]
tests/integration/test_factory_consistency.py::TestFactoryConsistencyIntegration::test_consistent_indexing_strategy_no_warnings PASSED [ 14%]
tests/integration/test_factory_consistency.py::TestFactoryConsistencyIntegration::test_inconsistent_indexing_strategy_logs_warnings PASSED [ 14%]
tests/integration/test_factory_consistency.py::TestFactoryConsistencyIntegration::test_consistent_retrieval_strategy_no_warnings PASSED [ 14%]
tests/integration/test_factory_consistency.py::TestFactoryConsistencyIntegration::test_inconsistent_retrieval_strategy_logs_warnings PASSED [ 15%]
tests/integration/test_factory_consistency.py::TestFactoryConsistencyIntegration::test_legacy_strategy_without_capability_methods PASSED [ 15%]
tests/integration/test_factory_consistency.py::TestFactoryConsistencyIntegration::test_warning_messages_include_strategy_name PASSED [ 15%]
tests/integration/test_factory_consistency.py::TestFactoryConsistencyIntegration::test_warning_messages_include_emoji PASSED [ 15%]
tests/integration/test_factory_consistency.py::TestFactoryConsistencyIntegration::test_override_dependencies_checked PASSED [ 15%]
tests/integration/test_factory_integration.py::test_register_create_use_strategy FAILED [ 15%]
tests/integration/test_factory_integration.py::test_create_multiple_different_strategies FAILED [ 15%]
tests/integration/test_factory_integration.py::test_create_multiple_instances_of_same_strategy FAILED [ 15%]
tests/integration/test_factory_integration.py::test_dependency_injection PASSED [ 15%]
tests/integration/test_factory_integration.py::test_config_file_with_yaml FAILED [ 15%]
tests/integration/test_factory_integration.py::test_config_file_with_json FAILED [ 15%]
tests/integration/test_factory_integration.py::test_factory_error_recovery FAILED [ 15%]
tests/integration/test_factory_integration.py::test_factory_state_after_failed_creation FAILED [ 15%]
tests/integration/test_factory_integration.py::test_decorator_integration FAILED [ 15%]
tests/integration/test_factory_integration.py::test_full_rag_workflow FAILED [ 15%]
tests/integration/test_factory_integration.py::test_async_retrieve_integration FAILED [ 15%]
tests/integration/test_package_integration.py::TestPackageInstallation::test_package_installable FAILED [ 15%]
tests/integration/test_package_integration.py::TestSmokeTest::test_basic_usage_smoke_test PASSED [ 15%]
tests/integration/test_package_integration.py::TestFullWorkflow::test_full_workflow_with_installed_package FAILED [ 16%]
tests/integration/test_package_integration.py::TestBuildAndDistribution::test_package_can_be_built SKIPPED [ 16%]
tests/integration/test_pipeline_integration.py::test_three_strategy_pipeline FAILED [ 16%]
tests/integration/test_pipeline_integration.py::test_parallel_faster_than_sequential FAILED [ 16%]
tests/integration/test_pipeline_integration.py::test_pipeline_continues_after_non_critical_failure FAILED [ 16%]
tests/integration/test_pipeline_integration.py::test_load_pipeline_from_yaml FAILED [ 16%]
tests/integration/test_pipeline_integration.py::test_async_sequential_execution FAILED [ 16%]
tests/integration/test_pipeline_integration.py::test_async_fallback_execution FAILED [ 16%]
tests/integration/test_pipeline_integration.py::test_parallel_execution_with_failures FAILED [ 16%]
tests/integration/test_tokenization_integration.py::TestTokenizationIntegration::test_openai_token_count_accuracy PASSED [ 16%]
tests/integration/test_tokenization_integration.py::TestTokenizationIntegration::test_different_encodings PASSED [ 16%]
tests/integration/test_tokenization_integration.py::TestTokenizationIntegration::test_long_text_handling PASSED [ 16%]
tests/integration/test_tokenization_integration.py::TestTokenizationIntegration::test_special_characters PASSED [ 16%]
tests/integration/test_tokenization_integration.py::TestTokenizationIntegration::test_multilingual_text PASSED [ 16%]
tests/integration/test_tokenization_integration.py::TestTokenizationIntegration::test_mixed_content PASSED [ 16%]
tests/integration/test_tokenization_integration.py::TestTokenizationIntegration::test_truncation_accuracy PASSED [ 16%]
tests/integration/test_tokenization_integration.py::TestTokenizationIntegration::test_splitting_accuracy PASSED [ 16%]
tests/integration/test_tokenization_integration.py::TestTokenizationIntegration::test_overlap_behavior PASSED [ 16%]
tests/integration/test_tokenization_integration.py::TestTokenizationIntegration::test_empty_and_whitespace PASSED [ 17%]
tests/integration/test_tokenization_integration.py::TestTokenizationIntegration::test_very_long_single_word PASSED [ 17%]
tests/integration/test_tokenization_integration.py::TestTokenizationIntegration::test_consistency_across_calls PASSED [ 17%]
tests/integration/test_tokenization_integration.py::TestTokenizationIntegration::test_different_models PASSED [ 17%]
tests/integration/test_tokenization_integration.py::TestPerformance::test_tokenization_speed PASSED [ 17%]
tests/integration/test_tokenization_integration.py::TestPerformance::test_token_counting_speed PASSED [ 17%]
tests/integration/test_tokenization_integration.py::TestPerformance::test_batch_tokenization_performance PASSED [ 17%]
tests/unit/cli/test_benchmark_command.py::TestBenchmarkCommand::test_benchmark_default_strategies PASSED [ 17%]
tests/unit/cli/test_benchmark_command.py::TestBenchmarkCommand::test_benchmark_specific_strategies PASSED [ 17%]
tests/unit/cli/test_benchmark_command.py::TestBenchmarkCommand::test_benchmark_export_results PASSED [ 17%]
tests/unit/cli/test_benchmark_command.py::TestBenchmarkCommand::test_benchmark_missing_dataset PASSED [ 17%]
tests/unit/cli/test_benchmark_command.py::TestBenchmarkCommand::test_benchmark_missing_index PASSED [ 17%]
tests/unit/cli/test_check_consistency_command.py::TestCheckConsistencyCommand::test_command_help PASSED [ 17%]
tests/unit/cli/test_check_consistency_command.py::TestCheckConsistencyCommand::test_all_strategies_consistent PASSED [ 17%]
tests/unit/cli/test_check_consistency_command.py::TestCheckConsistencyCommand::test_strategies_with_warnings PASSED [ 17%]
tests/unit/cli/test_check_consistency_command.py::TestCheckConsistencyCommand::test_type_filter_indexing PASSED [ 17%]
tests/unit/cli/test_check_consistency_command.py::TestCheckConsistencyCommand::test_type_filter_retrieval PASSED [ 17%]
tests/unit/cli/test_check_consistency_command.py::TestCheckConsistencyCommand::test_invalid_type_filter PASSED [ 17%]
tests/unit/cli/test_check_consistency_command.py::TestCheckConsistencyCommand::test_strategy_filter PASSED [ 18%]
tests/unit/cli/test_check_consistency_command.py::TestCheckConsistencyCommand::test_verbose_mode PASSED [ 18%]
tests/unit/cli/test_check_consistency_command.py::TestCheckConsistencyCommand::test_config_file_loading FAILED [ 18%]
tests/unit/cli/test_check_consistency_command.py::TestCheckConsistencyCommand::test_system_error_returns_exit_code_1 PASSED [ 18%]
tests/unit/cli/test_check_consistency_command.py::TestCheckConsistencyCommand::test_strategies_with_errors PASSED [ 18%]
tests/unit/cli/test_config_validation_command.py::TestConfigValidationCommand::test_validate_valid_config PASSED [ 18%]
tests/unit/cli/test_config_validation_command.py::TestConfigValidationCommand::test_validate_invalid_config_missing_field PASSED [ 18%]
tests/unit/cli/test_config_validation_command.py::TestConfigValidationCommand::test_validate_invalid_config_values PASSED [ 18%]
tests/unit/cli/test_config_validation_command.py::TestConfigValidationCommand::test_validate_config_warnings PASSED [ 18%]
tests/unit/cli/test_config_validation_command.py::TestConfigValidationCommand::test_validate_config_strict_mode PASSED [ 18%]
tests/unit/cli/test_config_validation_command.py::TestConfigValidationCommand::test_validate_show_config PASSED [ 18%]
tests/unit/cli/test_consistency_formatter.py::TestConsistencyFormatter::test_format_empty_results PASSED [ 18%]
tests/unit/cli/test_consistency_formatter.py::TestConsistencyFormatter::test_format_consistent_strategies PASSED [ 18%]
tests/unit/cli/test_consistency_formatter.py::TestConsistencyFormatter::test_format_strategies_with_warnings PASSED [ 18%]
tests/unit/cli/test_consistency_formatter.py::TestConsistencyFormatter::test_format_strategies_with_errors PASSED [ 18%]
tests/unit/cli/test_consistency_formatter.py::TestConsistencyFormatter::test_grouping_by_type PASSED [ 18%]
tests/unit/cli/test_consistency_formatter.py::TestConsistencyFormatter::test_verbose_mode PASSED [ 18%]
tests/unit/cli/test_consistency_formatter.py::TestConsistencyFormatter::test_display_strategy_group PASSED [ 18%]
tests/unit/cli/test_consistency_formatter.py::TestConsistencyFormatter::test_display_summary PASSED [ 19%]
tests/unit/cli/test_consistency_formatter.py::TestConsistencyFormatter::test_warning_note_displayed PASSED [ 19%]
tests/unit/cli/test_consistency_formatter.py::TestConsistencyFormatter::test_multiple_warnings_per_strategy PASSED [ 19%]
tests/unit/cli/test_formatters.py::TestOutputFormatters::test_format_success PASSED [ 19%]
tests/unit/cli/test_formatters.py::TestOutputFormatters::test_format_success_with_title PASSED [ 19%]
tests/unit/cli/test_formatters.py::TestOutputFormatters::test_format_error PASSED [ 19%]
tests/unit/cli/test_formatters.py::TestOutputFormatters::test_format_warning PASSED [ 19%]
tests/unit/cli/test_formatters.py::TestQueryResultsFormatter::test_format_query_results_basic PASSED [ 19%]
tests/unit/cli/test_formatters.py::TestQueryResultsFormatter::test_format_query_results_with_strategy PASSED [ 19%]
tests/unit/cli/test_formatters.py::TestQueryResultsFormatter::test_format_empty_results PASSED [ 19%]
tests/unit/cli/test_formatters.py::TestQueryResultsFormatter::test_format_results_with_long_text PASSED [ 19%]
tests/unit/cli/test_formatters.py::TestStrategyListFormatter::test_format_strategy_list_basic PASSED [ 19%]
tests/unit/cli/test_formatters.py::TestStrategyListFormatter::test_format_strategy_list_with_filter PASSED [ 19%]
tests/unit/cli/test_formatters.py::TestStrategyListFormatter::test_format_empty_strategy_list PASSED [ 19%]
tests/unit/cli/test_formatters.py::TestStrategyListFormatter::test_format_strategy_list_grouped_by_type PASSED [ 19%]
tests/unit/cli/test_formatters.py::TestBenchmarkResultsFormatter::test_format_benchmark_results_basic PASSED [ 19%]
tests/unit/cli/test_formatters.py::TestBenchmarkResultsFormatter::test_format_single_strategy_benchmark PASSED [ 19%]
tests/unit/cli/test_formatters.py::TestBenchmarkResultsFormatter::test_format_empty_benchmark_results PASSED [ 19%]
tests/unit/cli/test_formatters.py::TestStatisticsFormatter::test_format_statistics_basic PASSED [ 20%]
tests/unit/cli/test_formatters.py::TestStatisticsFormatter::test_format_statistics_with_floats PASSED [ 20%]
tests/unit/cli/test_formatters.py::TestStatisticsFormatter::test_format_empty_statistics PASSED [ 20%]
tests/unit/cli/test_formatters.py::TestStatisticsFormatter::test_format_statistics_key_transformation PASSED [ 20%]
tests/unit/cli/test_index_command.py::TestIndexCommand::test_index_success PASSED [ 20%]
tests/unit/cli/test_index_command.py::TestIndexCommand::test_index_with_invalid_path PASSED [ 20%]
tests/unit/cli/test_index_command.py::TestIndexCommand::test_index_no_documents_found PASSED [ 20%]
tests/unit/cli/test_index_command.py::TestIndexCommand::test_index_with_config PASSED [ 20%]
tests/unit/cli/test_index_command.py::TestIndexCommand::test_index_output_directory PASSED [ 20%]
tests/unit/cli/test_list_strategies_command.py::TestListStrategiesCommand::test_list_all_strategies PASSED [ 20%]
tests/unit/cli/test_list_strategies_command.py::TestListStrategiesCommand::test_list_strategies_empty PASSED [ 20%]
tests/unit/cli/test_list_strategies_command.py::TestListStrategiesCommand::test_filter_strategies_by_type PASSED [ 20%]
tests/unit/cli/test_list_strategies_command.py::TestListStrategiesCommand::test_filter_strategies_no_match PASSED [ 20%]
tests/unit/cli/test_list_strategies_command.py::TestListStrategiesCommand::test_list_strategies_verbose PASSED [ 20%]
tests/unit/cli/test_query_command.py::TestQueryCommand::test_query_success PASSED [ 20%]
tests/unit/cli/test_query_command.py::TestQueryCommand::test_query_index_not_found PASSED [ 20%]
tests/unit/cli/test_query_command.py::TestQueryCommand::test_query_with_config PASSED [ 20%]
tests/unit/cli/test_query_command.py::TestQueryCommand::test_query_multiple_strategies PASSED [ 20%]
tests/unit/cli/test_query_command.py::TestQueryCommand::test_query_no_results PASSED [ 21%]
tests/unit/cli/test_repl_command.py::TestREPLCommand::test_repl_start PASSED [ 21%]
tests/unit/cli/test_repl_command.py::TestREPLCommand::test_repl_with_config PASSED [ 21%]
tests/unit/cli/test_repl_command.py::TestREPLSession::test_repl_session_init FAILED [ 21%]
tests/unit/cli/test_repl_command.py::TestREPLSession::test_repl_set_command PASSED [ 21%]
tests/unit/cli/test_validate_pipeline_command.py::TestValidatePipelineCommand::test_command_help PASSED [ 21%]
tests/unit/cli/test_validate_pipeline_command.py::TestValidatePipelineCommand::test_missing_indexing_argument PASSED [ 21%]
tests/unit/cli/test_validate_pipeline_command.py::TestValidatePipelineCommand::test_missing_retrieval_argument PASSED [ 21%]
tests/unit/cli/test_validate_pipeline_command.py::TestValidatePipelineCommand::test_valid_pipeline_returns_zero PASSED [ 21%]
tests/unit/cli/test_validate_pipeline_command.py::TestValidatePipelineCommand::test_invalid_pipeline_returns_nonzero PASSED [ 21%]
tests/unit/cli/test_validate_pipeline_command.py::TestValidatePipelineCommand::test_invalid_strategy_name_error PASSED [ 21%]
tests/unit/cli/test_validate_pipeline_command.py::TestValidatePipelineCommand::test_parse_multiple_strategies PASSED [ 21%]
tests/unit/cli/test_validate_pipeline_command.py::TestValidatePipelineCommand::test_config_file_loading PASSED [ 21%]
tests/unit/cli/test_validation.py::TestValidatePathExists::test_validate_existing_file PASSED [ 21%]
tests/unit/cli/test_validation.py::TestValidatePathExists::test_validate_existing_directory PASSED [ 21%]
tests/unit/cli/test_validation.py::TestValidatePathExists::test_validate_nonexistent_path PASSED [ 21%]
tests/unit/cli/test_validation.py::TestValidatePathExists::test_validate_file_when_directory PASSED [ 21%]
tests/unit/cli/test_validation.py::TestValidatePathExists::test_validate_directory_when_file PASSED [ 21%]
tests/unit/cli/test_validation.py::TestValidateConfigFile::test_validate_yaml_config PASSED [ 22%]
tests/unit/cli/test_validation.py::TestValidateConfigFile::test_validate_json_config PASSED [ 22%]
tests/unit/cli/test_validation.py::TestValidateConfigFile::test_validate_invalid_yaml PASSED [ 22%]
tests/unit/cli/test_validation.py::TestValidateConfigFile::test_validate_invalid_json PASSED [ 22%]
tests/unit/cli/test_validation.py::TestValidateConfigFile::test_validate_unsupported_format PASSED [ 22%]
tests/unit/cli/test_validation.py::TestValidateConfigFile::test_validate_nonexistent_file PASSED [ 22%]
tests/unit/cli/test_validation.py::TestValidateConfigFile::test_validate_non_dict_config PASSED [ 22%]
tests/unit/cli/test_validation.py::TestParseStrategyList::test_parse_single_strategy PASSED [ 22%]
tests/unit/cli/test_validation.py::TestParseStrategyList::test_parse_multiple_strategies PASSED [ 22%]
tests/unit/cli/test_validation.py::TestParseStrategyList::test_parse_strategies_with_spaces PASSED [ 22%]
tests/unit/cli/test_validation.py::TestParseStrategyList::test_parse_empty_string PASSED [ 22%]
tests/unit/cli/test_validation.py::TestParseStrategyList::test_parse_only_commas PASSED [ 22%]
tests/unit/cli/test_validation_formatter.py::TestDisplayCapabilities::test_display_capabilities_with_capabilities PASSED [ 22%]
tests/unit/cli/test_validation_formatter.py::TestDisplayCapabilities::test_display_capabilities_empty PASSED [ 22%]
tests/unit/cli/test_validation_formatter.py::TestDisplayRequirements::test_display_requirements_all_met PASSED [ 22%]
tests/unit/cli/test_validation_formatter.py::TestDisplayRequirements::test_display_requirements_unmet PASSED [ 22%]
tests/unit/cli/test_validation_formatter.py::TestDisplayRequirements::test_display_requirements_empty PASSED [ 22%]
tests/unit/cli/test_validation_formatter.py::TestDisplayServiceRequirements::test_display_service_requirements_all_available PASSED [ 22%]
tests/unit/cli/test_validation_formatter.py::TestDisplayServiceRequirements::test_display_service_requirements_missing PASSED [ 23%]
tests/unit/cli/test_validation_formatter.py::TestDisplayServiceRequirements::test_display_service_requirements_empty PASSED [ 23%]
tests/unit/cli/test_validation_formatter.py::TestDisplayValidationStatus::test_display_valid_status PASSED [ 23%]
tests/unit/cli/test_validation_formatter.py::TestDisplayValidationStatus::test_display_invalid_status_missing_capabilities PASSED [ 23%]
tests/unit/cli/test_validation_formatter.py::TestDisplayValidationStatus::test_display_invalid_status_missing_services PASSED [ 23%]
tests/unit/cli/test_validation_formatter.py::TestDisplaySuggestions::test_display_suggestions PASSED [ 23%]
tests/unit/cli/test_validation_formatter.py::TestFormatValidationResults::test_format_valid_pipeline PASSED [ 23%]
tests/unit/cli/test_validation_formatter.py::TestFormatValidationResults::test_format_invalid_pipeline_with_suggestions PASSED [ 23%]
tests/unit/config/test_env_validator.py::TestEnvironmentValidator::test_validate_production_success PASSED [ 23%]
tests/unit/config/test_env_validator.py::TestEnvironmentValidator::test_validate_development_success PASSED [ 23%]
tests/unit/config/test_env_validator.py::TestEnvironmentValidator::test_validate_test_success PASSED [ 23%]
tests/unit/config/test_env_validator.py::TestEnvironmentValidator::test_validate_production_missing PASSED [ 23%]
tests/unit/config/test_env_validator.py::TestEnvironmentValidator::test_validate_test_missing PASSED [ 23%]
tests/unit/config/test_env_validator.py::TestEnvironmentValidator::test_validate_test_with_deprecated_var PASSED [ 23%]
tests/unit/config/test_env_validator.py::TestEnvironmentValidator::test_deprecated_warning PASSED [ 23%]
tests/unit/config/test_env_validator.py::TestEnvironmentValidator::test_no_deprecated_warning_when_not_set PASSED [ 23%]
tests/unit/config/test_env_validator.py::TestEnvironmentValidator::test_get_database_url_main PASSED [ 23%]
tests/unit/config/test_env_validator.py::TestEnvironmentValidator::test_get_database_url_test_new_name PASSED [ 23%]
tests/unit/config/test_env_validator.py::TestEnvironmentValidator::test_get_database_url_backward_compatible PASSED [ 24%]
tests/unit/config/test_env_validator.py::TestEnvironmentValidator::test_get_database_url_prefers_new_name PASSED [ 24%]
tests/unit/config/test_env_validator.py::TestEnvironmentValidator::test_get_database_url_returns_none_when_not_set PASSED [ 24%]
tests/unit/config/test_env_validator.py::TestEnvironmentValidator::test_get_database_url_test_returns_none_when_not_set PASSED [ 24%]
tests/unit/config/test_env_validator.py::TestEnvironmentValidator::test_get_all_database_vars PASSED [ 24%]
[...]
    strategy = LateChunkingRAGStrategy(test_vector_store, config)
               ^^^^^^^^^^^^^^^^^^^^^^^^^^^^^^^^^^^^^^^^^^^^^^^^^^
rag_factory/strategies/late_chunking/strategy.py:52: in __init__
    self.document_embedder = DocumentEmbedder(self.late_config)
                             ^^^^^^^^^^^^^^^^^^^^^^^^^^^^^^^^^^
rag_factory/strategies/late_chunking/document_embedder.py:38: in __init__
    self.model_path = download_onnx_model(config.model_name)
                      ^^^^^^^^^^^^^^^^^^^^^^^^^^^^^^^^^^^^^^
rag_factory/services/utils/onnx_utils.py:100: in download_onnx_model
    raise ValueError(
E   ValueError: Could not download ONNX model 'sentence-transformers/all-MiniLM-L6-v2'.
E   Error: 404 Client Error. (Request ID: Root=1-6939a40f-22d93cf76e4563245d91f32a;771061fb-53a5-4840-9987-e87dfa8f826d)
E   
E   Entry Not Found for url: https://huggingface.co/sentence-transformers/all-MiniLM-L6-v2/resolve/main/model.onnx.
E   
E   The model may not have an ONNX version available.
E   You can convert it using:
E     python scripts/convert_model_to_onnx.py --model-name sentence-transformers/all-MiniLM-L6-v2
E   
E   See documentation for model conversion guide.
------------------------------ Captured log call -------------------------------
ERROR    rag_factory.services.utils.onnx_utils:onnx_utils.py:99 Failed to download ONNX model 'sentence-transformers/all-MiniLM-L6-v2': 404 Client Error. (Request ID: Root=1-6939a40f-22d93cf76e4563245d91f32a;771061fb-53a5-4840-9987-e87dfa8f826d)

Entry Not Found for url: https://huggingface.co/sentence-transformers/all-MiniLM-L6-v2/resolve/main/model.onnx.
_________ TestMultiQueryIntegration.test_multi_query_complete_workflow _________
tests/integration/strategies/test_multi_query_integration.py:67: in test_multi_query_complete_workflow
    strategy = MultiQueryRAGStrategy(
E   TypeError: MultiQueryRAGStrategy.__init__() got an unexpected keyword argument 'vector_store_service'
__________ TestMultiQueryIntegration.test_multi_query_async_workflow ___________
tests/integration/strategies/test_multi_query_integration.py:94: in test_multi_query_async_workflow
    strategy = MultiQueryRAGStrategy(
E   TypeError: MultiQueryRAGStrategy.__init__() got an unexpected keyword argument 'vector_store_service'
_______________ TestMultiQueryIntegration.test_variant_diversity _______________
tests/integration/strategies/test_multi_query_integration.py:111: in test_variant_diversity
    strategy = MultiQueryRAGStrategy(
E   TypeError: MultiQueryRAGStrategy.__init__() got an unexpected keyword argument 'vector_store_service'
___________ TestMultiQueryIntegration.test_performance_requirements ____________
tests/integration/strategies/test_multi_query_integration.py:135: in test_performance_requirements
    strategy = MultiQueryRAGStrategy(
E   TypeError: MultiQueryRAGStrategy.__init__() got an unexpected keyword argument 'vector_store_service'
______________ TestMultiQueryIntegration.test_fallback_on_failure ______________
tests/integration/strategies/test_multi_query_integration.py:158: in test_fallback_on_failure
    strategy = MultiQueryRAGStrategy(
E   TypeError: MultiQueryRAGStrategy.__init__() got an unexpected keyword argument 'vector_store_service'
__________ TestMultiQueryIntegration.test_ranking_strategy_comparison __________
tests/integration/strategies/test_multi_query_integration.py:180: in test_ranking_strategy_comparison
    strategy_max = MultiQueryRAGStrategy(
E   TypeError: MultiQueryRAGStrategy.__init__() got an unexpected keyword argument 'vector_store_service'
_________ TestMultiQueryIntegration.test_deduplication_across_variants _________
tests/integration/strategies/test_multi_query_integration.py:215: in test_deduplication_across_variants
    strategy = MultiQueryRAGStrategy(
E   TypeError: MultiQueryRAGStrategy.__init__() got an unexpected keyword argument 'vector_store_service'
______________ TestMultiQueryIntegration.test_strategy_properties ______________
tests/integration/strategies/test_multi_query_integration.py:234: in test_strategy_properties
    strategy = MultiQueryRAGStrategy(
E   TypeError: MultiQueryRAGStrategy.__init__() got an unexpected keyword argument 'vector_store_service'
___________________________ test_config_with_factory ___________________________
tests/integration/test_config_integration.py:176: in test_config_with_factory
    strategy = RAGFactory.create_strategy(
rag_factory/factory.py:202: in create_strategy
    if name not in self._registry:
                   ^^^^^^^^^^^^^^
E   AttributeError: 'str' object has no attribute '_registry'
__________________________ test_config_with_pipeline ___________________________
tests/integration/test_config_integration.py:218: in test_config_with_pipeline
    pipeline = StrategyPipeline.from_config(pipeline_config)
               ^^^^^^^^^^^^^^^^^^^^^^^^^^^^^^^^^^^^^^^^^^^^^
rag_factory/pipeline.py:496: in from_config
    strategy = factory.create_strategy(
rag_factory/factory.py:217: in create_strategy
    strategy = strategy_class(config=strategy_config, dependencies=deps)
               ^^^^^^^^^^^^^^^^^^^^^^^^^^^^^^^^^^^^^^^^^^^^^^^^^^^^^^^^^
E   TypeError: Can't instantiate abstract class TestIntegrationStrategy without an implementation for abstract method 'requires_services'
______________________ test_register_create_use_strategy _______________________
tests/integration/test_factory_integration.py:226: in test_register_create_use_strategy
    strategy = factory.create_strategy("dummy", config)
               ^^^^^^^^^^^^^^^^^^^^^^^^^^^^^^^^^^^^^^^^
rag_factory/factory.py:217: in create_strategy
    strategy = strategy_class(config=strategy_config, dependencies=deps)
               ^^^^^^^^^^^^^^^^^^^^^^^^^^^^^^^^^^^^^^^^^^^^^^^^^^^^^^^^^
E   TypeError: Can't instantiate abstract class DummyStrategy without an implementation for abstract method 'requires_services'
__________________ test_create_multiple_different_strategies ___________________
tests/integration/test_factory_integration.py:263: in test_create_multiple_different_strategies
    strategy_a = factory.create_strategy("strategy_a")
                 ^^^^^^^^^^^^^^^^^^^^^^^^^^^^^^^^^^^^^
rag_factory/factory.py:217: in create_strategy
    strategy = strategy_class(config=strategy_config, dependencies=deps)
               ^^^^^^^^^^^^^^^^^^^^^^^^^^^^^^^^^^^^^^^^^^^^^^^^^^^^^^^^^
E   TypeError: Can't instantiate abstract class StrategyA without an implementation for abstract method 'requires_services'
_______________ test_create_multiple_instances_of_same_strategy ________________
tests/integration/test_factory_integration.py:288: in test_create_multiple_instances_of_same_strategy
    strategy1 = factory.create_strategy("dummy", config1)
                ^^^^^^^^^^^^^^^^^^^^^^^^^^^^^^^^^^^^^^^^^
rag_factory/factory.py:217: in create_strategy
    strategy = strategy_class(config=strategy_config, dependencies=deps)
               ^^^^^^^^^^^^^^^^^^^^^^^^^^^^^^^^^^^^^^^^^^^^^^^^^^^^^^^^^
E   TypeError: Can't instantiate abstract class DummyStrategy without an implementation for abstract method 'requires_services'
__________________________ test_config_file_with_yaml __________________________
tests/integration/test_factory_integration.py:346: in test_config_file_with_yaml
    strategy = factory.create_from_config(str(config_file))
               ^^^^^^^^^^^^^^^^^^^^^^^^^^^^^^^^^^^^^^^^^^^^
rag_factory/factory.py:324: in create_from_config
    return self.create_strategy(strategy_name, config_dict)
           ^^^^^^^^^^^^^^^^^^^^^^^^^^^^^^^^^^^^^^^^^^^^^^^^
rag_factory/factory.py:217: in create_strategy
    strategy = strategy_class(config=strategy_config, dependencies=deps)
               ^^^^^^^^^^^^^^^^^^^^^^^^^^^^^^^^^^^^^^^^^^^^^^^^^^^^^^^^^
E   TypeError: Can't instantiate abstract class DummyStrategy without an implementation for abstract method 'requires_services'
__________________________ test_config_file_with_json __________________________
tests/integration/test_factory_integration.py:372: in test_config_file_with_json
    strategy = factory.create_from_config(str(config_file))
               ^^^^^^^^^^^^^^^^^^^^^^^^^^^^^^^^^^^^^^^^^^^^
rag_factory/factory.py:324: in create_from_config
    return self.create_strategy(strategy_name, config_dict)
           ^^^^^^^^^^^^^^^^^^^^^^^^^^^^^^^^^^^^^^^^^^^^^^^^
rag_factory/factory.py:217: in create_strategy
    strategy = strategy_class(config=strategy_config, dependencies=deps)
               ^^^^^^^^^^^^^^^^^^^^^^^^^^^^^^^^^^^^^^^^^^^^^^^^^^^^^^^^^
E   TypeError: Can't instantiate abstract class DummyStrategy without an implementation for abstract method 'requires_services'
_________________________ test_factory_error_recovery __________________________
tests/integration/test_factory_integration.py:390: in test_factory_error_recovery
    factory.create_strategy("broken", {"chunk_size": 512})
rag_factory/factory.py:217: in create_strategy
    strategy = strategy_class(config=strategy_config, dependencies=deps)
               ^^^^^^^^^^^^^^^^^^^^^^^^^^^^^^^^^^^^^^^^^^^^^^^^^^^^^^^^^
E   TypeError: Can't instantiate abstract class BrokenStrategy without an implementation for abstract method 'requires_services'
___________________ test_factory_state_after_failed_creation ___________________
tests/integration/test_factory_integration.py:408: in test_factory_state_after_failed_creation
    factory.create_strategy("dummy", {"chunk_size": -100})
rag_factory/factory.py:217: in create_strategy
    strategy = strategy_class(config=strategy_config, dependencies=deps)
               ^^^^^^^^^^^^^^^^^^^^^^^^^^^^^^^^^^^^^^^^^^^^^^^^^^^^^^^^^
E   TypeError: Can't instantiate abstract class DummyStrategy without an implementation for abstract method 'requires_services'
__________________________ test_decorator_integration __________________________
tests/integration/test_factory_integration.py:458: in test_decorator_integration
    strategy = new_factory.create_strategy("decorated_strategy")
               ^^^^^^^^^^^^^^^^^^^^^^^^^^^^^^^^^^^^^^^^^^^^^^^^^
rag_factory/factory.py:217: in create_strategy
    strategy = strategy_class(config=strategy_config, dependencies=deps)
               ^^^^^^^^^^^^^^^^^^^^^^^^^^^^^^^^^^^^^^^^^^^^^^^^^^^^^^^^^
E   TypeError: Can't instantiate abstract class DecoratedStrategy without an implementation for abstract method 'requires_services'
____________________________ test_full_rag_workflow ____________________________
tests/integration/test_factory_integration.py:469: in test_full_rag_workflow
    strategy = factory.create_strategy("dummy", config)
               ^^^^^^^^^^^^^^^^^^^^^^^^^^^^^^^^^^^^^^^^
rag_factory/factory.py:217: in create_strategy
    strategy = strategy_class(config=strategy_config, dependencies=deps)
               ^^^^^^^^^^^^^^^^^^^^^^^^^^^^^^^^^^^^^^^^^^^^^^^^^^^^^^^^^
E   TypeError: Can't instantiate abstract class DummyStrategy without an implementation for abstract method 'requires_services'
_______________________ test_async_retrieve_integration ________________________
tests/integration/test_factory_integration.py:503: in test_async_retrieve_integration
    strategy = factory.create_strategy("dummy", {"top_k": 5})
               ^^^^^^^^^^^^^^^^^^^^^^^^^^^^^^^^^^^^^^^^^^^^^^
rag_factory/factory.py:217: in create_strategy
    strategy = strategy_class(config=strategy_config, dependencies=deps)
               ^^^^^^^^^^^^^^^^^^^^^^^^^^^^^^^^^^^^^^^^^^^^^^^^^^^^^^^^^
E   TypeError: Can't instantiate abstract class DummyStrategy without an implementation for abstract method 'requires_services'
_______________ TestPackageInstallation.test_package_installable _______________
tests/integration/test_package_integration.py:50: in test_package_installable
    assert result.returncode == 0
E   assert 1 == 0
E    +  where 1 = CompletedProcess(args=['/tmp/pytest-of-admindevmac/pytest-0/test_package_installable0/venv/bin/python', '-c', 'import rag_factory; print(rag_factory.__version__)'], returncode=1, stdout='', stderr='Traceback (most recent call last):\n  File "<string>", line 1, in <module>\n  File "/mnt/MCPProyects/ragTools/rag_factory/__init__.py", line 12, in <module>\n    from rag_factory.factory import (\n  File "/mnt/MCPProyects/ragTools/rag_factory/factory.py", line 33, in <module>\n    from rag_factory.strategies.base import IRAGStrategy, StrategyConfig\n  File "/mnt/MCPProyects/ragTools/rag_factory/strategies/__init__.py", line 3, in <module>\n    from rag_factory.strategies.base import (\n  File "/mnt/MCPProyects/ragTools/rag_factory/strategies/base.py", line 34, in <module>\n    from rag_factory.services.dependencies import StrategyDependencies, ServiceDependency\n  File "/mnt/MCPProyects/ragTools/rag_factory/services/__init__.py", line 28, in <module>\n    from rag_factory.services.onnx import (\n  File "/mnt/MCPProyects/ragTools/rag_factory/services/onnx/__init__.py", line 7, in <module>\n    from rag_factory.services.onnx.embedding import ONNXEmbeddingService\n  File "/mnt/MCPProyects/ragTools/rag_factory/services/onnx/embedding.py", line 12, in <module>\n    from rag_factory.services.embedding.providers.onnx_local import ONNXLocalProvider\n  File "/mnt/MCPProyects/ragTools/rag_factory/services/embedding/__init__.py", line 3, in <module>\n    from .service import EmbeddingService\n  File "/mnt/MCPProyects/ragTools/rag_factory/services/embedding/service.py", line 11, in <module>\n    from .providers import OpenAIProvider, CohereProvider, LocalProvider, ONNXLocalProvider\n  File "/mnt/MCPProyects/ragTools/rag_factory/services/embedding/providers/__init__.py", line 6, in <module>\n    from .onnx_local import ONNXLocalProvider\n  File "/mnt/MCPProyects/ragTools/rag_factory/services/embedding/providers/onnx_local.py", line 12, in <module>\n    import numpy as np\nModuleNotFoundError: No module named \'numpy\'\n').returncode
----------------------------- Captured stdout call -----------------------------
Obtaining file:///mnt/MCPProyects/ragTools
  Installing build dependencies: started
  Installing build dependencies: finished with status 'done'
  Checking if build backend supports build_editable: started
  Checking if build backend supports build_editable: finished with status 'done'
  Getting requirements to build editable: started
  Getting requirements to build editable: finished with status 'done'
  Preparing editable metadata (pyproject.toml): started
  Preparing editable metadata (pyproject.toml): finished with status 'done'
Collecting pydantic>=2.0.0 (from rag-factory==0.1.0)
  Using cached pydantic-2.12.5-py3-none-any.whl.metadata (90 kB)
Collecting pyyaml>=6.0 (from rag-factory==0.1.0)
  Using cached pyyaml-6.0.3-cp312-cp312-manylinux2014_x86_64.manylinux_2_17_x86_64.manylinux_2_28_x86_64.whl.metadata (2.4 kB)
Collecting annotated-types>=0.6.0 (from pydantic>=2.0.0->rag-factory==0.1.0)
  Using cached annotated_types-0.7.0-py3-none-any.whl.metadata (15 kB)
Collecting pydantic-core==2.41.5 (from pydantic>=2.0.0->rag-factory==0.1.0)
  Using cached pydantic_core-2.41.5-cp312-cp312-manylinux_2_17_x86_64.manylinux2014_x86_64.whl.metadata (7.3 kB)
Collecting typing-extensions>=4.14.1 (from pydantic>=2.0.0->rag-factory==0.1.0)
  Using cached typing_extensions-4.15.0-py3-none-any.whl.metadata (3.3 kB)
Collecting typing-inspection>=0.4.2 (from pydantic>=2.0.0->rag-factory==0.1.0)
  Using cached typing_inspection-0.4.2-py3-none-any.whl.metadata (2.6 kB)
Using cached pydantic-2.12.5-py3-none-any.whl (463 kB)
Using cached pydantic_core-2.41.5-cp312-cp312-manylinux_2_17_x86_64.manylinux2014_x86_64.whl (2.1 MB)
Using cached pyyaml-6.0.3-cp312-cp312-manylinux2014_x86_64.manylinux_2_17_x86_64.manylinux_2_28_x86_64.whl (807 kB)
Using cached annotated_types-0.7.0-py3-none-any.whl (13 kB)
Using cached typing_extensions-4.15.0-py3-none-any.whl (44 kB)
Using cached typing_inspection-0.4.2-py3-none-any.whl (14 kB)
Building wheels for collected packages: rag-factory
  Building editable for rag-factory (pyproject.toml): started
  Building editable for rag-factory (pyproject.toml): finished with status 'done'
  Created wheel for rag-factory: filename=rag_factory-0.1.0-0.editable-py3-none-any.whl size=6329 sha256=6a7a2895a815299303995a6736d9e56216fe11c4fb48b9541267856277a7ef3a
  Stored in directory: /tmp/pip-ephem-wheel-cache-toszf8fn/wheels/08/27/d0/02501a029db205cc4e40972294db0f3cd8ac5253539696b270
Successfully built rag-factory
Installing collected packages: typing-extensions, pyyaml, annotated-types, typing-inspection, pydantic-core, pydantic, rag-factory
Successfully installed annotated-types-0.7.0 pydantic-2.12.5 pydantic-core-2.41.5 pyyaml-6.0.3 rag-factory-0.1.0 typing-extensions-4.15.0 typing-inspection-0.4.2
__________ TestFullWorkflow.test_full_workflow_with_installed_package __________
tests/integration/test_package_integration.py:138: in test_full_workflow_with_installed_package
    strategy = factory.create_strategy("test")
               ^^^^^^^^^^^^^^^^^^^^^^^^^^^^^^^
rag_factory/factory.py:217: in create_strategy
    strategy = strategy_class(config=strategy_config, dependencies=deps)
               ^^^^^^^^^^^^^^^^^^^^^^^^^^^^^^^^^^^^^^^^^^^^^^^^^^^^^^^^^
E   TypeError: Can't instantiate abstract class TestStrategy without an implementation for abstract method 'requires_services'
_________________________ test_three_strategy_pipeline _________________________
tests/integration/test_pipeline_integration.py:79: in test_three_strategy_pipeline
    strategy1 = TestStrategy("S1")
                ^^^^^^^^^^^^^^^^^^
E   TypeError: Can't instantiate abstract class TestStrategy without an implementation for abstract method 'requires_services'
_____________________ test_parallel_faster_than_sequential _____________________
tests/integration/test_pipeline_integration.py:102: in test_parallel_faster_than_sequential
    strategy1 = TestStrategy("S1", delay=0.1)
                ^^^^^^^^^^^^^^^^^^^^^^^^^^^^^
E   TypeError: Can't instantiate abstract class TestStrategy without an implementation for abstract method 'requires_services'
______________ test_pipeline_continues_after_non_critical_failure ______________
tests/integration/test_pipeline_integration.py:162: in test_pipeline_continues_after_non_critical_failure
    required_strategy = TestStrategy("Required")
                        ^^^^^^^^^^^^^^^^^^^^^^^^
E   TypeError: Can't instantiate abstract class TestStrategy without an implementation for abstract method 'requires_services'
_________________________ test_load_pipeline_from_yaml _________________________
tests/integration/test_pipeline_integration.py:260: in test_load_pipeline_from_yaml
    pipeline = StrategyPipeline.from_config(config)
               ^^^^^^^^^^^^^^^^^^^^^^^^^^^^^^^^^^^^
rag_factory/pipeline.py:496: in from_config
    strategy = factory.create_strategy(
rag_factory/factory.py:217: in create_strategy
    strategy = strategy_class(config=strategy_config, dependencies=deps)
               ^^^^^^^^^^^^^^^^^^^^^^^^^^^^^^^^^^^^^^^^^^^^^^^^^^^^^^^^^
E   TypeError: Can't instantiate abstract class StrategyA without an implementation for abstract method 'requires_services'
_______________________ test_async_sequential_execution ________________________
tests/integration/test_pipeline_integration.py:275: in test_async_sequential_execution
    strategy1 = TestStrategy("Async1", delay=0.05)
                ^^^^^^^^^^^^^^^^^^^^^^^^^^^^^^^^^^
E   TypeError: Can't instantiate abstract class TestStrategy without an implementation for abstract method 'requires_services'
________________________ test_async_fallback_execution _________________________
tests/integration/test_pipeline_integration.py:327: in test_async_fallback_execution
    fallback_strategy = TestStrategy("Fallback")
                        ^^^^^^^^^^^^^^^^^^^^^^^^
E   TypeError: Can't instantiate abstract class TestStrategy without an implementation for abstract method 'requires_services'
