========================================
Test Results - 2025-12-21 21:22:57
========================================
Environment Configuration:
  EMBEDDING_MODEL_NAME: Xenova/all-MiniLM-L6-v2
  EMBEDDING_MODEL_PATH: models/embeddings
  LM_STUDIO_BASE_URL: http://192.168.56.1:1234/v1
  LM_STUDIO_MODEL: phi-4-mini-instruct

Command: pytest tests/integration/database/test_migration_integration.py tests/integration/database/test_migration_validator_integration.py tests/integration_real/test_neo4j_real.py tests/integration/registry/test_registry_integration.py tests/integration/services/test_service_implementations.py tests/integration/test_hybrid_search_pair.py tests/test_mock_registry.py tests/unit/database/test_migrations.py tests/unit/documentation/test_code_examples.py tests/unit/documentation/test_links.py tests/unit/gui/test_backend_integration.py tests/unit/gui/test_main_window.py tests/unit/gui/test_retrieval_operations.py tests/unit/gui/test_utility_operations.py tests/unit/registry/test_service_factory.py tests/unit/services/database/test_migration_validator.py
========================================

============================= test session starts ==============================
platform linux -- Python 3.12.3, pytest-9.0.1, pluggy-1.6.0 -- /mnt/MCPProyects/ragTools/venv/bin/python3
cachedir: .pytest_cache
rootdir: /mnt/MCPProyects/ragTools
configfile: pytest.ini (WARNING: ignoring pytest config in pyproject.toml!)
plugins: anyio-4.12.0, cov-7.0.0, asyncio-1.3.0
asyncio: mode=Mode.STRICT, debug=False, asyncio_default_fixture_loop_scope=None, asyncio_default_test_loop_scope=function
collecting ... collected 198 items

tests/integration/database/test_migration_integration.py::TestMigrationIntegration::test_real_migration_execution PASSED [  0%]
tests/integration/database/test_migration_integration.py::TestMigrationIntegration::test_migration_with_existing_data PASSED [  1%]
tests/integration/database/test_migration_integration.py::TestMigrationIntegration::test_rollback_functionality PASSED [  1%]
tests/integration/database/test_migration_integration.py::TestMigrationIntegration::test_pgvector_extension_installed PASSED [  2%]
tests/integration/database/test_migration_validator_integration.py::TestMigrationValidatorIntegration::test_validate_with_no_migrations PASSED [  2%]
tests/integration/database/test_migration_validator_integration.py::TestMigrationValidatorIntegration::test_validate_with_partial_migrations PASSED [  3%]
tests/integration/database/test_migration_validator_integration.py::TestMigrationValidatorIntegration::test_validate_with_all_migrations PASSED [  3%]
tests/integration/database/test_migration_validator_integration.py::TestMigrationValidatorIntegration::test_validate_or_raise_success PASSED [  4%]
tests/integration/database/test_migration_validator_integration.py::TestMigrationValidatorIntegration::test_validate_or_raise_failure PASSED [  4%]
tests/integration/database/test_migration_validator_integration.py::TestMigrationValidatorIntegration::test_get_current_revision PASSED [  5%]
tests/integration/database/test_migration_validator_integration.py::TestMigrationValidatorIntegration::test_get_all_revisions PASSED [  5%]
tests/integration/database/test_migration_validator_integration.py::TestMigrationValidatorIntegration::test_is_at_head PASSED [  6%]
tests/integration/database/test_migration_validator_integration.py::TestMigrationValidatorIntegration::test_error_message_details PASSED [  6%]
tests/integration/database/test_migration_validator_integration.py::TestMigrationValidatorIntegration::test_validate_single_migration PASSED [  7%]
tests/integration/database/test_migration_validator_integration.py::TestMigrationValidatorIntegration::test_validate_nonexistent_migration PASSED [  7%]
tests/integration/database/test_migration_validator_integration.py::TestMigrationValidatorIntegration::test_validate_after_downgrade PASSED [  8%]
tests/integration/database/test_migration_validator_integration.py::TestMigrationValidatorIntegration::test_multiple_validators_same_database PASSED [  8%]
tests/integration/database/test_migration_validator_integration.py::TestMigrationValidatorEdgeCases::test_validator_with_auto_discovered_config PASSED [  9%]
tests/integration/database/test_migration_validator_integration.py::TestMigrationValidatorEdgeCases::test_validate_empty_requirements PASSED [  9%]
tests/integration_real/test_neo4j_real.py::test_neo4j_connection PASSED  [ 10%]
tests/integration_real/test_neo4j_real.py::test_create_and_retrieve_node PASSED [ 10%]
tests/integration_real/test_neo4j_real.py::test_create_relationship PASSED [ 11%]
tests/integration_real/test_neo4j_real.py::test_graph_traversal PASSED   [ 11%]
tests/integration_real/test_neo4j_real.py::test_entity_storage PASSED    [ 12%]
tests/integration_real/test_neo4j_real.py::test_batch_node_creation PASSED [ 12%]
tests/integration_real/test_neo4j_real.py::test_update_node_properties PASSED [ 13%]
tests/integration_real/test_neo4j_real.py::test_delete_nodes PASSED      [ 13%]
tests/integration_real/test_neo4j_real.py::test_complex_query PASSED     [ 14%]
tests/integration/registry/test_registry_integration.py::TestRealServiceInstantiation::test_instantiate_onnx_embedding_service PASSED [ 14%]
tests/integration/registry/test_registry_integration.py::TestRealServiceInstantiation::test_embedding_service_functionality PASSED [ 15%]
tests/integration/registry/test_registry_integration.py::TestRealServiceInstantiation::test_multiple_service_instantiation PASSED [ 15%]
tests/integration/registry/test_registry_integration.py::TestEnvironmentVariableResolution::test_env_var_resolution PASSED [ 16%]
tests/integration/registry/test_registry_integration.py::TestEnvironmentVariableResolution::test_env_var_defaults PASSED [ 16%]
tests/integration/registry/test_registry_integration.py::TestServiceLifecycle::test_context_manager_cleanup PASSED [ 17%]
tests/integration/registry/test_registry_integration.py::TestServiceLifecycle::test_reload_service PASSED [ 17%]
tests/integration/registry/test_registry_integration.py::TestServiceLifecycle::test_shutdown_cleanup PASSED [ 18%]
tests/integration/registry/test_registry_integration.py::TestServiceSharing::test_service_instance_sharing PASSED [ 18%]
tests/integration/registry/test_registry_integration.py::TestServiceSharing::test_service_sharing_memory_efficiency PASSED [ 19%]
tests/integration/registry/test_registry_integration.py::TestErrorHandling::test_invalid_service_config PASSED [ 19%]
tests/integration/registry/test_registry_integration.py::TestErrorHandling::test_missing_service_file PASSED [ 20%]
tests/integration/registry/test_registry_integration.py::TestOpenAIServices::test_openai_llm_instantiation PASSED [ 20%]
tests/integration/registry/test_registry_integration.py::TestOpenAIServices::test_openai_embedding_instantiation PASSED [ 21%]
tests/integration/registry/test_registry_integration.py::TestConfigurationValidation::test_valid_configuration_loads PASSED [ 21%]
tests/integration/registry/test_registry_integration.py::TestConfigurationValidation::test_configuration_warnings PASSED [ 22%]
tests/integration/services/test_service_implementations.py::TestONNXServices::test_onnx_embedding_service_implements_interface PASSED [ 22%]
tests/integration/services/test_service_implementations.py::TestONNXServices::test_onnx_embedding_service_basic_functionality PASSED [ 23%]
tests/integration/services/test_service_implementations.py::TestAPIServices::test_anthropic_llm_service_implements_interface PASSED [ 23%]
tests/integration/services/test_service_implementations.py::TestAPIServices::test_anthropic_llm_service_basic_functionality PASSED [ 24%]
tests/integration/services/test_service_implementations.py::TestAPIServices::test_openai_llm_service_implements_interface PASSED [ 24%]
tests/integration/services/test_service_implementations.py::TestAPIServices::test_openai_embedding_service_implements_interface PASSED [ 25%]
tests/integration/services/test_service_implementations.py::TestAPIServices::test_cohere_reranking_service_implements_interface PASSED [ 25%]
tests/integration/services/test_service_implementations.py::TestAPIServices::test_cohere_reranking_service_basic_functionality PASSED [ 26%]
tests/integration/services/test_service_implementations.py::TestDatabaseServices::test_neo4j_graph_service_implements_interface PASSED [ 26%]
tests/integration/services/test_service_implementations.py::TestDatabaseServices::test_neo4j_graph_service_basic_functionality PASSED [ 27%]
tests/integration/services/test_service_implementations.py::TestDatabaseServices::test_postgresql_database_service_implements_interface PASSED [ 27%]
tests/integration/services/test_service_implementations.py::TestDatabaseServices::test_postgresql_database_service_basic_functionality PASSED [ 28%]
tests/integration/services/test_service_implementations.py::TestLocalServices::test_cosine_reranking_service_implements_interface PASSED [ 28%]
tests/integration/services/test_service_implementations.py::TestLocalServices::test_cosine_reranking_service_basic_functionality PASSED [ 29%]
tests/integration/services/test_service_implementations.py::TestInterfaceCompliance::test_all_llm_services_implement_interface PASSED [ 29%]
tests/integration/services/test_service_implementations.py::TestInterfaceCompliance::test_all_embedding_services_implement_interface PASSED [ 30%]
tests/integration/services/test_service_implementations.py::TestInterfaceCompliance::test_all_reranking_services_implement_interface PASSED [ 30%]
tests/integration/services/test_service_implementations.py::TestInterfaceCompliance::test_all_graph_services_implement_interface PASSED [ 31%]
tests/integration/services/test_service_implementations.py::TestInterfaceCompliance::test_all_database_services_implement_interface PASSED [ 31%]
tests/integration/test_hybrid_search_pair.py::test_hybrid_search_pair_loading PASSED [ 32%]
tests/unit/database/test_migrations.py::TestAlembicMigrations::test_migration_upgrade_to_head PASSED [ 32%]
tests/unit/database/test_migrations.py::TestAlembicMigrations::test_migration_downgrade PASSED [ 33%]
tests/unit/database/test_migrations.py::TestAlembicMigrations::test_migration_history PASSED [ 33%]
tests/unit/database/test_migrations.py::TestAlembicMigrations::test_migration_idempotency PASSED [ 34%]
tests/unit/database/test_migrations.py::TestAlembicMigrations::test_get_current_version PASSED [ 34%]
tests/unit/database/test_migrations.py::TestAlembicMigrations::test_migration_creates_tables PASSED [ 35%]
tests/unit/database/test_migrations.py::TestAlembicMigrations::test_migration_creates_indexes PASSED [ 35%]
tests/unit/documentation/test_code_examples.py::TestCodeExamples::test_all_code_examples_have_valid_syntax PASSED [ 36%]
tests/unit/documentation/test_code_examples.py::TestCodeExamples::test_strategy_examples_have_imports PASSED [ 36%]
tests/unit/documentation/test_code_examples.py::TestCodeExamples::test_configuration_examples_valid SKIPPED [ 37%]
tests/unit/documentation/test_code_examples.py::TestCodeExamples::test_quick_start_example_complete PASSED [ 37%]
tests/unit/documentation/test_code_examples.py::TestCodeExamples::test_no_placeholder_code PASSED [ 38%]
tests/unit/documentation/test_links.py::TestDocumentationLinks::test_no_broken_internal_links PASSED [ 38%]
tests/unit/documentation/test_links.py::TestDocumentationLinks::test_all_diagrams_valid PASSED [ 39%]
tests/unit/documentation/test_links.py::TestDocumentationLinks::test_no_todo_links PASSED [ 39%]
tests/unit/documentation/test_links.py::TestDocumentationLinks::test_external_links_valid SKIPPED [ 40%]
tests/unit/gui/test_backend_integration.py::TestBackendInitialization::test_successful_backend_initialization PASSED [ 40%]
tests/unit/gui/test_backend_integration.py::TestBackendInitialization::test_missing_config_file PASSED [ 41%]
tests/unit/gui/test_backend_integration.py::TestBackendInitialization::test_service_registry_initialization_error PASSED [ 41%]
tests/unit/gui/test_backend_integration.py::TestBackendInitialization::test_missing_required_services PASSED [ 42%]
tests/unit/gui/test_backend_integration.py::TestBackendInitialization::test_strategy_manager_initialization_error PASSED [ 42%]
tests/unit/gui/test_backend_integration.py::TestServiceVerification::test_verify_required_services_success PASSED [ 43%]
tests/unit/gui/test_backend_integration.py::TestServiceVerification::test_verify_required_services_failure PASSED [ 43%]
tests/unit/gui/test_backend_integration.py::TestErrorHandling::test_migration_error_handling PASSED [ 44%]
tests/unit/gui/test_backend_integration.py::TestErrorHandling::test_service_error_handling PASSED [ 44%]
tests/unit/gui/test_backend_integration.py::TestStrategyLoading::test_load_strategies_without_backend PASSED [ 45%]
tests/unit/gui/test_main_window.py::TestMainWindowCreation::test_window_title PASSED [ 45%]
tests/unit/gui/test_main_window.py::TestMainWindowCreation::test_window_geometry PASSED [ 46%]
tests/unit/gui/test_main_window.py::TestMainWindowCreation::test_window_minimum_size PASSED [ 46%]
tests/unit/gui/test_main_window.py::TestMainWindowCreation::test_window_is_resizable PASSED [ 47%]
tests/unit/gui/test_main_window.py::TestWidgetCreation::test_strategy_dropdown_exists PASSED [ 47%]
tests/unit/gui/test_main_window.py::TestWidgetCreation::test_config_preview_exists PASSED [ 48%]
tests/unit/gui/test_main_window.py::TestWidgetCreation::test_text_input_exists PASSED [ 48%]
tests/unit/gui/test_main_window.py::TestWidgetCreation::test_file_path_entry_exists PASSED [ 49%]
tests/unit/gui/test_main_window.py::TestWidgetCreation::test_query_entry_exists PASSED [ 50%]
tests/unit/gui/test_main_window.py::TestWidgetCreation::test_results_display_exists PASSED [ 50%]
tests/unit/gui/test_main_window.py::TestWidgetCreation::test_status_bar_exists PASSED [ 51%]
tests/unit/gui/test_main_window.py::TestWidgetCreation::test_all_buttons_exist PASSED [ 51%]
tests/unit/gui/test_main_window.py::TestButtonStates::test_initial_button_states PASSED [ 52%]
tests/unit/gui/test_main_window.py::TestButtonStates::test_button_state_with_strategy_and_text PASSED [ 52%]
tests/unit/gui/test_main_window.py::TestButtonStates::test_button_state_with_strategy_no_text PASSED [ 53%]
tests/unit/gui/test_main_window.py::TestButtonStates::test_button_state_with_text_no_strategy PASSED [ 53%]
tests/unit/gui/test_main_window.py::TestButtonStates::test_retrieve_button_state_with_query PASSED [ 54%]
tests/unit/gui/test_main_window.py::TestEventBinding::test_strategy_dropdown_has_binding PASSED [ 54%]
tests/unit/gui/test_main_window.py::TestEventBinding::test_buttons_have_commands PASSED [ 55%]
tests/unit/gui/test_main_window.py::TestApplicationState::test_initial_state PASSED [ 55%]
tests/unit/gui/test_main_window.py::TestApplicationState::test_strategy_loading_updates_state PASSED [ 56%]
tests/unit/gui/test_main_window.py::TestUtilityMethods::test_browse_file_opens_dialog PASSED [ 56%]
tests/unit/gui/test_main_window.py::TestUtilityMethods::test_clear_all_data_with_no_data PASSED [ 57%]
tests/unit/gui/test_main_window.py::TestUtilityMethods::test_clear_all_data_with_confirmation PASSED [ 57%]
tests/unit/gui/test_main_window.py::TestUtilityMethods::test_show_help_displays_message PASSED [ 58%]
tests/unit/gui/test_main_window.py::TestWindowLifecycle::test_window_can_be_destroyed PASSED [ 58%]
tests/unit/gui/test_retrieval_operations.py::TestQueryExecution::test_retrieve_with_empty_query PASSED [ 59%]
tests/unit/gui/test_retrieval_operations.py::TestQueryExecution::test_retrieve_button_disabled_during_operation PASSED [ 59%]
tests/unit/gui/test_retrieval_operations.py::TestQueryExecution::test_top_k_value_parsing PASSED [ 60%]
tests/unit/gui/test_retrieval_operations.py::TestResultFormatting::test_format_results_with_multiple_results PASSED [ 60%]
tests/unit/gui/test_retrieval_operations.py::TestResultFormatting::test_format_results_with_empty_results PASSED [ 61%]
tests/unit/gui/test_retrieval_operations.py::TestResultFormatting::test_content_truncation PASSED [ 61%]
tests/unit/gui/test_retrieval_operations.py::TestResultFormatting::test_score_formatting PASSED [ 62%]
tests/unit/gui/test_retrieval_operations.py::TestResultFormatting::test_rank_numbering PASSED [ 62%]
tests/unit/gui/test_retrieval_operations.py::TestEmptyResultsHandling::test_empty_results_message PASSED [ 63%]
tests/unit/gui/test_retrieval_operations.py::TestErrorHandling::test_error_handling_method_exists PASSED [ 63%]
tests/unit/gui/test_retrieval_operations.py::TestErrorHandling::test_error_callback_works PASSED [ 64%]
tests/unit/gui/test_retrieval_operations.py::TestErrorHandling::test_error_displays_in_results PASSED [ 64%]
tests/unit/gui/test_retrieval_operations.py::TestProgressIndication::test_searching_placeholder_shown PASSED [ 65%]
tests/unit/gui/test_retrieval_operations.py::TestProgressIndication::test_status_bar_updated PASSED [ 65%]
tests/unit/gui/test_retrieval_operations.py::TestCompletionHandlers::test_completion_handler_displays_results PASSED [ 66%]
tests/unit/gui/test_retrieval_operations.py::TestCompletionHandlers::test_completion_handler_updates_status PASSED [ 66%]
tests/unit/gui/test_utility_operations.py::TestClearAllData::test_clear_data_with_no_data PASSED [ 67%]
tests/unit/gui/test_utility_operations.py::TestClearAllData::test_clear_data_confirmation_dialog PASSED [ 67%]
tests/unit/gui/test_utility_operations.py::TestClearAllData::test_clear_data_execution PASSED [ 68%]
tests/unit/gui/test_utility_operations.py::TestClearAllData::test_clear_data_database_integration PASSED [ 68%]
tests/unit/gui/test_utility_operations.py::TestClearAllData::test_clear_data_error_handling PASSED [ 69%]
tests/unit/gui/test_utility_operations.py::TestLogCapture::test_log_buffer_initialized PASSED [ 69%]
tests/unit/gui/test_utility_operations.py::TestLogCapture::test_log_capture_works PASSED [ 70%]
tests/unit/gui/test_utility_operations.py::TestLogCapture::test_log_buffer_limit PASSED [ 70%]
tests/unit/gui/test_utility_operations.py::TestViewLogs::test_view_logs_opens_window PASSED [ 71%]
tests/unit/gui/test_utility_operations.py::TestViewLogs::test_view_logs_method_exists PASSED [ 71%]
tests/unit/gui/test_utility_operations.py::TestHelpDialog::test_help_dialog_opens PASSED [ 72%]
tests/unit/gui/test_utility_operations.py::TestHelpDialog::test_help_method_exists PASSED [ 72%]
tests/unit/gui/test_utility_operations.py::TestSettingsPlaceholder::test_settings_shows_placeholder PASSED [ 73%]
tests/unit/gui/test_utility_operations.py::TestKeyboardShortcuts::test_shortcuts_are_bound PASSED [ 73%]
tests/unit/gui/test_utility_operations.py::TestKeyboardShortcuts::test_clear_data_shortcut PASSED [ 74%]
tests/unit/gui/test_utility_operations.py::TestKeyboardShortcuts::test_help_shortcut PASSED [ 74%]
tests/unit/gui/test_utility_operations.py::TestUtilityIntegration::test_clear_and_reindex PASSED [ 75%]
tests/unit/registry/test_service_factory.py::TestServiceTypeDetection::test_is_llm_service PASSED [ 75%]
tests/unit/registry/test_service_factory.py::TestServiceTypeDetection::test_is_llm_service_missing_url PASSED [ 76%]
tests/unit/registry/test_service_factory.py::TestServiceTypeDetection::test_is_llm_service_missing_model PASSED [ 76%]
tests/unit/registry/test_service_factory.py::TestServiceTypeDetection::test_is_embedding_service PASSED [ 77%]
tests/unit/registry/test_service_factory.py::TestServiceTypeDetection::test_is_embedding_service_missing_provider PASSED [ 77%]
tests/unit/registry/test_service_factory.py::TestServiceTypeDetection::test_is_database_service_postgres PASSED [ 78%]
tests/unit/registry/test_service_factory.py::TestServiceTypeDetection::test_is_database_service_neo4j PASSED [ 78%]
tests/unit/registry/test_service_factory.py::TestServiceTypeDetection::test_is_database_service_unknown_type PASSED [ 79%]
tests/unit/registry/test_service_factory.py::TestLLMServiceCreation::test_create_llm_service_openai PASSED [ 79%]
tests/unit/registry/test_service_factory.py::TestLLMServiceCreation::test_create_llm_service_lm_studio PASSED [ 80%]
tests/unit/registry/test_service_factory.py::TestLLMServiceCreation::test_create_llm_service_with_defaults PASSED [ 80%]
tests/unit/registry/test_service_factory.py::TestEmbeddingServiceCreation::test_create_embedding_service_onnx PASSED [ 81%]
tests/unit/registry/test_service_factory.py::TestEmbeddingServiceCreation::test_create_embedding_service_onnx_with_defaults PASSED [ 81%]
tests/unit/registry/test_service_factory.py::TestEmbeddingServiceCreation::test_create_embedding_service_openai PASSED [ 82%]
tests/unit/registry/test_service_factory.py::TestEmbeddingServiceCreation::test_create_embedding_service_cohere_not_implemented PASSED [ 82%]
tests/unit/registry/test_service_factory.py::TestEmbeddingServiceCreation::test_create_embedding_service_unknown_provider PASSED [ 83%]
tests/unit/registry/test_service_factory.py::TestDatabaseServiceCreation::test_create_database_service_postgres_with_connection_string PASSED [ 83%]
tests/unit/registry/test_service_factory.py::TestDatabaseServiceCreation::test_create_database_service_postgres_with_components PASSED [ 84%]
tests/unit/registry/test_service_factory.py::TestDatabaseServiceCreation::test_create_database_service_postgres_with_defaults PASSED [ 84%]
tests/unit/registry/test_service_factory.py::TestDatabaseServiceCreation::test_create_database_service_neo4j PASSED [ 85%]
tests/unit/registry/test_service_factory.py::TestDatabaseServiceCreation::test_create_database_service_neo4j_with_defaults PASSED [ 85%]
tests/unit/registry/test_service_factory.py::TestDatabaseServiceCreation::test_create_database_service_unknown_type PASSED [ 86%]
tests/unit/registry/test_service_factory.py::TestServiceCreation::test_create_service_llm PASSED [ 86%]
tests/unit/registry/test_service_factory.py::TestServiceCreation::test_create_service_embedding PASSED [ 87%]
tests/unit/registry/test_service_factory.py::TestServiceCreation::test_create_service_database PASSED [ 87%]
tests/unit/registry/test_service_factory.py::TestServiceCreation::test_create_service_unknown_type PASSED [ 88%]
tests/unit/services/database/test_migration_validator.py::TestMigrationValidator::test_init_with_config_path PASSED [ 88%]
tests/unit/services/database/test_migration_validator.py::TestMigrationValidator::test_init_without_config_path PASSED [ 89%]
tests/unit/services/database/test_migration_validator.py::TestMigrationValidator::test_find_alembic_config_success PASSED [ 89%]
tests/unit/services/database/test_migration_validator.py::TestMigrationValidator::test_find_alembic_config_not_found PASSED [ 90%]
tests/unit/services/database/test_migration_validator.py::TestMigrationValidator::test_validate_all_migrations_applied PASSED [ 90%]
tests/unit/services/database/test_migration_validator.py::TestMigrationValidator::test_validate_missing_migrations PASSED [ 91%]
tests/unit/services/database/test_migration_validator.py::TestMigrationValidator::test_validate_no_migrations_applied PASSED [ 91%]
tests/unit/services/database/test_migration_validator.py::TestMigrationValidator::test_validate_or_raise_success PASSED [ 92%]
tests/unit/services/database/test_migration_validator.py::TestMigrationValidator::test_validate_or_raise_failure PASSED [ 92%]
tests/unit/services/database/test_migration_validator.py::TestMigrationValidator::test_build_error_message PASSED [ 93%]
tests/unit/services/database/test_migration_validator.py::TestMigrationValidator::test_build_error_message_empty PASSED [ 93%]
tests/unit/services/database/test_migration_validator.py::TestMigrationValidator::test_get_current_revision_success PASSED [ 94%]
tests/unit/services/database/test_migration_validator.py::TestMigrationValidator::test_get_current_revision_no_table PASSED [ 94%]
tests/unit/services/database/test_migration_validator.py::TestMigrationValidator::test_get_current_revision_programming_error PASSED [ 95%]
tests/unit/services/database/test_migration_validator.py::TestMigrationValidator::test_get_applied_revisions PASSED [ 95%]
tests/unit/services/database/test_migration_validator.py::TestMigrationValidator::test_get_current_revision_public_method PASSED [ 96%]
tests/unit/services/database/test_migration_validator.py::TestMigrationValidator::test_get_all_revisions PASSED [ 96%]
tests/unit/services/database/test_migration_validator.py::TestMigrationValidator::test_get_all_revisions_no_head PASSED [ 97%]
tests/unit/services/database/test_migration_validator.py::TestMigrationValidator::test_is_at_head_true PASSED [ 97%]
tests/unit/services/database/test_migration_validator.py::TestMigrationValidator::test_is_at_head_false PASSED [ 98%]
tests/unit/services/database/test_migration_validator.py::TestMigrationValidator::test_is_at_head_no_migrations PASSED [ 98%]
tests/unit/services/database/test_migration_validator.py::TestMigrationValidator::test_migration_validation_error_attributes PASSED [ 99%]
tests/unit/services/database/test_migration_validator.py::TestMigrationValidatorIntegration::test_full_validation_workflow PASSED [100%]/mnt/MCPProyects/ragTools/venv/lib/python3.12/site-packages/coverage/report_core.py:107: CoverageWarning: Couldn't parse Python file '/mnt/MCPProyects/ragTools/rag_factory/gui/main_window_additions.py' (couldnt-parse); see https://coverage.readthedocs.io/en/7.12.0/messages.html#warning-couldnt-parse
  coverage._warn(msg, slug="couldnt-parse")


=============================== warnings summary ===============================
rag_factory/services/llm/config.py:8
  /mnt/MCPProyects/ragTools/rag_factory/services/llm/config.py:8: PydanticDeprecatedSince20: Support for class-based `config` is deprecated, use ConfigDict instead. Deprecated in Pydantic V2.0 to be removed in V3.0. See Pydantic V2 Migration Guide at https://errors.pydantic.dev/2.12/migration/
    class LLMServiceConfig(BaseModel):

rag_factory/database/config.py:12
  /mnt/MCPProyects/ragTools/rag_factory/database/config.py:12: PydanticDeprecatedSince20: Support for class-based `config` is deprecated, use ConfigDict instead. Deprecated in Pydantic V2.0 to be removed in V3.0. See Pydantic V2 Migration Guide at https://errors.pydantic.dev/2.12/migration/
    class DatabaseConfig(BaseSettings):

rag_factory/strategies/agentic/config.py:9
  /mnt/MCPProyects/ragTools/rag_factory/strategies/agentic/config.py:9: PydanticDeprecatedSince20: Support for class-based `config` is deprecated, use ConfigDict instead. Deprecated in Pydantic V2.0 to be removed in V3.0. See Pydantic V2 Migration Guide at https://errors.pydantic.dev/2.12/migration/
    class AgenticStrategyConfig(BaseModel):

rag_factory/strategies/late_chunking/models.py:21
  /mnt/MCPProyects/ragTools/rag_factory/strategies/late_chunking/models.py:21: PydanticDeprecatedSince20: Support for class-based `config` is deprecated, use ConfigDict instead. Deprecated in Pydantic V2.0 to be removed in V3.0. See Pydantic V2 Migration Guide at https://errors.pydantic.dev/2.12/migration/
    class TokenEmbedding(BaseModel):

rag_factory/strategies/late_chunking/models.py:34
  /mnt/MCPProyects/ragTools/rag_factory/strategies/late_chunking/models.py:34: PydanticDeprecatedSince20: Support for class-based `config` is deprecated, use ConfigDict instead. Deprecated in Pydantic V2.0 to be removed in V3.0. See Pydantic V2 Migration Guide at https://errors.pydantic.dev/2.12/migration/
    class DocumentEmbedding(BaseModel):

rag_factory/strategies/late_chunking/models.py:49
  /mnt/MCPProyects/ragTools/rag_factory/strategies/late_chunking/models.py:49: PydanticDeprecatedSince20: Support for class-based `config` is deprecated, use ConfigDict instead. Deprecated in Pydantic V2.0 to be removed in V3.0. See Pydantic V2 Migration Guide at https://errors.pydantic.dev/2.12/migration/
    class EmbeddingChunk(BaseModel):

rag_factory/strategies/contextual/config.py:31
  /mnt/MCPProyects/ragTools/rag_factory/strategies/contextual/config.py:31: PydanticDeprecatedSince20: Support for class-based `config` is deprecated, use ConfigDict instead. Deprecated in Pydantic V2.0 to be removed in V3.0. See Pydantic V2 Migration Guide at https://errors.pydantic.dev/2.12/migration/
    class ContextualRetrievalConfig(BaseModel):

rag_factory/strategies/fine_tuned/config.py:6
  /mnt/MCPProyects/ragTools/rag_factory/strategies/fine_tuned/config.py:6: PydanticDeprecatedSince20: Support for class-based `config` is deprecated, use ConfigDict instead. Deprecated in Pydantic V2.0 to be removed in V3.0. See Pydantic V2 Migration Guide at https://errors.pydantic.dev/2.12/migration/
    class FineTunedConfig(BaseSettings):

tests/integration/database/test_migration_validator_integration.py: 13 warnings
  /mnt/MCPProyects/ragTools/tests/integration/database/test_migration_validator_integration.py:50: RuntimeWarning: coroutine 'PostgresqlDatabaseService.close' was never awaited
    service.close()
  Enable tracemalloc to get traceback where the object was allocated.
  See https://docs.pytest.org/en/stable/how-to/capture-warnings.html#resource-warnings for more info.

tests/integration/database/test_migration_validator_integration.py::TestMigrationValidatorEdgeCases::test_validator_with_auto_discovered_config
tests/integration/database/test_migration_validator_integration.py::TestMigrationValidatorEdgeCases::test_validate_empty_requirements
  /mnt/MCPProyects/ragTools/tests/integration/database/test_migration_validator_integration.py:336: RuntimeWarning: coroutine 'PostgresqlDatabaseService.close' was never awaited
    service.close()
  Enable tracemalloc to get traceback where the object was allocated.
  See https://docs.pytest.org/en/stable/how-to/capture-warnings.html#resource-warnings for more info.

tests/unit/gui/test_backend_integration.py::TestBackendInitialization::test_missing_config_file
  /mnt/MCPProyects/ragTools/venv/lib/python3.12/site-packages/_pytest/threadexception.py:58: PytestUnhandledThreadExceptionWarning: Exception in thread Thread-13 (load_strategy)
  
  Traceback (most recent call last):
    File "/mnt/MCPProyects/ragTools/rag_factory/gui/main_window.py", line 774, in load_strategy
      indexing, retrieval = self.strategy_manager.load_pair(strategy_name)
      ^^^^^^^^^^^^^^^^^^^
  TypeError: cannot unpack non-iterable Mock object
  
  During handling of the above exception, another exception occurred:
  
  Traceback (most recent call last):
    File "/usr/lib/python3.12/threading.py", line 1073, in _bootstrap_inner
      self.run()
    File "/usr/lib/python3.12/threading.py", line 1010, in run
      self._target(*self._args, **self._kwargs)
    File "/mnt/MCPProyects/ragTools/rag_factory/gui/main_window.py", line 798, in load_strategy
      safe_gui_update(
    File "/mnt/MCPProyects/ragTools/rag_factory/gui/utils/threading.py", line 99, in safe_gui_update
      root.after(0, wrapper)
    File "/usr/lib/python3.12/tkinter/__init__.py", line 872, in after
      name = self._register(callit)
             ^^^^^^^^^^^^^^^^^^^^^^
    File "/usr/lib/python3.12/tkinter/__init__.py", line 1603, in _register
      self.tk.createcommand(name, f)
  RuntimeError: main thread is not in main loop
  
  Enable tracemalloc to get traceback where the object was allocated.
  See https://docs.pytest.org/en/stable/how-to/capture-warnings.html#resource-warnings for more info.
    warnings.warn(pytest.PytestUnhandledThreadExceptionWarning(msg))

tests/unit/gui/test_backend_integration.py::TestErrorHandling::test_migration_error_handling
  /mnt/MCPProyects/ragTools/venv/lib/python3.12/site-packages/_pytest/threadexception.py:58: PytestUnhandledThreadExceptionWarning: Exception in thread Thread-14 (load_strategy)
  
  Traceback (most recent call last):
    File "/mnt/MCPProyects/ragTools/rag_factory/gui/main_window.py", line 774, in load_strategy
      indexing, retrieval = self.strategy_manager.load_pair(strategy_name)
      ^^^^^^^^^^^^^^^^^^^
  ValueError: not enough values to unpack (expected 2, got 0)
  
  During handling of the above exception, another exception occurred:
  
  Traceback (most recent call last):
    File "/usr/lib/python3.12/threading.py", line 1073, in _bootstrap_inner
      self.run()
    File "/usr/lib/python3.12/threading.py", line 1010, in run
      self._target(*self._args, **self._kwargs)
    File "/mnt/MCPProyects/ragTools/rag_factory/gui/main_window.py", line 798, in load_strategy
      safe_gui_update(
    File "/mnt/MCPProyects/ragTools/rag_factory/gui/utils/threading.py", line 99, in safe_gui_update
      root.after(0, wrapper)
    File "/usr/lib/python3.12/tkinter/__init__.py", line 872, in after
      name = self._register(callit)
             ^^^^^^^^^^^^^^^^^^^^^^
    File "/usr/lib/python3.12/tkinter/__init__.py", line 1603, in _register
      self.tk.createcommand(name, f)
  RuntimeError: main thread is not in main loop
  
  Enable tracemalloc to get traceback where the object was allocated.
  See https://docs.pytest.org/en/stable/how-to/capture-warnings.html#resource-warnings for more info.
    warnings.warn(pytest.PytestUnhandledThreadExceptionWarning(msg))

tests/unit/gui/test_backend_integration.py::TestErrorHandling::test_service_error_handling
  /mnt/MCPProyects/ragTools/venv/lib/python3.12/site-packages/_pytest/threadexception.py:58: PytestUnhandledThreadExceptionWarning: Exception in thread Thread-15 (load_strategy)
  
  Traceback (most recent call last):
    File "/mnt/MCPProyects/ragTools/rag_factory/gui/main_window.py", line 774, in load_strategy
      indexing, retrieval = self.strategy_manager.load_pair(strategy_name)
      ^^^^^^^^^^^^^^^^^^^
  TypeError: cannot unpack non-iterable Mock object
  
  During handling of the above exception, another exception occurred:
  
  Traceback (most recent call last):
    File "/usr/lib/python3.12/threading.py", line 1073, in _bootstrap_inner
      self.run()
    File "/usr/lib/python3.12/threading.py", line 1010, in run
      self._target(*self._args, **self._kwargs)
    File "/mnt/MCPProyects/ragTools/rag_factory/gui/main_window.py", line 798, in load_strategy
      safe_gui_update(
    File "/mnt/MCPProyects/ragTools/rag_factory/gui/utils/threading.py", line 99, in safe_gui_update
      root.after(0, wrapper)
    File "/usr/lib/python3.12/tkinter/__init__.py", line 872, in after
      name = self._register(callit)
             ^^^^^^^^^^^^^^^^^^^^^^
    File "/usr/lib/python3.12/tkinter/__init__.py", line 1603, in _register
      self.tk.createcommand(name, f)
  RuntimeError: main thread is not in main loop
  
  Enable tracemalloc to get traceback where the object was allocated.
  See https://docs.pytest.org/en/stable/how-to/capture-warnings.html#resource-warnings for more info.
    warnings.warn(pytest.PytestUnhandledThreadExceptionWarning(msg))

tests/unit/gui/test_backend_integration.py::TestStrategyLoading::test_load_strategies_without_backend
  /mnt/MCPProyects/ragTools/venv/lib/python3.12/site-packages/_pytest/threadexception.py:58: PytestUnhandledThreadExceptionWarning: Exception in thread Thread-16 (load_strategy)
  
  Traceback (most recent call last):
    File "/mnt/MCPProyects/ragTools/rag_factory/gui/main_window.py", line 774, in load_strategy
      indexing, retrieval = self.strategy_manager.load_pair(strategy_name)
      ^^^^^^^^^^^^^^^^^^^
  TypeError: cannot unpack non-iterable Mock object
  
  During handling of the above exception, another exception occurred:
  
  Traceback (most recent call last):
    File "/usr/lib/python3.12/threading.py", line 1073, in _bootstrap_inner
      self.run()
    File "/usr/lib/python3.12/threading.py", line 1010, in run
      self._target(*self._args, **self._kwargs)
    File "/mnt/MCPProyects/ragTools/rag_factory/gui/main_window.py", line 798, in load_strategy
      safe_gui_update(
    File "/mnt/MCPProyects/ragTools/rag_factory/gui/utils/threading.py", line 99, in safe_gui_update
      root.after(0, wrapper)
    File "/usr/lib/python3.12/tkinter/__init__.py", line 872, in after
      name = self._register(callit)
             ^^^^^^^^^^^^^^^^^^^^^^
    File "/usr/lib/python3.12/tkinter/__init__.py", line 1603, in _register
      self.tk.createcommand(name, f)
  RuntimeError: main thread is not in main loop
  
  Enable tracemalloc to get traceback where the object was allocated.
  See https://docs.pytest.org/en/stable/how-to/capture-warnings.html#resource-warnings for more info.
    warnings.warn(pytest.PytestUnhandledThreadExceptionWarning(msg))

tests/unit/gui/test_main_window.py::TestMainWindowCreation::test_window_is_resizable
  /mnt/MCPProyects/ragTools/venv/lib/python3.12/site-packages/_pytest/threadexception.py:58: PytestUnhandledThreadExceptionWarning: Exception in thread Thread-17 (load_strategy)
  
  Traceback (most recent call last):
    File "/mnt/MCPProyects/ragTools/rag_factory/gui/main_window.py", line 782, in load_strategy
      safe_gui_update(
    File "/mnt/MCPProyects/ragTools/rag_factory/gui/utils/threading.py", line 99, in safe_gui_update
      root.after(0, wrapper)
    File "/usr/lib/python3.12/tkinter/__init__.py", line 872, in after
      name = self._register(callit)
             ^^^^^^^^^^^^^^^^^^^^^^
    File "/usr/lib/python3.12/tkinter/__init__.py", line 1603, in _register
      self.tk.createcommand(name, f)
  RuntimeError: main thread is not in main loop
  
  During handling of the above exception, another exception occurred:
  
  Traceback (most recent call last):
    File "/usr/lib/python3.12/threading.py", line 1073, in _bootstrap_inner
      self.run()
    File "/usr/lib/python3.12/threading.py", line 1010, in run
      self._target(*self._args, **self._kwargs)
    File "/mnt/MCPProyects/ragTools/rag_factory/gui/main_window.py", line 798, in load_strategy
      safe_gui_update(
    File "/mnt/MCPProyects/ragTools/rag_factory/gui/utils/threading.py", line 99, in safe_gui_update
      root.after(0, wrapper)
    File "/usr/lib/python3.12/tkinter/__init__.py", line 872, in after
      name = self._register(callit)
             ^^^^^^^^^^^^^^^^^^^^^^
    File "/usr/lib/python3.12/tkinter/__init__.py", line 1603, in _register
      self.tk.createcommand(name, f)
  RuntimeError: main thread is not in main loop
  
  Enable tracemalloc to get traceback where the object was allocated.
  See https://docs.pytest.org/en/stable/how-to/capture-warnings.html#resource-warnings for more info.
    warnings.warn(pytest.PytestUnhandledThreadExceptionWarning(msg))

tests/unit/gui/test_main_window.py::TestWidgetCreation::test_strategy_dropdown_exists
  /mnt/MCPProyects/ragTools/venv/lib/python3.12/site-packages/_pytest/threadexception.py:58: PytestUnhandledThreadExceptionWarning: Exception in thread Thread-18 (load_strategy)
  
  Traceback (most recent call last):
    File "/mnt/MCPProyects/ragTools/rag_factory/gui/main_window.py", line 782, in load_strategy
      safe_gui_update(
    File "/mnt/MCPProyects/ragTools/rag_factory/gui/utils/threading.py", line 99, in safe_gui_update
      root.after(0, wrapper)
    File "/usr/lib/python3.12/tkinter/__init__.py", line 872, in after
      name = self._register(callit)
             ^^^^^^^^^^^^^^^^^^^^^^
    File "/usr/lib/python3.12/tkinter/__init__.py", line 1603, in _register
      self.tk.createcommand(name, f)
  RuntimeError: main thread is not in main loop
  
  During handling of the above exception, another exception occurred:
  
  Traceback (most recent call last):
    File "/usr/lib/python3.12/threading.py", line 1073, in _bootstrap_inner
      self.run()
    File "/usr/lib/python3.12/threading.py", line 1010, in run
      self._target(*self._args, **self._kwargs)
    File "/mnt/MCPProyects/ragTools/rag_factory/gui/main_window.py", line 798, in load_strategy
      safe_gui_update(
    File "/mnt/MCPProyects/ragTools/rag_factory/gui/utils/threading.py", line 99, in safe_gui_update
      root.after(0, wrapper)
    File "/usr/lib/python3.12/tkinter/__init__.py", line 872, in after
      name = self._register(callit)
             ^^^^^^^^^^^^^^^^^^^^^^
    File "/usr/lib/python3.12/tkinter/__init__.py", line 1603, in _register
      self.tk.createcommand(name, f)
  RuntimeError: main thread is not in main loop
  
  Enable tracemalloc to get traceback where the object was allocated.
  See https://docs.pytest.org/en/stable/how-to/capture-warnings.html#resource-warnings for more info.
    warnings.warn(pytest.PytestUnhandledThreadExceptionWarning(msg))

tests/unit/gui/test_main_window.py::TestWidgetCreation::test_text_input_exists
  /mnt/MCPProyects/ragTools/venv/lib/python3.12/site-packages/_pytest/threadexception.py:58: PytestUnhandledThreadExceptionWarning: Exception in thread Thread-19 (load_strategy)
  
  Traceback (most recent call last):
    File "/mnt/MCPProyects/ragTools/rag_factory/gui/main_window.py", line 782, in load_strategy
      safe_gui_update(
    File "/mnt/MCPProyects/ragTools/rag_factory/gui/utils/threading.py", line 99, in safe_gui_update
      root.after(0, wrapper)
    File "/usr/lib/python3.12/tkinter/__init__.py", line 872, in after
      name = self._register(callit)
             ^^^^^^^^^^^^^^^^^^^^^^
    File "/usr/lib/python3.12/tkinter/__init__.py", line 1603, in _register
      self.tk.createcommand(name, f)
  RuntimeError: main thread is not in main loop
  
  During handling of the above exception, another exception occurred:
  
  Traceback (most recent call last):
    File "/usr/lib/python3.12/threading.py", line 1073, in _bootstrap_inner
      self.run()
    File "/usr/lib/python3.12/threading.py", line 1010, in run
      self._target(*self._args, **self._kwargs)
    File "/mnt/MCPProyects/ragTools/rag_factory/gui/main_window.py", line 798, in load_strategy
      safe_gui_update(
    File "/mnt/MCPProyects/ragTools/rag_factory/gui/utils/threading.py", line 99, in safe_gui_update
      root.after(0, wrapper)
    File "/usr/lib/python3.12/tkinter/__init__.py", line 872, in after
      name = self._register(callit)
             ^^^^^^^^^^^^^^^^^^^^^^
    File "/usr/lib/python3.12/tkinter/__init__.py", line 1603, in _register
      self.tk.createcommand(name, f)
  RuntimeError: main thread is not in main loop
  
  Enable tracemalloc to get traceback where the object was allocated.
  See https://docs.pytest.org/en/stable/how-to/capture-warnings.html#resource-warnings for more info.
    warnings.warn(pytest.PytestUnhandledThreadExceptionWarning(msg))

tests/unit/gui/test_main_window.py::TestWidgetCreation::test_query_entry_exists
  /mnt/MCPProyects/ragTools/venv/lib/python3.12/site-packages/_pytest/threadexception.py:58: PytestUnhandledThreadExceptionWarning: Exception in thread Thread-20 (load_strategy)
  
  Traceback (most recent call last):
    File "/mnt/MCPProyects/ragTools/rag_factory/gui/main_window.py", line 782, in load_strategy
      safe_gui_update(
    File "/mnt/MCPProyects/ragTools/rag_factory/gui/utils/threading.py", line 99, in safe_gui_update
      root.after(0, wrapper)
    File "/usr/lib/python3.12/tkinter/__init__.py", line 872, in after
      name = self._register(callit)
             ^^^^^^^^^^^^^^^^^^^^^^
    File "/usr/lib/python3.12/tkinter/__init__.py", line 1603, in _register
      self.tk.createcommand(name, f)
  RuntimeError: main thread is not in main loop
  
  During handling of the above exception, another exception occurred:
  
  Traceback (most recent call last):
    File "/usr/lib/python3.12/threading.py", line 1073, in _bootstrap_inner
      self.run()
    File "/usr/lib/python3.12/threading.py", line 1010, in run
      self._target(*self._args, **self._kwargs)
    File "/mnt/MCPProyects/ragTools/rag_factory/gui/main_window.py", line 798, in load_strategy
      safe_gui_update(
    File "/mnt/MCPProyects/ragTools/rag_factory/gui/utils/threading.py", line 99, in safe_gui_update
      root.after(0, wrapper)
    File "/usr/lib/python3.12/tkinter/__init__.py", line 872, in after
      name = self._register(callit)
             ^^^^^^^^^^^^^^^^^^^^^^
    File "/usr/lib/python3.12/tkinter/__init__.py", line 1603, in _register
      self.tk.createcommand(name, f)
  RuntimeError: main thread is not in main loop
  
  Enable tracemalloc to get traceback where the object was allocated.
  See https://docs.pytest.org/en/stable/how-to/capture-warnings.html#resource-warnings for more info.
    warnings.warn(pytest.PytestUnhandledThreadExceptionWarning(msg))

tests/unit/gui/test_main_window.py::TestWidgetCreation::test_results_display_exists
  /mnt/MCPProyects/ragTools/venv/lib/python3.12/site-packages/_pytest/threadexception.py:58: PytestUnhandledThreadExceptionWarning: Exception in thread Thread-21 (load_strategy)
  
  Traceback (most recent call last):
    File "/mnt/MCPProyects/ragTools/rag_factory/gui/main_window.py", line 782, in load_strategy
      safe_gui_update(
    File "/mnt/MCPProyects/ragTools/rag_factory/gui/utils/threading.py", line 99, in safe_gui_update
      root.after(0, wrapper)
    File "/usr/lib/python3.12/tkinter/__init__.py", line 872, in after
      name = self._register(callit)
             ^^^^^^^^^^^^^^^^^^^^^^
    File "/usr/lib/python3.12/tkinter/__init__.py", line 1603, in _register
      self.tk.createcommand(name, f)
  RuntimeError: main thread is not in main loop
  
  During handling of the above exception, another exception occurred:
  
  Traceback (most recent call last):
    File "/usr/lib/python3.12/threading.py", line 1073, in _bootstrap_inner
      self.run()
    File "/usr/lib/python3.12/threading.py", line 1010, in run
      self._target(*self._args, **self._kwargs)
    File "/mnt/MCPProyects/ragTools/rag_factory/gui/main_window.py", line 798, in load_strategy
      safe_gui_update(
    File "/mnt/MCPProyects/ragTools/rag_factory/gui/utils/threading.py", line 99, in safe_gui_update
      root.after(0, wrapper)
    File "/usr/lib/python3.12/tkinter/__init__.py", line 872, in after
      name = self._register(callit)
             ^^^^^^^^^^^^^^^^^^^^^^
    File "/usr/lib/python3.12/tkinter/__init__.py", line 1603, in _register
      self.tk.createcommand(name, f)
  RuntimeError: main thread is not in main loop
  
  Enable tracemalloc to get traceback where the object was allocated.
  See https://docs.pytest.org/en/stable/how-to/capture-warnings.html#resource-warnings for more info.
    warnings.warn(pytest.PytestUnhandledThreadExceptionWarning(msg))

tests/unit/gui/test_main_window.py::TestWidgetCreation::test_status_bar_exists
  /mnt/MCPProyects/ragTools/venv/lib/python3.12/site-packages/_pytest/threadexception.py:58: PytestUnhandledThreadExceptionWarning: Exception in thread Thread-22 (load_strategy)
  
  Traceback (most recent call last):
    File "/mnt/MCPProyects/ragTools/rag_factory/gui/main_window.py", line 782, in load_strategy
      safe_gui_update(
    File "/mnt/MCPProyects/ragTools/rag_factory/gui/utils/threading.py", line 99, in safe_gui_update
      root.after(0, wrapper)
    File "/usr/lib/python3.12/tkinter/__init__.py", line 872, in after
      name = self._register(callit)
             ^^^^^^^^^^^^^^^^^^^^^^
    File "/usr/lib/python3.12/tkinter/__init__.py", line 1603, in _register
      self.tk.createcommand(name, f)
  RuntimeError: main thread is not in main loop
  
  During handling of the above exception, another exception occurred:
  
  Traceback (most recent call last):
    File "/usr/lib/python3.12/threading.py", line 1073, in _bootstrap_inner
      self.run()
    File "/usr/lib/python3.12/threading.py", line 1010, in run
      self._target(*self._args, **self._kwargs)
    File "/mnt/MCPProyects/ragTools/rag_factory/gui/main_window.py", line 798, in load_strategy
      safe_gui_update(
    File "/mnt/MCPProyects/ragTools/rag_factory/gui/utils/threading.py", line 99, in safe_gui_update
      root.after(0, wrapper)
    File "/usr/lib/python3.12/tkinter/__init__.py", line 872, in after
      name = self._register(callit)
             ^^^^^^^^^^^^^^^^^^^^^^
    File "/usr/lib/python3.12/tkinter/__init__.py", line 1603, in _register
      self.tk.createcommand(name, f)
  RuntimeError: main thread is not in main loop
  
  Enable tracemalloc to get traceback where the object was allocated.
  See https://docs.pytest.org/en/stable/how-to/capture-warnings.html#resource-warnings for more info.
    warnings.warn(pytest.PytestUnhandledThreadExceptionWarning(msg))

tests/unit/gui/test_main_window.py::TestWidgetCreation::test_all_buttons_exist
  /mnt/MCPProyects/ragTools/venv/lib/python3.12/site-packages/_pytest/threadexception.py:58: PytestUnhandledThreadExceptionWarning: Exception in thread Thread-23 (load_strategy)
  
  Traceback (most recent call last):
    File "/mnt/MCPProyects/ragTools/rag_factory/gui/main_window.py", line 782, in load_strategy
      safe_gui_update(
    File "/mnt/MCPProyects/ragTools/rag_factory/gui/utils/threading.py", line 99, in safe_gui_update
      root.after(0, wrapper)
    File "/usr/lib/python3.12/tkinter/__init__.py", line 872, in after
      name = self._register(callit)
             ^^^^^^^^^^^^^^^^^^^^^^
    File "/usr/lib/python3.12/tkinter/__init__.py", line 1603, in _register
      self.tk.createcommand(name, f)
  RuntimeError: main thread is not in main loop
  
  During handling of the above exception, another exception occurred:
  
  Traceback (most recent call last):
    File "/usr/lib/python3.12/threading.py", line 1073, in _bootstrap_inner
      self.run()
    File "/usr/lib/python3.12/threading.py", line 1010, in run
      self._target(*self._args, **self._kwargs)
    File "/mnt/MCPProyects/ragTools/rag_factory/gui/main_window.py", line 798, in load_strategy
      safe_gui_update(
    File "/mnt/MCPProyects/ragTools/rag_factory/gui/utils/threading.py", line 99, in safe_gui_update
      root.after(0, wrapper)
    File "/usr/lib/python3.12/tkinter/__init__.py", line 872, in after
      name = self._register(callit)
             ^^^^^^^^^^^^^^^^^^^^^^
    File "/usr/lib/python3.12/tkinter/__init__.py", line 1603, in _register
      self.tk.createcommand(name, f)
  RuntimeError: main thread is not in main loop
  
  Enable tracemalloc to get traceback where the object was allocated.
  See https://docs.pytest.org/en/stable/how-to/capture-warnings.html#resource-warnings for more info.
    warnings.warn(pytest.PytestUnhandledThreadExceptionWarning(msg))

tests/unit/gui/test_main_window.py::TestButtonStates::test_initial_button_states
  /mnt/MCPProyects/ragTools/venv/lib/python3.12/site-packages/_pytest/threadexception.py:58: PytestUnhandledThreadExceptionWarning: Exception in thread Thread-25 (load_strategy)
  
  Traceback (most recent call last):
    File "/mnt/MCPProyects/ragTools/rag_factory/gui/main_window.py", line 782, in load_strategy
      safe_gui_update(
    File "/mnt/MCPProyects/ragTools/rag_factory/gui/utils/threading.py", line 99, in safe_gui_update
      root.after(0, wrapper)
    File "/usr/lib/python3.12/tkinter/__init__.py", line 872, in after
      name = self._register(callit)
             ^^^^^^^^^^^^^^^^^^^^^^
    File "/usr/lib/python3.12/tkinter/__init__.py", line 1603, in _register
      self.tk.createcommand(name, f)
  RuntimeError: main thread is not in main loop
  
  During handling of the above exception, another exception occurred:
  
  Traceback (most recent call last):
    File "/usr/lib/python3.12/threading.py", line 1073, in _bootstrap_inner
      self.run()
    File "/usr/lib/python3.12/threading.py", line 1010, in run
      self._target(*self._args, **self._kwargs)
    File "/mnt/MCPProyects/ragTools/rag_factory/gui/main_window.py", line 798, in load_strategy
      safe_gui_update(
    File "/mnt/MCPProyects/ragTools/rag_factory/gui/utils/threading.py", line 99, in safe_gui_update
      root.after(0, wrapper)
    File "/usr/lib/python3.12/tkinter/__init__.py", line 872, in after
      name = self._register(callit)
             ^^^^^^^^^^^^^^^^^^^^^^
    File "/usr/lib/python3.12/tkinter/__init__.py", line 1603, in _register
      self.tk.createcommand(name, f)
  RuntimeError: main thread is not in main loop
  
  Enable tracemalloc to get traceback where the object was allocated.
  See https://docs.pytest.org/en/stable/how-to/capture-warnings.html#resource-warnings for more info.
    warnings.warn(pytest.PytestUnhandledThreadExceptionWarning(msg))

tests/unit/gui/test_main_window.py::TestButtonStates::test_initial_button_states
  /mnt/MCPProyects/ragTools/venv/lib/python3.12/site-packages/_pytest/threadexception.py:58: PytestUnhandledThreadExceptionWarning: Exception in thread Thread-24 (load_strategy)
  
  Traceback (most recent call last):
    File "/mnt/MCPProyects/ragTools/rag_factory/gui/main_window.py", line 782, in load_strategy
      safe_gui_update(
    File "/mnt/MCPProyects/ragTools/rag_factory/gui/utils/threading.py", line 99, in safe_gui_update
      root.after(0, wrapper)
    File "/usr/lib/python3.12/tkinter/__init__.py", line 872, in after
      name = self._register(callit)
             ^^^^^^^^^^^^^^^^^^^^^^
    File "/usr/lib/python3.12/tkinter/__init__.py", line 1603, in _register
      self.tk.createcommand(name, f)
  RuntimeError: main thread is not in main loop
  
  During handling of the above exception, another exception occurred:
  
  Traceback (most recent call last):
    File "/usr/lib/python3.12/threading.py", line 1073, in _bootstrap_inner
      self.run()
    File "/usr/lib/python3.12/threading.py", line 1010, in run
      self._target(*self._args, **self._kwargs)
    File "/mnt/MCPProyects/ragTools/rag_factory/gui/main_window.py", line 798, in load_strategy
      safe_gui_update(
    File "/mnt/MCPProyects/ragTools/rag_factory/gui/utils/threading.py", line 99, in safe_gui_update
      root.after(0, wrapper)
    File "/usr/lib/python3.12/tkinter/__init__.py", line 872, in after
      name = self._register(callit)
             ^^^^^^^^^^^^^^^^^^^^^^
    File "/usr/lib/python3.12/tkinter/__init__.py", line 1603, in _register
      self.tk.createcommand(name, f)
  RuntimeError: main thread is not in main loop
  
  Enable tracemalloc to get traceback where the object was allocated.
  See https://docs.pytest.org/en/stable/how-to/capture-warnings.html#resource-warnings for more info.
    warnings.warn(pytest.PytestUnhandledThreadExceptionWarning(msg))

tests/unit/gui/test_main_window.py::TestButtonStates::test_button_state_with_strategy_and_text
  /mnt/MCPProyects/ragTools/venv/lib/python3.12/site-packages/_pytest/threadexception.py:58: PytestUnhandledThreadExceptionWarning: Exception in thread Thread-26 (load_strategy)
  
  Traceback (most recent call last):
    File "/mnt/MCPProyects/ragTools/rag_factory/gui/main_window.py", line 782, in load_strategy
      safe_gui_update(
    File "/mnt/MCPProyects/ragTools/rag_factory/gui/utils/threading.py", line 99, in safe_gui_update
      root.after(0, wrapper)
    File "/usr/lib/python3.12/tkinter/__init__.py", line 872, in after
      name = self._register(callit)
             ^^^^^^^^^^^^^^^^^^^^^^
    File "/usr/lib/python3.12/tkinter/__init__.py", line 1603, in _register
      self.tk.createcommand(name, f)
  RuntimeError: main thread is not in main loop
  
  During handling of the above exception, another exception occurred:
  
  Traceback (most recent call last):
    File "/usr/lib/python3.12/threading.py", line 1073, in _bootstrap_inner
      self.run()
    File "/usr/lib/python3.12/threading.py", line 1010, in run
      self._target(*self._args, **self._kwargs)
    File "/mnt/MCPProyects/ragTools/rag_factory/gui/main_window.py", line 798, in load_strategy
      safe_gui_update(
    File "/mnt/MCPProyects/ragTools/rag_factory/gui/utils/threading.py", line 99, in safe_gui_update
      root.after(0, wrapper)
    File "/usr/lib/python3.12/tkinter/__init__.py", line 872, in after
      name = self._register(callit)
             ^^^^^^^^^^^^^^^^^^^^^^
    File "/usr/lib/python3.12/tkinter/__init__.py", line 1603, in _register
      self.tk.createcommand(name, f)
  RuntimeError: main thread is not in main loop
  
  Enable tracemalloc to get traceback where the object was allocated.
  See https://docs.pytest.org/en/stable/how-to/capture-warnings.html#resource-warnings for more info.
    warnings.warn(pytest.PytestUnhandledThreadExceptionWarning(msg))

tests/unit/gui/test_main_window.py::TestButtonStates::test_button_state_with_text_no_strategy
  /mnt/MCPProyects/ragTools/venv/lib/python3.12/site-packages/_pytest/threadexception.py:58: PytestUnhandledThreadExceptionWarning: Exception in thread Thread-28 (load_strategy)
  
  Traceback (most recent call last):
    File "/mnt/MCPProyects/ragTools/rag_factory/gui/main_window.py", line 782, in load_strategy
      safe_gui_update(
    File "/mnt/MCPProyects/ragTools/rag_factory/gui/utils/threading.py", line 99, in safe_gui_update
      root.after(0, wrapper)
    File "/usr/lib/python3.12/tkinter/__init__.py", line 872, in after
      name = self._register(callit)
             ^^^^^^^^^^^^^^^^^^^^^^
    File "/usr/lib/python3.12/tkinter/__init__.py", line 1603, in _register
      self.tk.createcommand(name, f)
  RuntimeError: main thread is not in main loop
  
  During handling of the above exception, another exception occurred:
  
  Traceback (most recent call last):
    File "/usr/lib/python3.12/threading.py", line 1073, in _bootstrap_inner
      self.run()
    File "/usr/lib/python3.12/threading.py", line 1010, in run
      self._target(*self._args, **self._kwargs)
    File "/mnt/MCPProyects/ragTools/rag_factory/gui/main_window.py", line 798, in load_strategy
      safe_gui_update(
    File "/mnt/MCPProyects/ragTools/rag_factory/gui/utils/threading.py", line 99, in safe_gui_update
      root.after(0, wrapper)
    File "/usr/lib/python3.12/tkinter/__init__.py", line 872, in after
      name = self._register(callit)
             ^^^^^^^^^^^^^^^^^^^^^^
    File "/usr/lib/python3.12/tkinter/__init__.py", line 1603, in _register
      self.tk.createcommand(name, f)
  RuntimeError: main thread is not in main loop
  
  Enable tracemalloc to get traceback where the object was allocated.
  See https://docs.pytest.org/en/stable/how-to/capture-warnings.html#resource-warnings for more info.
    warnings.warn(pytest.PytestUnhandledThreadExceptionWarning(msg))

tests/unit/gui/test_main_window.py::TestButtonStates::test_button_state_with_text_no_strategy
  /mnt/MCPProyects/ragTools/venv/lib/python3.12/site-packages/_pytest/threadexception.py:58: PytestUnhandledThreadExceptionWarning: Exception in thread Thread-27 (load_strategy)
  
  Traceback (most recent call last):
    File "/mnt/MCPProyects/ragTools/rag_factory/gui/main_window.py", line 782, in load_strategy
      safe_gui_update(
    File "/mnt/MCPProyects/ragTools/rag_factory/gui/utils/threading.py", line 99, in safe_gui_update
      root.after(0, wrapper)
    File "/usr/lib/python3.12/tkinter/__init__.py", line 872, in after
      name = self._register(callit)
             ^^^^^^^^^^^^^^^^^^^^^^
    File "/usr/lib/python3.12/tkinter/__init__.py", line 1603, in _register
      self.tk.createcommand(name, f)
  RuntimeError: main thread is not in main loop
  
  During handling of the above exception, another exception occurred:
  
  Traceback (most recent call last):
    File "/usr/lib/python3.12/threading.py", line 1073, in _bootstrap_inner
      self.run()
    File "/usr/lib/python3.12/threading.py", line 1010, in run
      self._target(*self._args, **self._kwargs)
    File "/mnt/MCPProyects/ragTools/rag_factory/gui/main_window.py", line 798, in load_strategy
      safe_gui_update(
    File "/mnt/MCPProyects/ragTools/rag_factory/gui/utils/threading.py", line 99, in safe_gui_update
      root.after(0, wrapper)
    File "/usr/lib/python3.12/tkinter/__init__.py", line 872, in after
      name = self._register(callit)
             ^^^^^^^^^^^^^^^^^^^^^^
    File "/usr/lib/python3.12/tkinter/__init__.py", line 1603, in _register
      self.tk.createcommand(name, f)
  RuntimeError: main thread is not in main loop
  
  Enable tracemalloc to get traceback where the object was allocated.
  See https://docs.pytest.org/en/stable/how-to/capture-warnings.html#resource-warnings for more info.
    warnings.warn(pytest.PytestUnhandledThreadExceptionWarning(msg))

tests/unit/gui/test_main_window.py::TestEventBinding::test_strategy_dropdown_has_binding
  /mnt/MCPProyects/ragTools/venv/lib/python3.12/site-packages/_pytest/threadexception.py:58: PytestUnhandledThreadExceptionWarning: Exception in thread Thread-29 (load_strategy)
  
  Traceback (most recent call last):
    File "/mnt/MCPProyects/ragTools/rag_factory/gui/main_window.py", line 782, in load_strategy
      safe_gui_update(
    File "/mnt/MCPProyects/ragTools/rag_factory/gui/utils/threading.py", line 99, in safe_gui_update
      root.after(0, wrapper)
    File "/usr/lib/python3.12/tkinter/__init__.py", line 872, in after
      name = self._register(callit)
             ^^^^^^^^^^^^^^^^^^^^^^
    File "/usr/lib/python3.12/tkinter/__init__.py", line 1603, in _register
      self.tk.createcommand(name, f)
  RuntimeError: main thread is not in main loop
  
  During handling of the above exception, another exception occurred:
  
  Traceback (most recent call last):
    File "/usr/lib/python3.12/threading.py", line 1073, in _bootstrap_inner
      self.run()
    File "/usr/lib/python3.12/threading.py", line 1010, in run
      self._target(*self._args, **self._kwargs)
    File "/mnt/MCPProyects/ragTools/rag_factory/gui/main_window.py", line 798, in load_strategy
      safe_gui_update(
    File "/mnt/MCPProyects/ragTools/rag_factory/gui/utils/threading.py", line 99, in safe_gui_update
      root.after(0, wrapper)
    File "/usr/lib/python3.12/tkinter/__init__.py", line 872, in after
      name = self._register(callit)
             ^^^^^^^^^^^^^^^^^^^^^^
    File "/usr/lib/python3.12/tkinter/__init__.py", line 1603, in _register
      self.tk.createcommand(name, f)
  RuntimeError: main thread is not in main loop
  
  Enable tracemalloc to get traceback where the object was allocated.
  See https://docs.pytest.org/en/stable/how-to/capture-warnings.html#resource-warnings for more info.
    warnings.warn(pytest.PytestUnhandledThreadExceptionWarning(msg))

tests/unit/gui/test_main_window.py::TestEventBinding::test_buttons_have_commands
  /mnt/MCPProyects/ragTools/venv/lib/python3.12/site-packages/_pytest/threadexception.py:58: PytestUnhandledThreadExceptionWarning: Exception in thread Thread-30 (load_strategy)
  
  Traceback (most recent call last):
    File "/mnt/MCPProyects/ragTools/rag_factory/gui/main_window.py", line 782, in load_strategy
      safe_gui_update(
    File "/mnt/MCPProyects/ragTools/rag_factory/gui/utils/threading.py", line 99, in safe_gui_update
      root.after(0, wrapper)
    File "/usr/lib/python3.12/tkinter/__init__.py", line 872, in after
      name = self._register(callit)
             ^^^^^^^^^^^^^^^^^^^^^^
    File "/usr/lib/python3.12/tkinter/__init__.py", line 1603, in _register
      self.tk.createcommand(name, f)
  RuntimeError: main thread is not in main loop
  
  During handling of the above exception, another exception occurred:
  
  Traceback (most recent call last):
    File "/usr/lib/python3.12/threading.py", line 1073, in _bootstrap_inner
      self.run()
    File "/usr/lib/python3.12/threading.py", line 1010, in run
      self._target(*self._args, **self._kwargs)
    File "/mnt/MCPProyects/ragTools/rag_factory/gui/main_window.py", line 798, in load_strategy
      safe_gui_update(
    File "/mnt/MCPProyects/ragTools/rag_factory/gui/utils/threading.py", line 99, in safe_gui_update
      root.after(0, wrapper)
    File "/usr/lib/python3.12/tkinter/__init__.py", line 872, in after
      name = self._register(callit)
             ^^^^^^^^^^^^^^^^^^^^^^
    File "/usr/lib/python3.12/tkinter/__init__.py", line 1603, in _register
      self.tk.createcommand(name, f)
  RuntimeError: main thread is not in main loop
  
  Enable tracemalloc to get traceback where the object was allocated.
  See https://docs.pytest.org/en/stable/how-to/capture-warnings.html#resource-warnings for more info.
    warnings.warn(pytest.PytestUnhandledThreadExceptionWarning(msg))

tests/unit/gui/test_main_window.py::TestApplicationState::test_initial_state
  /mnt/MCPProyects/ragTools/venv/lib/python3.12/site-packages/_pytest/threadexception.py:58: PytestUnhandledThreadExceptionWarning: Exception in thread Thread-31 (load_strategy)
  
  Traceback (most recent call last):
    File "/mnt/MCPProyects/ragTools/rag_factory/gui/main_window.py", line 782, in load_strategy
      safe_gui_update(
    File "/mnt/MCPProyects/ragTools/rag_factory/gui/utils/threading.py", line 99, in safe_gui_update
      root.after(0, wrapper)
    File "/usr/lib/python3.12/tkinter/__init__.py", line 872, in after
      name = self._register(callit)
             ^^^^^^^^^^^^^^^^^^^^^^
    File "/usr/lib/python3.12/tkinter/__init__.py", line 1603, in _register
      self.tk.createcommand(name, f)
  RuntimeError: main thread is not in main loop
  
  During handling of the above exception, another exception occurred:
  
  Traceback (most recent call last):
    File "/usr/lib/python3.12/threading.py", line 1073, in _bootstrap_inner
      self.run()
    File "/usr/lib/python3.12/threading.py", line 1010, in run
      self._target(*self._args, **self._kwargs)
    File "/mnt/MCPProyects/ragTools/rag_factory/gui/main_window.py", line 798, in load_strategy
      safe_gui_update(
    File "/mnt/MCPProyects/ragTools/rag_factory/gui/utils/threading.py", line 99, in safe_gui_update
      root.after(0, wrapper)
    File "/usr/lib/python3.12/tkinter/__init__.py", line 872, in after
      name = self._register(callit)
             ^^^^^^^^^^^^^^^^^^^^^^
    File "/usr/lib/python3.12/tkinter/__init__.py", line 1603, in _register
      self.tk.createcommand(name, f)
  RuntimeError: main thread is not in main loop
  
  Enable tracemalloc to get traceback where the object was allocated.
  See https://docs.pytest.org/en/stable/how-to/capture-warnings.html#resource-warnings for more info.
    warnings.warn(pytest.PytestUnhandledThreadExceptionWarning(msg))

tests/unit/gui/test_main_window.py::TestApplicationState::test_strategy_loading_updates_state
  /mnt/MCPProyects/ragTools/venv/lib/python3.12/site-packages/_pytest/threadexception.py:58: PytestUnhandledThreadExceptionWarning: Exception in thread Thread-33 (load_strategy)
  
  Traceback (most recent call last):
    File "/mnt/MCPProyects/ragTools/rag_factory/gui/main_window.py", line 782, in load_strategy
      safe_gui_update(
    File "/mnt/MCPProyects/ragTools/rag_factory/gui/utils/threading.py", line 99, in safe_gui_update
      root.after(0, wrapper)
    File "/usr/lib/python3.12/tkinter/__init__.py", line 872, in after
      name = self._register(callit)
             ^^^^^^^^^^^^^^^^^^^^^^
    File "/usr/lib/python3.12/tkinter/__init__.py", line 1603, in _register
      self.tk.createcommand(name, f)
  RuntimeError: main thread is not in main loop
  
  During handling of the above exception, another exception occurred:
  
  Traceback (most recent call last):
    File "/usr/lib/python3.12/threading.py", line 1073, in _bootstrap_inner
      self.run()
    File "/usr/lib/python3.12/threading.py", line 1010, in run
      self._target(*self._args, **self._kwargs)
    File "/mnt/MCPProyects/ragTools/rag_factory/gui/main_window.py", line 798, in load_strategy
      safe_gui_update(
    File "/mnt/MCPProyects/ragTools/rag_factory/gui/utils/threading.py", line 99, in safe_gui_update
      root.after(0, wrapper)
    File "/usr/lib/python3.12/tkinter/__init__.py", line 872, in after
      name = self._register(callit)
             ^^^^^^^^^^^^^^^^^^^^^^
    File "/usr/lib/python3.12/tkinter/__init__.py", line 1603, in _register
      self.tk.createcommand(name, f)
  RuntimeError: main thread is not in main loop
  
  Enable tracemalloc to get traceback where the object was allocated.
  See https://docs.pytest.org/en/stable/how-to/capture-warnings.html#resource-warnings for more info.
    warnings.warn(pytest.PytestUnhandledThreadExceptionWarning(msg))

tests/unit/gui/test_main_window.py::TestApplicationState::test_strategy_loading_updates_state
  /mnt/MCPProyects/ragTools/venv/lib/python3.12/site-packages/_pytest/threadexception.py:58: PytestUnhandledThreadExceptionWarning: Exception in thread Thread-32 (load_strategy)
  
  Traceback (most recent call last):
    File "/mnt/MCPProyects/ragTools/rag_factory/gui/main_window.py", line 782, in load_strategy
      safe_gui_update(
    File "/mnt/MCPProyects/ragTools/rag_factory/gui/utils/threading.py", line 99, in safe_gui_update
      root.after(0, wrapper)
    File "/usr/lib/python3.12/tkinter/__init__.py", line 872, in after
      name = self._register(callit)
             ^^^^^^^^^^^^^^^^^^^^^^
    File "/usr/lib/python3.12/tkinter/__init__.py", line 1603, in _register
      self.tk.createcommand(name, f)
  RuntimeError: main thread is not in main loop
  
  During handling of the above exception, another exception occurred:
  
  Traceback (most recent call last):
    File "/usr/lib/python3.12/threading.py", line 1073, in _bootstrap_inner
      self.run()
    File "/usr/lib/python3.12/threading.py", line 1010, in run
      self._target(*self._args, **self._kwargs)
    File "/mnt/MCPProyects/ragTools/rag_factory/gui/main_window.py", line 798, in load_strategy
      safe_gui_update(
    File "/mnt/MCPProyects/ragTools/rag_factory/gui/utils/threading.py", line 99, in safe_gui_update
      root.after(0, wrapper)
    File "/usr/lib/python3.12/tkinter/__init__.py", line 872, in after
      name = self._register(callit)
             ^^^^^^^^^^^^^^^^^^^^^^
    File "/usr/lib/python3.12/tkinter/__init__.py", line 1603, in _register
      self.tk.createcommand(name, f)
  RuntimeError: main thread is not in main loop
  
  Enable tracemalloc to get traceback where the object was allocated.
  See https://docs.pytest.org/en/stable/how-to/capture-warnings.html#resource-warnings for more info.
    warnings.warn(pytest.PytestUnhandledThreadExceptionWarning(msg))

tests/unit/gui/test_main_window.py::TestUtilityMethods::test_browse_file_opens_dialog
  /mnt/MCPProyects/ragTools/venv/lib/python3.12/site-packages/_pytest/threadexception.py:58: PytestUnhandledThreadExceptionWarning: Exception in thread Thread-34 (load_strategy)
  
  Traceback (most recent call last):
    File "/mnt/MCPProyects/ragTools/rag_factory/gui/main_window.py", line 782, in load_strategy
      safe_gui_update(
    File "/mnt/MCPProyects/ragTools/rag_factory/gui/utils/threading.py", line 99, in safe_gui_update
      root.after(0, wrapper)
    File "/usr/lib/python3.12/tkinter/__init__.py", line 872, in after
      name = self._register(callit)
             ^^^^^^^^^^^^^^^^^^^^^^
    File "/usr/lib/python3.12/tkinter/__init__.py", line 1603, in _register
      self.tk.createcommand(name, f)
  RuntimeError: main thread is not in main loop
  
  During handling of the above exception, another exception occurred:
  
  Traceback (most recent call last):
    File "/usr/lib/python3.12/threading.py", line 1073, in _bootstrap_inner
      self.run()
    File "/usr/lib/python3.12/threading.py", line 1010, in run
      self._target(*self._args, **self._kwargs)
    File "/mnt/MCPProyects/ragTools/rag_factory/gui/main_window.py", line 798, in load_strategy
      safe_gui_update(
    File "/mnt/MCPProyects/ragTools/rag_factory/gui/utils/threading.py", line 99, in safe_gui_update
      root.after(0, wrapper)
    File "/usr/lib/python3.12/tkinter/__init__.py", line 872, in after
      name = self._register(callit)
             ^^^^^^^^^^^^^^^^^^^^^^
    File "/usr/lib/python3.12/tkinter/__init__.py", line 1603, in _register
      self.tk.createcommand(name, f)
  RuntimeError: main thread is not in main loop
  
  Enable tracemalloc to get traceback where the object was allocated.
  See https://docs.pytest.org/en/stable/how-to/capture-warnings.html#resource-warnings for more info.
    warnings.warn(pytest.PytestUnhandledThreadExceptionWarning(msg))

tests/unit/gui/test_main_window.py::TestUtilityMethods::test_clear_all_data_with_no_data
  /mnt/MCPProyects/ragTools/venv/lib/python3.12/site-packages/_pytest/threadexception.py:58: PytestUnhandledThreadExceptionWarning: Exception in thread Thread-35 (load_strategy)
  
  Traceback (most recent call last):
    File "/mnt/MCPProyects/ragTools/rag_factory/gui/main_window.py", line 782, in load_strategy
      safe_gui_update(
    File "/mnt/MCPProyects/ragTools/rag_factory/gui/utils/threading.py", line 99, in safe_gui_update
      root.after(0, wrapper)
    File "/usr/lib/python3.12/tkinter/__init__.py", line 872, in after
      name = self._register(callit)
             ^^^^^^^^^^^^^^^^^^^^^^
    File "/usr/lib/python3.12/tkinter/__init__.py", line 1603, in _register
      self.tk.createcommand(name, f)
  RuntimeError: main thread is not in main loop
  
  During handling of the above exception, another exception occurred:
  
  Traceback (most recent call last):
    File "/usr/lib/python3.12/threading.py", line 1073, in _bootstrap_inner
      self.run()
    File "/usr/lib/python3.12/threading.py", line 1010, in run
      self._target(*self._args, **self._kwargs)
    File "/mnt/MCPProyects/ragTools/rag_factory/gui/main_window.py", line 798, in load_strategy
      safe_gui_update(
    File "/mnt/MCPProyects/ragTools/rag_factory/gui/utils/threading.py", line 99, in safe_gui_update
      root.after(0, wrapper)
    File "/usr/lib/python3.12/tkinter/__init__.py", line 872, in after
      name = self._register(callit)
             ^^^^^^^^^^^^^^^^^^^^^^
    File "/usr/lib/python3.12/tkinter/__init__.py", line 1603, in _register
      self.tk.createcommand(name, f)
  RuntimeError: main thread is not in main loop
  
  Enable tracemalloc to get traceback where the object was allocated.
  See https://docs.pytest.org/en/stable/how-to/capture-warnings.html#resource-warnings for more info.
    warnings.warn(pytest.PytestUnhandledThreadExceptionWarning(msg))

tests/unit/gui/test_main_window.py::TestUtilityMethods::test_clear_all_data_with_confirmation
  /mnt/MCPProyects/ragTools/venv/lib/python3.12/site-packages/_pytest/threadexception.py:58: PytestUnhandledThreadExceptionWarning: Exception in thread Thread-36 (load_strategy)
  
  Traceback (most recent call last):
    File "/mnt/MCPProyects/ragTools/rag_factory/gui/main_window.py", line 782, in load_strategy
      safe_gui_update(
    File "/mnt/MCPProyects/ragTools/rag_factory/gui/utils/threading.py", line 99, in safe_gui_update
      root.after(0, wrapper)
    File "/usr/lib/python3.12/tkinter/__init__.py", line 872, in after
      name = self._register(callit)
             ^^^^^^^^^^^^^^^^^^^^^^
    File "/usr/lib/python3.12/tkinter/__init__.py", line 1603, in _register
      self.tk.createcommand(name, f)
  RuntimeError: main thread is not in main loop
  
  During handling of the above exception, another exception occurred:
  
  Traceback (most recent call last):
    File "/usr/lib/python3.12/threading.py", line 1073, in _bootstrap_inner
      self.run()
    File "/usr/lib/python3.12/threading.py", line 1010, in run
      self._target(*self._args, **self._kwargs)
    File "/mnt/MCPProyects/ragTools/rag_factory/gui/main_window.py", line 798, in load_strategy
      safe_gui_update(
    File "/mnt/MCPProyects/ragTools/rag_factory/gui/utils/threading.py", line 99, in safe_gui_update
      root.after(0, wrapper)
    File "/usr/lib/python3.12/tkinter/__init__.py", line 872, in after
      name = self._register(callit)
             ^^^^^^^^^^^^^^^^^^^^^^
    File "/usr/lib/python3.12/tkinter/__init__.py", line 1603, in _register
      self.tk.createcommand(name, f)
  RuntimeError: main thread is not in main loop
  
  Enable tracemalloc to get traceback where the object was allocated.
  See https://docs.pytest.org/en/stable/how-to/capture-warnings.html#resource-warnings for more info.
    warnings.warn(pytest.PytestUnhandledThreadExceptionWarning(msg))

tests/unit/gui/test_main_window.py::TestWindowLifecycle::test_window_can_be_destroyed
  /mnt/MCPProyects/ragTools/venv/lib/python3.12/site-packages/_pytest/threadexception.py:58: PytestUnhandledThreadExceptionWarning: Exception in thread Thread-38 (load_strategy)
  
  Traceback (most recent call last):
    File "/mnt/MCPProyects/ragTools/rag_factory/gui/main_window.py", line 782, in load_strategy
      safe_gui_update(
    File "/mnt/MCPProyects/ragTools/rag_factory/gui/utils/threading.py", line 99, in safe_gui_update
      root.after(0, wrapper)
    File "/usr/lib/python3.12/tkinter/__init__.py", line 872, in after
      name = self._register(callit)
             ^^^^^^^^^^^^^^^^^^^^^^
    File "/usr/lib/python3.12/tkinter/__init__.py", line 1603, in _register
      self.tk.createcommand(name, f)
  RuntimeError: main thread is not in main loop
  
  During handling of the above exception, another exception occurred:
  
  Traceback (most recent call last):
    File "/usr/lib/python3.12/threading.py", line 1073, in _bootstrap_inner
      self.run()
    File "/usr/lib/python3.12/threading.py", line 1010, in run
      self._target(*self._args, **self._kwargs)
    File "/mnt/MCPProyects/ragTools/rag_factory/gui/main_window.py", line 798, in load_strategy
      safe_gui_update(
    File "/mnt/MCPProyects/ragTools/rag_factory/gui/utils/threading.py", line 99, in safe_gui_update
      root.after(0, wrapper)
    File "/usr/lib/python3.12/tkinter/__init__.py", line 872, in after
      name = self._register(callit)
             ^^^^^^^^^^^^^^^^^^^^^^
    File "/usr/lib/python3.12/tkinter/__init__.py", line 1603, in _register
      self.tk.createcommand(name, f)
  RuntimeError: main thread is not in main loop
  
  Enable tracemalloc to get traceback where the object was allocated.
  See https://docs.pytest.org/en/stable/how-to/capture-warnings.html#resource-warnings for more info.
    warnings.warn(pytest.PytestUnhandledThreadExceptionWarning(msg))

tests/unit/gui/test_main_window.py::TestWindowLifecycle::test_window_can_be_destroyed
  /mnt/MCPProyects/ragTools/venv/lib/python3.12/site-packages/_pytest/threadexception.py:58: PytestUnhandledThreadExceptionWarning: Exception in thread Thread-37 (load_strategy)
  
  Traceback (most recent call last):
    File "/mnt/MCPProyects/ragTools/rag_factory/gui/main_window.py", line 782, in load_strategy
      safe_gui_update(
    File "/mnt/MCPProyects/ragTools/rag_factory/gui/utils/threading.py", line 99, in safe_gui_update
      root.after(0, wrapper)
    File "/usr/lib/python3.12/tkinter/__init__.py", line 872, in after
      name = self._register(callit)
             ^^^^^^^^^^^^^^^^^^^^^^
    File "/usr/lib/python3.12/tkinter/__init__.py", line 1603, in _register
      self.tk.createcommand(name, f)
  RuntimeError: main thread is not in main loop
  
  During handling of the above exception, another exception occurred:
  
  Traceback (most recent call last):
    File "/usr/lib/python3.12/threading.py", line 1073, in _bootstrap_inner
      self.run()
    File "/usr/lib/python3.12/threading.py", line 1010, in run
      self._target(*self._args, **self._kwargs)
    File "/mnt/MCPProyects/ragTools/rag_factory/gui/main_window.py", line 798, in load_strategy
      safe_gui_update(
    File "/mnt/MCPProyects/ragTools/rag_factory/gui/utils/threading.py", line 99, in safe_gui_update
      root.after(0, wrapper)
    File "/usr/lib/python3.12/tkinter/__init__.py", line 872, in after
      name = self._register(callit)
             ^^^^^^^^^^^^^^^^^^^^^^
    File "/usr/lib/python3.12/tkinter/__init__.py", line 1603, in _register
      self.tk.createcommand(name, f)
  RuntimeError: main thread is not in main loop
  
  Enable tracemalloc to get traceback where the object was allocated.
  See https://docs.pytest.org/en/stable/how-to/capture-warnings.html#resource-warnings for more info.
    warnings.warn(pytest.PytestUnhandledThreadExceptionWarning(msg))

tests/unit/gui/test_retrieval_operations.py::TestQueryExecution::test_retrieve_with_empty_query
  /mnt/MCPProyects/ragTools/venv/lib/python3.12/site-packages/_pytest/threadexception.py:58: PytestUnhandledThreadExceptionWarning: Exception in thread Thread-39 (load_strategy)
  
  Traceback (most recent call last):
    File "/mnt/MCPProyects/ragTools/rag_factory/gui/main_window.py", line 782, in load_strategy
      safe_gui_update(
    File "/mnt/MCPProyects/ragTools/rag_factory/gui/utils/threading.py", line 99, in safe_gui_update
      root.after(0, wrapper)
    File "/usr/lib/python3.12/tkinter/__init__.py", line 872, in after
      name = self._register(callit)
             ^^^^^^^^^^^^^^^^^^^^^^
    File "/usr/lib/python3.12/tkinter/__init__.py", line 1603, in _register
      self.tk.createcommand(name, f)
  RuntimeError: main thread is not in main loop
  
  During handling of the above exception, another exception occurred:
  
  Traceback (most recent call last):
    File "/usr/lib/python3.12/threading.py", line 1073, in _bootstrap_inner
      self.run()
    File "/usr/lib/python3.12/threading.py", line 1010, in run
      self._target(*self._args, **self._kwargs)
    File "/mnt/MCPProyects/ragTools/rag_factory/gui/main_window.py", line 798, in load_strategy
      safe_gui_update(
    File "/mnt/MCPProyects/ragTools/rag_factory/gui/utils/threading.py", line 99, in safe_gui_update
      root.after(0, wrapper)
    File "/usr/lib/python3.12/tkinter/__init__.py", line 872, in after
      name = self._register(callit)
             ^^^^^^^^^^^^^^^^^^^^^^
    File "/usr/lib/python3.12/tkinter/__init__.py", line 1603, in _register
      self.tk.createcommand(name, f)
  RuntimeError: main thread is not in main loop
  
  Enable tracemalloc to get traceback where the object was allocated.
  See https://docs.pytest.org/en/stable/how-to/capture-warnings.html#resource-warnings for more info.
    warnings.warn(pytest.PytestUnhandledThreadExceptionWarning(msg))

tests/unit/gui/test_retrieval_operations.py::TestQueryExecution::test_top_k_value_parsing
  /mnt/MCPProyects/ragTools/venv/lib/python3.12/site-packages/_pytest/threadexception.py:58: PytestUnhandledThreadExceptionWarning: Exception in thread Thread-43 (load_strategy)
  
  Traceback (most recent call last):
    File "/mnt/MCPProyects/ragTools/rag_factory/gui/main_window.py", line 774, in load_strategy
      indexing, retrieval = self.strategy_manager.load_pair(strategy_name)
      ^^^^^^^^^^^^^^^^^^^
  TypeError: cannot unpack non-iterable Mock object
  
  During handling of the above exception, another exception occurred:
  
  Traceback (most recent call last):
    File "/usr/lib/python3.12/threading.py", line 1073, in _bootstrap_inner
      self.run()
    File "/usr/lib/python3.12/threading.py", line 1010, in run
      self._target(*self._args, **self._kwargs)
    File "/mnt/MCPProyects/ragTools/rag_factory/gui/main_window.py", line 798, in load_strategy
      safe_gui_update(
    File "/mnt/MCPProyects/ragTools/rag_factory/gui/utils/threading.py", line 99, in safe_gui_update
      root.after(0, wrapper)
    File "/usr/lib/python3.12/tkinter/__init__.py", line 872, in after
      name = self._register(callit)
             ^^^^^^^^^^^^^^^^^^^^^^
    File "/usr/lib/python3.12/tkinter/__init__.py", line 1603, in _register
      self.tk.createcommand(name, f)
  RuntimeError: main thread is not in main loop
  
  Enable tracemalloc to get traceback where the object was allocated.
  See https://docs.pytest.org/en/stable/how-to/capture-warnings.html#resource-warnings for more info.
    warnings.warn(pytest.PytestUnhandledThreadExceptionWarning(msg))

tests/unit/gui/test_retrieval_operations.py::TestQueryExecution::test_top_k_value_parsing
  /mnt/MCPProyects/ragTools/venv/lib/python3.12/site-packages/_pytest/threadexception.py:58: PytestUnhandledThreadExceptionWarning: Exception in thread Thread-41 (load_strategy)
  
  Traceback (most recent call last):
    File "/mnt/MCPProyects/ragTools/rag_factory/gui/main_window.py", line 782, in load_strategy
      safe_gui_update(
    File "/mnt/MCPProyects/ragTools/rag_factory/gui/utils/threading.py", line 99, in safe_gui_update
      root.after(0, wrapper)
    File "/usr/lib/python3.12/tkinter/__init__.py", line 872, in after
      name = self._register(callit)
             ^^^^^^^^^^^^^^^^^^^^^^
    File "/usr/lib/python3.12/tkinter/__init__.py", line 1603, in _register
      self.tk.createcommand(name, f)
  RuntimeError: main thread is not in main loop
  
  During handling of the above exception, another exception occurred:
  
  Traceback (most recent call last):
    File "/usr/lib/python3.12/threading.py", line 1073, in _bootstrap_inner
      self.run()
    File "/usr/lib/python3.12/threading.py", line 1010, in run
      self._target(*self._args, **self._kwargs)
    File "/mnt/MCPProyects/ragTools/rag_factory/gui/main_window.py", line 798, in load_strategy
      safe_gui_update(
    File "/mnt/MCPProyects/ragTools/rag_factory/gui/utils/threading.py", line 99, in safe_gui_update
      root.after(0, wrapper)
    File "/usr/lib/python3.12/tkinter/__init__.py", line 872, in after
      name = self._register(callit)
             ^^^^^^^^^^^^^^^^^^^^^^
    File "/usr/lib/python3.12/tkinter/__init__.py", line 1603, in _register
      self.tk.createcommand(name, f)
  RuntimeError: main thread is not in main loop
  
  Enable tracemalloc to get traceback where the object was allocated.
  See https://docs.pytest.org/en/stable/how-to/capture-warnings.html#resource-warnings for more info.
    warnings.warn(pytest.PytestUnhandledThreadExceptionWarning(msg))

tests/unit/gui/test_retrieval_operations.py::TestQueryExecution::test_top_k_value_parsing
  /mnt/MCPProyects/ragTools/venv/lib/python3.12/site-packages/_pytest/threadexception.py:58: PytestUnhandledThreadExceptionWarning: Exception in thread Thread-40 (load_strategy)
  
  Traceback (most recent call last):
    File "/mnt/MCPProyects/ragTools/rag_factory/gui/main_window.py", line 782, in load_strategy
      safe_gui_update(
    File "/mnt/MCPProyects/ragTools/rag_factory/gui/utils/threading.py", line 99, in safe_gui_update
      root.after(0, wrapper)
    File "/usr/lib/python3.12/tkinter/__init__.py", line 872, in after
      name = self._register(callit)
             ^^^^^^^^^^^^^^^^^^^^^^
    File "/usr/lib/python3.12/tkinter/__init__.py", line 1603, in _register
      self.tk.createcommand(name, f)
  RuntimeError: main thread is not in main loop
  
  During handling of the above exception, another exception occurred:
  
  Traceback (most recent call last):
    File "/usr/lib/python3.12/threading.py", line 1073, in _bootstrap_inner
      self.run()
    File "/usr/lib/python3.12/threading.py", line 1010, in run
      self._target(*self._args, **self._kwargs)
    File "/mnt/MCPProyects/ragTools/rag_factory/gui/main_window.py", line 798, in load_strategy
      safe_gui_update(
    File "/mnt/MCPProyects/ragTools/rag_factory/gui/utils/threading.py", line 99, in safe_gui_update
      root.after(0, wrapper)
    File "/usr/lib/python3.12/tkinter/__init__.py", line 872, in after
      name = self._register(callit)
             ^^^^^^^^^^^^^^^^^^^^^^
    File "/usr/lib/python3.12/tkinter/__init__.py", line 1603, in _register
      self.tk.createcommand(name, f)
  RuntimeError: main thread is not in main loop
  
  Enable tracemalloc to get traceback where the object was allocated.
  See https://docs.pytest.org/en/stable/how-to/capture-warnings.html#resource-warnings for more info.
    warnings.warn(pytest.PytestUnhandledThreadExceptionWarning(msg))

tests/unit/gui/test_retrieval_operations.py::TestResultFormatting::test_format_results_with_multiple_results
  /mnt/MCPProyects/ragTools/venv/lib/python3.12/site-packages/_pytest/threadexception.py:58: PytestUnhandledThreadExceptionWarning: Exception in thread Thread-42 (load_strategy)
  
  Traceback (most recent call last):
    File "/mnt/MCPProyects/ragTools/rag_factory/gui/main_window.py", line 782, in load_strategy
      safe_gui_update(
    File "/mnt/MCPProyects/ragTools/rag_factory/gui/utils/threading.py", line 99, in safe_gui_update
      root.after(0, wrapper)
    File "/usr/lib/python3.12/tkinter/__init__.py", line 872, in after
      name = self._register(callit)
             ^^^^^^^^^^^^^^^^^^^^^^
    File "/usr/lib/python3.12/tkinter/__init__.py", line 1603, in _register
      self.tk.createcommand(name, f)
  RuntimeError: main thread is not in main loop
  
  During handling of the above exception, another exception occurred:
  
  Traceback (most recent call last):
    File "/usr/lib/python3.12/threading.py", line 1073, in _bootstrap_inner
      self.run()
    File "/usr/lib/python3.12/threading.py", line 1010, in run
      self._target(*self._args, **self._kwargs)
    File "/mnt/MCPProyects/ragTools/rag_factory/gui/main_window.py", line 798, in load_strategy
      safe_gui_update(
    File "/mnt/MCPProyects/ragTools/rag_factory/gui/utils/threading.py", line 99, in safe_gui_update
      root.after(0, wrapper)
    File "/usr/lib/python3.12/tkinter/__init__.py", line 872, in after
      name = self._register(callit)
             ^^^^^^^^^^^^^^^^^^^^^^
    File "/usr/lib/python3.12/tkinter/__init__.py", line 1603, in _register
      self.tk.createcommand(name, f)
  RuntimeError: main thread is not in main loop
  
  Enable tracemalloc to get traceback where the object was allocated.
  See https://docs.pytest.org/en/stable/how-to/capture-warnings.html#resource-warnings for more info.
    warnings.warn(pytest.PytestUnhandledThreadExceptionWarning(msg))

tests/unit/gui/test_retrieval_operations.py::TestResultFormatting::test_format_results_with_multiple_results
  /mnt/MCPProyects/ragTools/venv/lib/python3.12/site-packages/_pytest/threadexception.py:58: PytestUnhandledThreadExceptionWarning: Exception in thread Thread-45 (retrieve_operation)
  
  Traceback (most recent call last):
    File "/mnt/MCPProyects/ragTools/rag_factory/gui/main_window.py", line 1141, in retrieve_operation
      results = loop.run_until_complete(
                ^^^^^^^^^^^^^^^^^^^^^^^^
    File "/usr/lib/python3.12/asyncio/base_events.py", line 666, in run_until_complete
      future = tasks.ensure_future(future, loop=self)
               ^^^^^^^^^^^^^^^^^^^^^^^^^^^^^^^^^^^^^^
    File "/usr/lib/python3.12/asyncio/tasks.py", line 689, in ensure_future
      raise TypeError('An asyncio.Future, a coroutine or an awaitable '
  TypeError: An asyncio.Future, a coroutine or an awaitable is required
  
  During handling of the above exception, another exception occurred:
  
  Traceback (most recent call last):
    File "/usr/lib/python3.12/threading.py", line 1073, in _bootstrap_inner
      self.run()
    File "/usr/lib/python3.12/threading.py", line 1010, in run
      self._target(*self._args, **self._kwargs)
    File "/mnt/MCPProyects/ragTools/rag_factory/gui/main_window.py", line 1174, in retrieve_operation
      safe_gui_update(
    File "/mnt/MCPProyects/ragTools/rag_factory/gui/utils/threading.py", line 99, in safe_gui_update
      root.after(0, wrapper)
    File "/usr/lib/python3.12/tkinter/__init__.py", line 872, in after
      name = self._register(callit)
             ^^^^^^^^^^^^^^^^^^^^^^
    File "/usr/lib/python3.12/tkinter/__init__.py", line 1603, in _register
      self.tk.createcommand(name, f)
  RuntimeError: main thread is not in main loop
  
  Enable tracemalloc to get traceback where the object was allocated.
  See https://docs.pytest.org/en/stable/how-to/capture-warnings.html#resource-warnings for more info.
    warnings.warn(pytest.PytestUnhandledThreadExceptionWarning(msg))

tests/unit/gui/test_retrieval_operations.py::TestResultFormatting::test_format_results_with_multiple_results
  /mnt/MCPProyects/ragTools/venv/lib/python3.12/site-packages/_pytest/threadexception.py:58: PytestUnhandledThreadExceptionWarning: Exception in thread Thread-44 (load_strategy)
  
  Traceback (most recent call last):
    File "/mnt/MCPProyects/ragTools/rag_factory/gui/main_window.py", line 774, in load_strategy
      indexing, retrieval = self.strategy_manager.load_pair(strategy_name)
      ^^^^^^^^^^^^^^^^^^^
  TypeError: cannot unpack non-iterable Mock object
  
  During handling of the above exception, another exception occurred:
  
  Traceback (most recent call last):
    File "/usr/lib/python3.12/threading.py", line 1073, in _bootstrap_inner
      self.run()
    File "/usr/lib/python3.12/threading.py", line 1010, in run
      self._target(*self._args, **self._kwargs)
    File "/mnt/MCPProyects/ragTools/rag_factory/gui/main_window.py", line 798, in load_strategy
      safe_gui_update(
    File "/mnt/MCPProyects/ragTools/rag_factory/gui/utils/threading.py", line 99, in safe_gui_update
      root.after(0, wrapper)
    File "/usr/lib/python3.12/tkinter/__init__.py", line 872, in after
      name = self._register(callit)
             ^^^^^^^^^^^^^^^^^^^^^^
    File "/usr/lib/python3.12/tkinter/__init__.py", line 1603, in _register
      self.tk.createcommand(name, f)
  RuntimeError: main thread is not in main loop
  
  Enable tracemalloc to get traceback where the object was allocated.
  See https://docs.pytest.org/en/stable/how-to/capture-warnings.html#resource-warnings for more info.
    warnings.warn(pytest.PytestUnhandledThreadExceptionWarning(msg))

tests/unit/gui/test_retrieval_operations.py::TestResultFormatting::test_content_truncation
  /mnt/MCPProyects/ragTools/venv/lib/python3.12/site-packages/_pytest/threadexception.py:58: PytestUnhandledThreadExceptionWarning: Exception in thread Thread-48 (load_strategy)
  
  Traceback (most recent call last):
    File "/mnt/MCPProyects/ragTools/rag_factory/gui/main_window.py", line 774, in load_strategy
      indexing, retrieval = self.strategy_manager.load_pair(strategy_name)
      ^^^^^^^^^^^^^^^^^^^
  TypeError: cannot unpack non-iterable Mock object
  
  During handling of the above exception, another exception occurred:
  
  Traceback (most recent call last):
    File "/usr/lib/python3.12/threading.py", line 1073, in _bootstrap_inner
      self.run()
    File "/usr/lib/python3.12/threading.py", line 1010, in run
      self._target(*self._args, **self._kwargs)
    File "/mnt/MCPProyects/ragTools/rag_factory/gui/main_window.py", line 798, in load_strategy
      safe_gui_update(
    File "/mnt/MCPProyects/ragTools/rag_factory/gui/utils/threading.py", line 99, in safe_gui_update
      root.after(0, wrapper)
    File "/usr/lib/python3.12/tkinter/__init__.py", line 872, in after
      name = self._register(callit)
             ^^^^^^^^^^^^^^^^^^^^^^
    File "/usr/lib/python3.12/tkinter/__init__.py", line 1603, in _register
      self.tk.createcommand(name, f)
  RuntimeError: main thread is not in main loop
  
  Enable tracemalloc to get traceback where the object was allocated.
  See https://docs.pytest.org/en/stable/how-to/capture-warnings.html#resource-warnings for more info.
    warnings.warn(pytest.PytestUnhandledThreadExceptionWarning(msg))

tests/unit/gui/test_retrieval_operations.py::TestResultFormatting::test_content_truncation
  /mnt/MCPProyects/ragTools/venv/lib/python3.12/site-packages/_pytest/threadexception.py:58: PytestUnhandledThreadExceptionWarning: Exception in thread Thread-46 (load_strategy)
  
  Traceback (most recent call last):
    File "/mnt/MCPProyects/ragTools/rag_factory/gui/main_window.py", line 774, in load_strategy
      indexing, retrieval = self.strategy_manager.load_pair(strategy_name)
      ^^^^^^^^^^^^^^^^^^^
  TypeError: cannot unpack non-iterable Mock object
  
  During handling of the above exception, another exception occurred:
  
  Traceback (most recent call last):
    File "/usr/lib/python3.12/threading.py", line 1073, in _bootstrap_inner
      self.run()
    File "/usr/lib/python3.12/threading.py", line 1010, in run
      self._target(*self._args, **self._kwargs)
    File "/mnt/MCPProyects/ragTools/rag_factory/gui/main_window.py", line 798, in load_strategy
      safe_gui_update(
    File "/mnt/MCPProyects/ragTools/rag_factory/gui/utils/threading.py", line 99, in safe_gui_update
      root.after(0, wrapper)
    File "/usr/lib/python3.12/tkinter/__init__.py", line 872, in after
      name = self._register(callit)
             ^^^^^^^^^^^^^^^^^^^^^^
    File "/usr/lib/python3.12/tkinter/__init__.py", line 1603, in _register
      self.tk.createcommand(name, f)
  RuntimeError: main thread is not in main loop
  
  Enable tracemalloc to get traceback where the object was allocated.
  See https://docs.pytest.org/en/stable/how-to/capture-warnings.html#resource-warnings for more info.
    warnings.warn(pytest.PytestUnhandledThreadExceptionWarning(msg))

tests/unit/gui/test_retrieval_operations.py::TestResultFormatting::test_rank_numbering
  /mnt/MCPProyects/ragTools/venv/lib/python3.12/site-packages/_pytest/threadexception.py:58: PytestUnhandledThreadExceptionWarning: Exception in thread Thread-47 (retrieve_operation)
  
  Traceback (most recent call last):
    File "/mnt/MCPProyects/ragTools/rag_factory/gui/main_window.py", line 1164, in retrieve_operation
      safe_gui_update(
    File "/mnt/MCPProyects/ragTools/rag_factory/gui/utils/threading.py", line 99, in safe_gui_update
      root.after(0, wrapper)
    File "/usr/lib/python3.12/tkinter/__init__.py", line 872, in after
      name = self._register(callit)
             ^^^^^^^^^^^^^^^^^^^^^^
    File "/usr/lib/python3.12/tkinter/__init__.py", line 1603, in _register
      self.tk.createcommand(name, f)
  RuntimeError: main thread is not in main loop
  
  During handling of the above exception, another exception occurred:
  
  Traceback (most recent call last):
    File "/usr/lib/python3.12/threading.py", line 1073, in _bootstrap_inner
      self.run()
    File "/usr/lib/python3.12/threading.py", line 1010, in run
      self._target(*self._args, **self._kwargs)
    File "/mnt/MCPProyects/ragTools/rag_factory/gui/main_window.py", line 1174, in retrieve_operation
      safe_gui_update(
    File "/mnt/MCPProyects/ragTools/rag_factory/gui/utils/threading.py", line 99, in safe_gui_update
      root.after(0, wrapper)
    File "/usr/lib/python3.12/tkinter/__init__.py", line 872, in after
      name = self._register(callit)
             ^^^^^^^^^^^^^^^^^^^^^^
    File "/usr/lib/python3.12/tkinter/__init__.py", line 1603, in _register
      self.tk.createcommand(name, f)
  RuntimeError: main thread is not in main loop
  
  Enable tracemalloc to get traceback where the object was allocated.
  See https://docs.pytest.org/en/stable/how-to/capture-warnings.html#resource-warnings for more info.
    warnings.warn(pytest.PytestUnhandledThreadExceptionWarning(msg))

tests/unit/gui/test_retrieval_operations.py::TestResultFormatting::test_rank_numbering
  /mnt/MCPProyects/ragTools/venv/lib/python3.12/site-packages/_pytest/threadexception.py:58: PytestUnhandledThreadExceptionWarning: Exception in thread Thread-49 (load_strategy)
  
  Traceback (most recent call last):
    File "/mnt/MCPProyects/ragTools/rag_factory/gui/main_window.py", line 774, in load_strategy
      indexing, retrieval = self.strategy_manager.load_pair(strategy_name)
      ^^^^^^^^^^^^^^^^^^^
  TypeError: cannot unpack non-iterable Mock object
  
  During handling of the above exception, another exception occurred:
  
  Traceback (most recent call last):
    File "/usr/lib/python3.12/threading.py", line 1073, in _bootstrap_inner
      self.run()
    File "/usr/lib/python3.12/threading.py", line 1010, in run
      self._target(*self._args, **self._kwargs)
    File "/mnt/MCPProyects/ragTools/rag_factory/gui/main_window.py", line 798, in load_strategy
      safe_gui_update(
    File "/mnt/MCPProyects/ragTools/rag_factory/gui/utils/threading.py", line 99, in safe_gui_update
      root.after(0, wrapper)
    File "/usr/lib/python3.12/tkinter/__init__.py", line 872, in after
      name = self._register(callit)
             ^^^^^^^^^^^^^^^^^^^^^^
    File "/usr/lib/python3.12/tkinter/__init__.py", line 1603, in _register
      self.tk.createcommand(name, f)
  RuntimeError: main thread is not in main loop
  
  Enable tracemalloc to get traceback where the object was allocated.
  See https://docs.pytest.org/en/stable/how-to/capture-warnings.html#resource-warnings for more info.
    warnings.warn(pytest.PytestUnhandledThreadExceptionWarning(msg))

tests/unit/gui/test_retrieval_operations.py::TestEmptyResultsHandling::test_empty_results_message
  /mnt/MCPProyects/ragTools/venv/lib/python3.12/site-packages/_pytest/threadexception.py:58: PytestUnhandledThreadExceptionWarning: Exception in thread Thread-51 (load_strategy)
  
  Traceback (most recent call last):
    File "/mnt/MCPProyects/ragTools/rag_factory/gui/main_window.py", line 774, in load_strategy
      indexing, retrieval = self.strategy_manager.load_pair(strategy_name)
      ^^^^^^^^^^^^^^^^^^^
  TypeError: cannot unpack non-iterable Mock object
  
  During handling of the above exception, another exception occurred:
  
  Traceback (most recent call last):
    File "/usr/lib/python3.12/threading.py", line 1073, in _bootstrap_inner
      self.run()
    File "/usr/lib/python3.12/threading.py", line 1010, in run
      self._target(*self._args, **self._kwargs)
    File "/mnt/MCPProyects/ragTools/rag_factory/gui/main_window.py", line 798, in load_strategy
      safe_gui_update(
    File "/mnt/MCPProyects/ragTools/rag_factory/gui/utils/threading.py", line 99, in safe_gui_update
      root.after(0, wrapper)
    File "/usr/lib/python3.12/tkinter/__init__.py", line 872, in after
      name = self._register(callit)
             ^^^^^^^^^^^^^^^^^^^^^^
    File "/usr/lib/python3.12/tkinter/__init__.py", line 1603, in _register
      self.tk.createcommand(name, f)
  RuntimeError: main thread is not in main loop
  
  Enable tracemalloc to get traceback where the object was allocated.
  See https://docs.pytest.org/en/stable/how-to/capture-warnings.html#resource-warnings for more info.
    warnings.warn(pytest.PytestUnhandledThreadExceptionWarning(msg))

tests/unit/gui/test_retrieval_operations.py::TestEmptyResultsHandling::test_empty_results_message
  /mnt/MCPProyects/ragTools/venv/lib/python3.12/site-packages/_pytest/threadexception.py:58: PytestUnhandledThreadExceptionWarning: Exception in thread Thread-50 (load_strategy)
  
  Traceback (most recent call last):
    File "/mnt/MCPProyects/ragTools/rag_factory/gui/main_window.py", line 774, in load_strategy
      indexing, retrieval = self.strategy_manager.load_pair(strategy_name)
      ^^^^^^^^^^^^^^^^^^^
  TypeError: cannot unpack non-iterable Mock object
  
  During handling of the above exception, another exception occurred:
  
  Traceback (most recent call last):
    File "/usr/lib/python3.12/threading.py", line 1073, in _bootstrap_inner
      self.run()
    File "/usr/lib/python3.12/threading.py", line 1010, in run
      self._target(*self._args, **self._kwargs)
    File "/mnt/MCPProyects/ragTools/rag_factory/gui/main_window.py", line 798, in load_strategy
      safe_gui_update(
    File "/mnt/MCPProyects/ragTools/rag_factory/gui/utils/threading.py", line 99, in safe_gui_update
      root.after(0, wrapper)
    File "/usr/lib/python3.12/tkinter/__init__.py", line 872, in after
      name = self._register(callit)
             ^^^^^^^^^^^^^^^^^^^^^^
    File "/usr/lib/python3.12/tkinter/__init__.py", line 1603, in _register
      self.tk.createcommand(name, f)
  RuntimeError: main thread is not in main loop
  
  Enable tracemalloc to get traceback where the object was allocated.
  See https://docs.pytest.org/en/stable/how-to/capture-warnings.html#resource-warnings for more info.
    warnings.warn(pytest.PytestUnhandledThreadExceptionWarning(msg))

tests/unit/gui/test_retrieval_operations.py::TestErrorHandling::test_error_handling_method_exists
  /mnt/MCPProyects/ragTools/venv/lib/python3.12/site-packages/_pytest/threadexception.py:58: PytestUnhandledThreadExceptionWarning: Exception in thread Thread-52 (load_strategy)
  
  Traceback (most recent call last):
    File "/mnt/MCPProyects/ragTools/rag_factory/gui/main_window.py", line 774, in load_strategy
      indexing, retrieval = self.strategy_manager.load_pair(strategy_name)
      ^^^^^^^^^^^^^^^^^^^
  TypeError: cannot unpack non-iterable Mock object
  
  During handling of the above exception, another exception occurred:
  
  Traceback (most recent call last):
    File "/usr/lib/python3.12/threading.py", line 1073, in _bootstrap_inner
      self.run()
    File "/usr/lib/python3.12/threading.py", line 1010, in run
      self._target(*self._args, **self._kwargs)
    File "/mnt/MCPProyects/ragTools/rag_factory/gui/main_window.py", line 798, in load_strategy
      safe_gui_update(
    File "/mnt/MCPProyects/ragTools/rag_factory/gui/utils/threading.py", line 99, in safe_gui_update
      root.after(0, wrapper)
    File "/usr/lib/python3.12/tkinter/__init__.py", line 872, in after
      name = self._register(callit)
             ^^^^^^^^^^^^^^^^^^^^^^
    File "/usr/lib/python3.12/tkinter/__init__.py", line 1603, in _register
      self.tk.createcommand(name, f)
  RuntimeError: main thread is not in main loop
  
  Enable tracemalloc to get traceback where the object was allocated.
  See https://docs.pytest.org/en/stable/how-to/capture-warnings.html#resource-warnings for more info.
    warnings.warn(pytest.PytestUnhandledThreadExceptionWarning(msg))

tests/unit/gui/test_retrieval_operations.py::TestErrorHandling::test_error_callback_works
  /mnt/MCPProyects/ragTools/venv/lib/python3.12/site-packages/_pytest/threadexception.py:58: PytestUnhandledThreadExceptionWarning: Exception in thread Thread-53 (load_strategy)
  
  Traceback (most recent call last):
    File "/mnt/MCPProyects/ragTools/rag_factory/gui/main_window.py", line 774, in load_strategy
      indexing, retrieval = self.strategy_manager.load_pair(strategy_name)
      ^^^^^^^^^^^^^^^^^^^
  TypeError: cannot unpack non-iterable Mock object
  
  During handling of the above exception, another exception occurred:
  
  Traceback (most recent call last):
    File "/usr/lib/python3.12/threading.py", line 1073, in _bootstrap_inner
      self.run()
    File "/usr/lib/python3.12/threading.py", line 1010, in run
      self._target(*self._args, **self._kwargs)
    File "/mnt/MCPProyects/ragTools/rag_factory/gui/main_window.py", line 798, in load_strategy
      safe_gui_update(
    File "/mnt/MCPProyects/ragTools/rag_factory/gui/utils/threading.py", line 99, in safe_gui_update
      root.after(0, wrapper)
    File "/usr/lib/python3.12/tkinter/__init__.py", line 872, in after
      name = self._register(callit)
             ^^^^^^^^^^^^^^^^^^^^^^
    File "/usr/lib/python3.12/tkinter/__init__.py", line 1603, in _register
      self.tk.createcommand(name, f)
  RuntimeError: main thread is not in main loop
  
  Enable tracemalloc to get traceback where the object was allocated.
  See https://docs.pytest.org/en/stable/how-to/capture-warnings.html#resource-warnings for more info.
    warnings.warn(pytest.PytestUnhandledThreadExceptionWarning(msg))

tests/unit/gui/test_retrieval_operations.py::TestErrorHandling::test_error_displays_in_results
  /mnt/MCPProyects/ragTools/venv/lib/python3.12/site-packages/_pytest/threadexception.py:58: PytestUnhandledThreadExceptionWarning: Exception in thread Thread-54 (load_strategy)
  
  Traceback (most recent call last):
    File "/mnt/MCPProyects/ragTools/rag_factory/gui/main_window.py", line 774, in load_strategy
      indexing, retrieval = self.strategy_manager.load_pair(strategy_name)
      ^^^^^^^^^^^^^^^^^^^
  TypeError: cannot unpack non-iterable Mock object
  
  During handling of the above exception, another exception occurred:
  
  Traceback (most recent call last):
    File "/usr/lib/python3.12/threading.py", line 1073, in _bootstrap_inner
      self.run()
    File "/usr/lib/python3.12/threading.py", line 1010, in run
      self._target(*self._args, **self._kwargs)
    File "/mnt/MCPProyects/ragTools/rag_factory/gui/main_window.py", line 798, in load_strategy
      safe_gui_update(
    File "/mnt/MCPProyects/ragTools/rag_factory/gui/utils/threading.py", line 99, in safe_gui_update
      root.after(0, wrapper)
    File "/usr/lib/python3.12/tkinter/__init__.py", line 872, in after
      name = self._register(callit)
             ^^^^^^^^^^^^^^^^^^^^^^
    File "/usr/lib/python3.12/tkinter/__init__.py", line 1603, in _register
      self.tk.createcommand(name, f)
  RuntimeError: main thread is not in main loop
  
  Enable tracemalloc to get traceback where the object was allocated.
  See https://docs.pytest.org/en/stable/how-to/capture-warnings.html#resource-warnings for more info.
    warnings.warn(pytest.PytestUnhandledThreadExceptionWarning(msg))

tests/unit/gui/test_retrieval_operations.py::TestErrorHandling::test_error_displays_in_results
  /mnt/MCPProyects/ragTools/venv/lib/python3.12/site-packages/_pytest/threadexception.py:58: PytestUnhandledThreadExceptionWarning: Exception in thread Thread-55 (load_strategy)
  
  Traceback (most recent call last):
    File "/mnt/MCPProyects/ragTools/rag_factory/gui/main_window.py", line 774, in load_strategy
      indexing, retrieval = self.strategy_manager.load_pair(strategy_name)
      ^^^^^^^^^^^^^^^^^^^
  TypeError: cannot unpack non-iterable Mock object
  
  During handling of the above exception, another exception occurred:
  
  Traceback (most recent call last):
    File "/usr/lib/python3.12/threading.py", line 1073, in _bootstrap_inner
      self.run()
    File "/usr/lib/python3.12/threading.py", line 1010, in run
      self._target(*self._args, **self._kwargs)
    File "/mnt/MCPProyects/ragTools/rag_factory/gui/main_window.py", line 798, in load_strategy
      safe_gui_update(
    File "/mnt/MCPProyects/ragTools/rag_factory/gui/utils/threading.py", line 99, in safe_gui_update
      root.after(0, wrapper)
    File "/usr/lib/python3.12/tkinter/__init__.py", line 872, in after
      name = self._register(callit)
             ^^^^^^^^^^^^^^^^^^^^^^
    File "/usr/lib/python3.12/tkinter/__init__.py", line 1603, in _register
      self.tk.createcommand(name, f)
  RuntimeError: main thread is not in main loop
  
  Enable tracemalloc to get traceback where the object was allocated.
  See https://docs.pytest.org/en/stable/how-to/capture-warnings.html#resource-warnings for more info.
    warnings.warn(pytest.PytestUnhandledThreadExceptionWarning(msg))

tests/unit/gui/test_retrieval_operations.py::TestProgressIndication::test_status_bar_updated
  /mnt/MCPProyects/ragTools/venv/lib/python3.12/site-packages/_pytest/threadexception.py:58: PytestUnhandledThreadExceptionWarning: Exception in thread Thread-56 (load_strategy)
  
  Traceback (most recent call last):
    File "/mnt/MCPProyects/ragTools/rag_factory/gui/main_window.py", line 774, in load_strategy
      indexing, retrieval = self.strategy_manager.load_pair(strategy_name)
      ^^^^^^^^^^^^^^^^^^^
  TypeError: cannot unpack non-iterable Mock object
  
  During handling of the above exception, another exception occurred:
  
  Traceback (most recent call last):
    File "/usr/lib/python3.12/threading.py", line 1073, in _bootstrap_inner
      self.run()
    File "/usr/lib/python3.12/threading.py", line 1010, in run
      self._target(*self._args, **self._kwargs)
    File "/mnt/MCPProyects/ragTools/rag_factory/gui/main_window.py", line 798, in load_strategy
      safe_gui_update(
    File "/mnt/MCPProyects/ragTools/rag_factory/gui/utils/threading.py", line 99, in safe_gui_update
      root.after(0, wrapper)
    File "/usr/lib/python3.12/tkinter/__init__.py", line 872, in after
      name = self._register(callit)
             ^^^^^^^^^^^^^^^^^^^^^^
    File "/usr/lib/python3.12/tkinter/__init__.py", line 1603, in _register
      self.tk.createcommand(name, f)
  RuntimeError: main thread is not in main loop
  
  Enable tracemalloc to get traceback where the object was allocated.
  See https://docs.pytest.org/en/stable/how-to/capture-warnings.html#resource-warnings for more info.
    warnings.warn(pytest.PytestUnhandledThreadExceptionWarning(msg))

tests/unit/gui/test_retrieval_operations.py::TestCompletionHandlers::test_completion_handler_displays_results
  /mnt/MCPProyects/ragTools/venv/lib/python3.12/site-packages/_pytest/threadexception.py:58: PytestUnhandledThreadExceptionWarning: Exception in thread Thread-57 (load_strategy)
  
  Traceback (most recent call last):
    File "/mnt/MCPProyects/ragTools/rag_factory/gui/main_window.py", line 774, in load_strategy
      indexing, retrieval = self.strategy_manager.load_pair(strategy_name)
      ^^^^^^^^^^^^^^^^^^^
  TypeError: cannot unpack non-iterable Mock object
  
  During handling of the above exception, another exception occurred:
  
  Traceback (most recent call last):
    File "/usr/lib/python3.12/threading.py", line 1073, in _bootstrap_inner
      self.run()
    File "/usr/lib/python3.12/threading.py", line 1010, in run
      self._target(*self._args, **self._kwargs)
    File "/mnt/MCPProyects/ragTools/rag_factory/gui/main_window.py", line 798, in load_strategy
      safe_gui_update(
    File "/mnt/MCPProyects/ragTools/rag_factory/gui/utils/threading.py", line 99, in safe_gui_update
      root.after(0, wrapper)
    File "/usr/lib/python3.12/tkinter/__init__.py", line 872, in after
      name = self._register(callit)
             ^^^^^^^^^^^^^^^^^^^^^^
    File "/usr/lib/python3.12/tkinter/__init__.py", line 1603, in _register
      self.tk.createcommand(name, f)
  RuntimeError: main thread is not in main loop
  
  Enable tracemalloc to get traceback where the object was allocated.
  See https://docs.pytest.org/en/stable/how-to/capture-warnings.html#resource-warnings for more info.
    warnings.warn(pytest.PytestUnhandledThreadExceptionWarning(msg))

tests/unit/gui/test_utility_operations.py::TestClearAllData::test_clear_data_with_no_data
  /mnt/MCPProyects/ragTools/venv/lib/python3.12/site-packages/_pytest/threadexception.py:58: PytestUnhandledThreadExceptionWarning: Exception in thread Thread-59 (load_strategy)
  
  Traceback (most recent call last):
    File "/mnt/MCPProyects/ragTools/rag_factory/gui/main_window.py", line 774, in load_strategy
      indexing, retrieval = self.strategy_manager.load_pair(strategy_name)
      ^^^^^^^^^^^^^^^^^^^
  TypeError: cannot unpack non-iterable Mock object
  
  During handling of the above exception, another exception occurred:
  
  Traceback (most recent call last):
    File "/usr/lib/python3.12/threading.py", line 1073, in _bootstrap_inner
      self.run()
    File "/usr/lib/python3.12/threading.py", line 1010, in run
      self._target(*self._args, **self._kwargs)
    File "/mnt/MCPProyects/ragTools/rag_factory/gui/main_window.py", line 798, in load_strategy
      safe_gui_update(
    File "/mnt/MCPProyects/ragTools/rag_factory/gui/utils/threading.py", line 99, in safe_gui_update
      root.after(0, wrapper)
    File "/usr/lib/python3.12/tkinter/__init__.py", line 872, in after
      name = self._register(callit)
             ^^^^^^^^^^^^^^^^^^^^^^
    File "/usr/lib/python3.12/tkinter/__init__.py", line 1603, in _register
      self.tk.createcommand(name, f)
  RuntimeError: main thread is not in main loop
  
  Enable tracemalloc to get traceback where the object was allocated.
  See https://docs.pytest.org/en/stable/how-to/capture-warnings.html#resource-warnings for more info.
    warnings.warn(pytest.PytestUnhandledThreadExceptionWarning(msg))

tests/unit/gui/test_utility_operations.py::TestClearAllData::test_clear_data_confirmation_dialog
  /mnt/MCPProyects/ragTools/venv/lib/python3.12/site-packages/_pytest/threadexception.py:58: PytestUnhandledThreadExceptionWarning: Exception in thread Thread-58 (retrieve_operation)
  
  Traceback (most recent call last):
    File "/mnt/MCPProyects/ragTools/rag_factory/gui/main_window.py", line 1164, in retrieve_operation
      safe_gui_update(
    File "/mnt/MCPProyects/ragTools/rag_factory/gui/utils/threading.py", line 99, in safe_gui_update
      root.after(0, wrapper)
    File "/usr/lib/python3.12/tkinter/__init__.py", line 872, in after
      name = self._register(callit)
             ^^^^^^^^^^^^^^^^^^^^^^
    File "/usr/lib/python3.12/tkinter/__init__.py", line 1603, in _register
      self.tk.createcommand(name, f)
  RuntimeError: main thread is not in main loop
  
  During handling of the above exception, another exception occurred:
  
  Traceback (most recent call last):
    File "/usr/lib/python3.12/threading.py", line 1073, in _bootstrap_inner
      self.run()
    File "/usr/lib/python3.12/threading.py", line 1010, in run
      self._target(*self._args, **self._kwargs)
    File "/mnt/MCPProyects/ragTools/rag_factory/gui/main_window.py", line 1174, in retrieve_operation
      safe_gui_update(
    File "/mnt/MCPProyects/ragTools/rag_factory/gui/utils/threading.py", line 99, in safe_gui_update
      root.after(0, wrapper)
    File "/usr/lib/python3.12/tkinter/__init__.py", line 872, in after
      name = self._register(callit)
             ^^^^^^^^^^^^^^^^^^^^^^
    File "/usr/lib/python3.12/tkinter/__init__.py", line 1603, in _register
      self.tk.createcommand(name, f)
  RuntimeError: main thread is not in main loop
  
  Enable tracemalloc to get traceback where the object was allocated.
  See https://docs.pytest.org/en/stable/how-to/capture-warnings.html#resource-warnings for more info.
    warnings.warn(pytest.PytestUnhandledThreadExceptionWarning(msg))

tests/unit/gui/test_utility_operations.py::TestClearAllData::test_clear_data_confirmation_dialog
  /mnt/MCPProyects/ragTools/venv/lib/python3.12/site-packages/_pytest/threadexception.py:58: PytestUnhandledThreadExceptionWarning: Exception in thread Thread-61 (load_strategy)
  
  Traceback (most recent call last):
    File "/mnt/MCPProyects/ragTools/rag_factory/gui/main_window.py", line 774, in load_strategy
      indexing, retrieval = self.strategy_manager.load_pair(strategy_name)
      ^^^^^^^^^^^^^^^^^^^
  TypeError: cannot unpack non-iterable Mock object
  
  During handling of the above exception, another exception occurred:
  
  Traceback (most recent call last):
    File "/usr/lib/python3.12/threading.py", line 1073, in _bootstrap_inner
      self.run()
    File "/usr/lib/python3.12/threading.py", line 1010, in run
      self._target(*self._args, **self._kwargs)
    File "/mnt/MCPProyects/ragTools/rag_factory/gui/main_window.py", line 798, in load_strategy
      safe_gui_update(
    File "/mnt/MCPProyects/ragTools/rag_factory/gui/utils/threading.py", line 99, in safe_gui_update
      root.after(0, wrapper)
    File "/usr/lib/python3.12/tkinter/__init__.py", line 872, in after
      name = self._register(callit)
             ^^^^^^^^^^^^^^^^^^^^^^
    File "/usr/lib/python3.12/tkinter/__init__.py", line 1603, in _register
      self.tk.createcommand(name, f)
  RuntimeError: main thread is not in main loop
  
  Enable tracemalloc to get traceback where the object was allocated.
  See https://docs.pytest.org/en/stable/how-to/capture-warnings.html#resource-warnings for more info.
    warnings.warn(pytest.PytestUnhandledThreadExceptionWarning(msg))

tests/unit/gui/test_utility_operations.py::TestClearAllData::test_clear_data_execution
  /mnt/MCPProyects/ragTools/venv/lib/python3.12/site-packages/_pytest/threadexception.py:58: PytestUnhandledThreadExceptionWarning: Exception in thread Thread-60 (retrieve_operation)
  
  Traceback (most recent call last):
    File "/mnt/MCPProyects/ragTools/rag_factory/gui/main_window.py", line 1164, in retrieve_operation
      safe_gui_update(
    File "/mnt/MCPProyects/ragTools/rag_factory/gui/utils/threading.py", line 99, in safe_gui_update
      root.after(0, wrapper)
    File "/usr/lib/python3.12/tkinter/__init__.py", line 872, in after
      name = self._register(callit)
             ^^^^^^^^^^^^^^^^^^^^^^
    File "/usr/lib/python3.12/tkinter/__init__.py", line 1603, in _register
      self.tk.createcommand(name, f)
  RuntimeError: main thread is not in main loop
  
  During handling of the above exception, another exception occurred:
  
  Traceback (most recent call last):
    File "/usr/lib/python3.12/threading.py", line 1073, in _bootstrap_inner
      self.run()
    File "/usr/lib/python3.12/threading.py", line 1010, in run
      self._target(*self._args, **self._kwargs)
    File "/mnt/MCPProyects/ragTools/rag_factory/gui/main_window.py", line 1174, in retrieve_operation
      safe_gui_update(
    File "/mnt/MCPProyects/ragTools/rag_factory/gui/utils/threading.py", line 99, in safe_gui_update
      root.after(0, wrapper)
    File "/usr/lib/python3.12/tkinter/__init__.py", line 872, in after
      name = self._register(callit)
             ^^^^^^^^^^^^^^^^^^^^^^
    File "/usr/lib/python3.12/tkinter/__init__.py", line 1603, in _register
      self.tk.createcommand(name, f)
  RuntimeError: main thread is not in main loop
  
  Enable tracemalloc to get traceback where the object was allocated.
  See https://docs.pytest.org/en/stable/how-to/capture-warnings.html#resource-warnings for more info.
    warnings.warn(pytest.PytestUnhandledThreadExceptionWarning(msg))

tests/unit/gui/test_utility_operations.py::TestClearAllData::test_clear_data_execution
  /mnt/MCPProyects/ragTools/venv/lib/python3.12/site-packages/_pytest/threadexception.py:58: PytestUnhandledThreadExceptionWarning: Exception in thread Thread-62 (load_strategy)
  
  Traceback (most recent call last):
    File "/mnt/MCPProyects/ragTools/rag_factory/gui/main_window.py", line 774, in load_strategy
      indexing, retrieval = self.strategy_manager.load_pair(strategy_name)
      ^^^^^^^^^^^^^^^^^^^
  TypeError: cannot unpack non-iterable Mock object
  
  During handling of the above exception, another exception occurred:
  
  Traceback (most recent call last):
    File "/usr/lib/python3.12/threading.py", line 1073, in _bootstrap_inner
      self.run()
    File "/usr/lib/python3.12/threading.py", line 1010, in run
      self._target(*self._args, **self._kwargs)
    File "/mnt/MCPProyects/ragTools/rag_factory/gui/main_window.py", line 798, in load_strategy
      safe_gui_update(
    File "/mnt/MCPProyects/ragTools/rag_factory/gui/utils/threading.py", line 99, in safe_gui_update
      root.after(0, wrapper)
    File "/usr/lib/python3.12/tkinter/__init__.py", line 872, in after
      name = self._register(callit)
             ^^^^^^^^^^^^^^^^^^^^^^
    File "/usr/lib/python3.12/tkinter/__init__.py", line 1603, in _register
      self.tk.createcommand(name, f)
  RuntimeError: main thread is not in main loop
  
  Enable tracemalloc to get traceback where the object was allocated.
  See https://docs.pytest.org/en/stable/how-to/capture-warnings.html#resource-warnings for more info.
    warnings.warn(pytest.PytestUnhandledThreadExceptionWarning(msg))

tests/unit/gui/test_utility_operations.py::TestClearAllData::test_clear_data_execution
  /mnt/MCPProyects/ragTools/venv/lib/python3.12/site-packages/_pytest/threadexception.py:58: PytestUnhandledThreadExceptionWarning: Exception in thread Thread-63 (load_strategy)
  
  Traceback (most recent call last):
    File "/mnt/MCPProyects/ragTools/rag_factory/gui/main_window.py", line 774, in load_strategy
      indexing, retrieval = self.strategy_manager.load_pair(strategy_name)
      ^^^^^^^^^^^^^^^^^^^
  TypeError: cannot unpack non-iterable Mock object
  
  During handling of the above exception, another exception occurred:
  
  Traceback (most recent call last):
    File "/usr/lib/python3.12/threading.py", line 1073, in _bootstrap_inner
      self.run()
    File "/usr/lib/python3.12/threading.py", line 1010, in run
      self._target(*self._args, **self._kwargs)
    File "/mnt/MCPProyects/ragTools/rag_factory/gui/main_window.py", line 798, in load_strategy
      safe_gui_update(
    File "/mnt/MCPProyects/ragTools/rag_factory/gui/utils/threading.py", line 99, in safe_gui_update
      root.after(0, wrapper)
    File "/usr/lib/python3.12/tkinter/__init__.py", line 872, in after
      name = self._register(callit)
             ^^^^^^^^^^^^^^^^^^^^^^
    File "/usr/lib/python3.12/tkinter/__init__.py", line 1603, in _register
      self.tk.createcommand(name, f)
  RuntimeError: main thread is not in main loop
  
  Enable tracemalloc to get traceback where the object was allocated.
  See https://docs.pytest.org/en/stable/how-to/capture-warnings.html#resource-warnings for more info.
    warnings.warn(pytest.PytestUnhandledThreadExceptionWarning(msg))

tests/unit/gui/test_utility_operations.py::TestClearAllData::test_clear_data_database_integration
  /mnt/MCPProyects/ragTools/venv/lib/python3.12/site-packages/_pytest/threadexception.py:58: PytestUnhandledThreadExceptionWarning: Exception in thread Thread-64 (load_strategy)
  
  Traceback (most recent call last):
    File "/mnt/MCPProyects/ragTools/rag_factory/gui/main_window.py", line 774, in load_strategy
      indexing, retrieval = self.strategy_manager.load_pair(strategy_name)
      ^^^^^^^^^^^^^^^^^^^
  TypeError: cannot unpack non-iterable Mock object
  
  During handling of the above exception, another exception occurred:
  
  Traceback (most recent call last):
    File "/usr/lib/python3.12/threading.py", line 1073, in _bootstrap_inner
      self.run()
    File "/usr/lib/python3.12/threading.py", line 1010, in run
      self._target(*self._args, **self._kwargs)
    File "/mnt/MCPProyects/ragTools/rag_factory/gui/main_window.py", line 798, in load_strategy
      safe_gui_update(
    File "/mnt/MCPProyects/ragTools/rag_factory/gui/utils/threading.py", line 99, in safe_gui_update
      root.after(0, wrapper)
    File "/usr/lib/python3.12/tkinter/__init__.py", line 872, in after
      name = self._register(callit)
             ^^^^^^^^^^^^^^^^^^^^^^
    File "/usr/lib/python3.12/tkinter/__init__.py", line 1603, in _register
      self.tk.createcommand(name, f)
  RuntimeError: main thread is not in main loop
  
  Enable tracemalloc to get traceback where the object was allocated.
  See https://docs.pytest.org/en/stable/how-to/capture-warnings.html#resource-warnings for more info.
    warnings.warn(pytest.PytestUnhandledThreadExceptionWarning(msg))

tests/unit/gui/test_utility_operations.py::TestLogCapture::test_log_buffer_initialized
  /mnt/MCPProyects/ragTools/venv/lib/python3.12/site-packages/_pytest/threadexception.py:58: PytestUnhandledThreadExceptionWarning: Exception in thread Thread-65 (load_strategy)
  
  Traceback (most recent call last):
    File "/mnt/MCPProyects/ragTools/rag_factory/gui/main_window.py", line 774, in load_strategy
      indexing, retrieval = self.strategy_manager.load_pair(strategy_name)
      ^^^^^^^^^^^^^^^^^^^
  TypeError: cannot unpack non-iterable Mock object
  
  During handling of the above exception, another exception occurred:
  
  Traceback (most recent call last):
    File "/usr/lib/python3.12/threading.py", line 1073, in _bootstrap_inner
      self.run()
    File "/usr/lib/python3.12/threading.py", line 1010, in run
      self._target(*self._args, **self._kwargs)
    File "/mnt/MCPProyects/ragTools/rag_factory/gui/main_window.py", line 798, in load_strategy
      safe_gui_update(
    File "/mnt/MCPProyects/ragTools/rag_factory/gui/utils/threading.py", line 99, in safe_gui_update
      root.after(0, wrapper)
    File "/usr/lib/python3.12/tkinter/__init__.py", line 872, in after
      name = self._register(callit)
             ^^^^^^^^^^^^^^^^^^^^^^
    File "/usr/lib/python3.12/tkinter/__init__.py", line 1603, in _register
      self.tk.createcommand(name, f)
  RuntimeError: main thread is not in main loop
  
  Enable tracemalloc to get traceback where the object was allocated.
  See https://docs.pytest.org/en/stable/how-to/capture-warnings.html#resource-warnings for more info.
    warnings.warn(pytest.PytestUnhandledThreadExceptionWarning(msg))

tests/unit/gui/test_utility_operations.py::TestLogCapture::test_log_capture_works
  /mnt/MCPProyects/ragTools/venv/lib/python3.12/site-packages/_pytest/threadexception.py:58: PytestUnhandledThreadExceptionWarning: Exception in thread Thread-67 (load_strategy)
  
  Traceback (most recent call last):
    File "/mnt/MCPProyects/ragTools/rag_factory/gui/main_window.py", line 774, in load_strategy
      indexing, retrieval = self.strategy_manager.load_pair(strategy_name)
      ^^^^^^^^^^^^^^^^^^^
  TypeError: cannot unpack non-iterable Mock object
  
  During handling of the above exception, another exception occurred:
  
  Traceback (most recent call last):
    File "/usr/lib/python3.12/threading.py", line 1073, in _bootstrap_inner
      self.run()
    File "/usr/lib/python3.12/threading.py", line 1010, in run
      self._target(*self._args, **self._kwargs)
    File "/mnt/MCPProyects/ragTools/rag_factory/gui/main_window.py", line 798, in load_strategy
      safe_gui_update(
    File "/mnt/MCPProyects/ragTools/rag_factory/gui/utils/threading.py", line 99, in safe_gui_update
      root.after(0, wrapper)
    File "/usr/lib/python3.12/tkinter/__init__.py", line 872, in after
      name = self._register(callit)
             ^^^^^^^^^^^^^^^^^^^^^^
    File "/usr/lib/python3.12/tkinter/__init__.py", line 1603, in _register
      self.tk.createcommand(name, f)
  RuntimeError: main thread is not in main loop
  
  Enable tracemalloc to get traceback where the object was allocated.
  See https://docs.pytest.org/en/stable/how-to/capture-warnings.html#resource-warnings for more info.
    warnings.warn(pytest.PytestUnhandledThreadExceptionWarning(msg))

tests/unit/gui/test_utility_operations.py::TestLogCapture::test_log_capture_works
  /mnt/MCPProyects/ragTools/venv/lib/python3.12/site-packages/_pytest/threadexception.py:58: PytestUnhandledThreadExceptionWarning: Exception in thread Thread-66 (load_strategy)
  
  Traceback (most recent call last):
    File "/mnt/MCPProyects/ragTools/rag_factory/gui/main_window.py", line 774, in load_strategy
      indexing, retrieval = self.strategy_manager.load_pair(strategy_name)
      ^^^^^^^^^^^^^^^^^^^
  TypeError: cannot unpack non-iterable Mock object
  
  During handling of the above exception, another exception occurred:
  
  Traceback (most recent call last):
    File "/usr/lib/python3.12/threading.py", line 1073, in _bootstrap_inner
      self.run()
    File "/usr/lib/python3.12/threading.py", line 1010, in run
      self._target(*self._args, **self._kwargs)
    File "/mnt/MCPProyects/ragTools/rag_factory/gui/main_window.py", line 798, in load_strategy
      safe_gui_update(
    File "/mnt/MCPProyects/ragTools/rag_factory/gui/utils/threading.py", line 99, in safe_gui_update
      root.after(0, wrapper)
    File "/usr/lib/python3.12/tkinter/__init__.py", line 872, in after
      name = self._register(callit)
             ^^^^^^^^^^^^^^^^^^^^^^
    File "/usr/lib/python3.12/tkinter/__init__.py", line 1603, in _register
      self.tk.createcommand(name, f)
  RuntimeError: main thread is not in main loop
  
  Enable tracemalloc to get traceback where the object was allocated.
  See https://docs.pytest.org/en/stable/how-to/capture-warnings.html#resource-warnings for more info.
    warnings.warn(pytest.PytestUnhandledThreadExceptionWarning(msg))

tests/unit/gui/test_utility_operations.py::TestLogCapture::test_log_buffer_limit
  /mnt/MCPProyects/ragTools/venv/lib/python3.12/site-packages/_pytest/threadexception.py:58: PytestUnhandledThreadExceptionWarning: Exception in thread Thread-68 (load_strategy)
  
  Traceback (most recent call last):
    File "/mnt/MCPProyects/ragTools/rag_factory/gui/main_window.py", line 774, in load_strategy
      indexing, retrieval = self.strategy_manager.load_pair(strategy_name)
      ^^^^^^^^^^^^^^^^^^^
  TypeError: cannot unpack non-iterable Mock object
  
  During handling of the above exception, another exception occurred:
  
  Traceback (most recent call last):
    File "/usr/lib/python3.12/threading.py", line 1073, in _bootstrap_inner
      self.run()
    File "/usr/lib/python3.12/threading.py", line 1010, in run
      self._target(*self._args, **self._kwargs)
    File "/mnt/MCPProyects/ragTools/rag_factory/gui/main_window.py", line 798, in load_strategy
      safe_gui_update(
    File "/mnt/MCPProyects/ragTools/rag_factory/gui/utils/threading.py", line 99, in safe_gui_update
      root.after(0, wrapper)
    File "/usr/lib/python3.12/tkinter/__init__.py", line 872, in after
      name = self._register(callit)
             ^^^^^^^^^^^^^^^^^^^^^^
    File "/usr/lib/python3.12/tkinter/__init__.py", line 1603, in _register
      self.tk.createcommand(name, f)
  RuntimeError: main thread is not in main loop
  
  Enable tracemalloc to get traceback where the object was allocated.
  See https://docs.pytest.org/en/stable/how-to/capture-warnings.html#resource-warnings for more info.
    warnings.warn(pytest.PytestUnhandledThreadExceptionWarning(msg))

tests/unit/gui/test_utility_operations.py::TestViewLogs::test_view_logs_opens_window
  /mnt/MCPProyects/ragTools/venv/lib/python3.12/site-packages/_pytest/threadexception.py:58: PytestUnhandledThreadExceptionWarning: Exception in thread Thread-69 (load_strategy)
  
  Traceback (most recent call last):
    File "/mnt/MCPProyects/ragTools/rag_factory/gui/main_window.py", line 774, in load_strategy
      indexing, retrieval = self.strategy_manager.load_pair(strategy_name)
      ^^^^^^^^^^^^^^^^^^^
  TypeError: cannot unpack non-iterable Mock object
  
  During handling of the above exception, another exception occurred:
  
  Traceback (most recent call last):
    File "/usr/lib/python3.12/threading.py", line 1073, in _bootstrap_inner
      self.run()
    File "/usr/lib/python3.12/threading.py", line 1010, in run
      self._target(*self._args, **self._kwargs)
    File "/mnt/MCPProyects/ragTools/rag_factory/gui/main_window.py", line 798, in load_strategy
      safe_gui_update(
    File "/mnt/MCPProyects/ragTools/rag_factory/gui/utils/threading.py", line 99, in safe_gui_update
      root.after(0, wrapper)
    File "/usr/lib/python3.12/tkinter/__init__.py", line 872, in after
      name = self._register(callit)
             ^^^^^^^^^^^^^^^^^^^^^^
    File "/usr/lib/python3.12/tkinter/__init__.py", line 1603, in _register
      self.tk.createcommand(name, f)
  RuntimeError: main thread is not in main loop
  
  Enable tracemalloc to get traceback where the object was allocated.
  See https://docs.pytest.org/en/stable/how-to/capture-warnings.html#resource-warnings for more info.
    warnings.warn(pytest.PytestUnhandledThreadExceptionWarning(msg))

tests/unit/gui/test_utility_operations.py::TestViewLogs::test_view_logs_method_exists
  /mnt/MCPProyects/ragTools/venv/lib/python3.12/site-packages/_pytest/threadexception.py:58: PytestUnhandledThreadExceptionWarning: Exception in thread Thread-70 (load_strategy)
  
  Traceback (most recent call last):
    File "/mnt/MCPProyects/ragTools/rag_factory/gui/main_window.py", line 774, in load_strategy
      indexing, retrieval = self.strategy_manager.load_pair(strategy_name)
      ^^^^^^^^^^^^^^^^^^^
  TypeError: cannot unpack non-iterable Mock object
  
  During handling of the above exception, another exception occurred:
  
  Traceback (most recent call last):
    File "/usr/lib/python3.12/threading.py", line 1073, in _bootstrap_inner
      self.run()
    File "/usr/lib/python3.12/threading.py", line 1010, in run
      self._target(*self._args, **self._kwargs)
    File "/mnt/MCPProyects/ragTools/rag_factory/gui/main_window.py", line 798, in load_strategy
      safe_gui_update(
    File "/mnt/MCPProyects/ragTools/rag_factory/gui/utils/threading.py", line 99, in safe_gui_update
      root.after(0, wrapper)
    File "/usr/lib/python3.12/tkinter/__init__.py", line 872, in after
      name = self._register(callit)
             ^^^^^^^^^^^^^^^^^^^^^^
    File "/usr/lib/python3.12/tkinter/__init__.py", line 1603, in _register
      self.tk.createcommand(name, f)
  RuntimeError: main thread is not in main loop
  
  Enable tracemalloc to get traceback where the object was allocated.
  See https://docs.pytest.org/en/stable/how-to/capture-warnings.html#resource-warnings for more info.
    warnings.warn(pytest.PytestUnhandledThreadExceptionWarning(msg))

tests/unit/gui/test_utility_operations.py::TestHelpDialog::test_help_dialog_opens
  /mnt/MCPProyects/ragTools/venv/lib/python3.12/site-packages/_pytest/threadexception.py:58: PytestUnhandledThreadExceptionWarning: Exception in thread Thread-71 (load_strategy)
  
  Traceback (most recent call last):
    File "/mnt/MCPProyects/ragTools/rag_factory/gui/main_window.py", line 774, in load_strategy
      indexing, retrieval = self.strategy_manager.load_pair(strategy_name)
      ^^^^^^^^^^^^^^^^^^^
  TypeError: cannot unpack non-iterable Mock object
  
  During handling of the above exception, another exception occurred:
  
  Traceback (most recent call last):
    File "/usr/lib/python3.12/threading.py", line 1073, in _bootstrap_inner
      self.run()
    File "/usr/lib/python3.12/threading.py", line 1010, in run
      self._target(*self._args, **self._kwargs)
    File "/mnt/MCPProyects/ragTools/rag_factory/gui/main_window.py", line 798, in load_strategy
      safe_gui_update(
    File "/mnt/MCPProyects/ragTools/rag_factory/gui/utils/threading.py", line 99, in safe_gui_update
      root.after(0, wrapper)
    File "/usr/lib/python3.12/tkinter/__init__.py", line 872, in after
      name = self._register(callit)
             ^^^^^^^^^^^^^^^^^^^^^^
    File "/usr/lib/python3.12/tkinter/__init__.py", line 1603, in _register
      self.tk.createcommand(name, f)
  RuntimeError: main thread is not in main loop
  
  Enable tracemalloc to get traceback where the object was allocated.
  See https://docs.pytest.org/en/stable/how-to/capture-warnings.html#resource-warnings for more info.
    warnings.warn(pytest.PytestUnhandledThreadExceptionWarning(msg))

tests/unit/gui/test_utility_operations.py::TestHelpDialog::test_help_method_exists
  /mnt/MCPProyects/ragTools/venv/lib/python3.12/site-packages/_pytest/threadexception.py:58: PytestUnhandledThreadExceptionWarning: Exception in thread Thread-72 (load_strategy)
  
  Traceback (most recent call last):
    File "/mnt/MCPProyects/ragTools/rag_factory/gui/main_window.py", line 774, in load_strategy
      indexing, retrieval = self.strategy_manager.load_pair(strategy_name)
      ^^^^^^^^^^^^^^^^^^^
  TypeError: cannot unpack non-iterable Mock object
  
  During handling of the above exception, another exception occurred:
  
  Traceback (most recent call last):
    File "/usr/lib/python3.12/threading.py", line 1073, in _bootstrap_inner
      self.run()
    File "/usr/lib/python3.12/threading.py", line 1010, in run
      self._target(*self._args, **self._kwargs)
    File "/mnt/MCPProyects/ragTools/rag_factory/gui/main_window.py", line 798, in load_strategy
      safe_gui_update(
    File "/mnt/MCPProyects/ragTools/rag_factory/gui/utils/threading.py", line 99, in safe_gui_update
      root.after(0, wrapper)
    File "/usr/lib/python3.12/tkinter/__init__.py", line 872, in after
      name = self._register(callit)
             ^^^^^^^^^^^^^^^^^^^^^^
    File "/usr/lib/python3.12/tkinter/__init__.py", line 1603, in _register
      self.tk.createcommand(name, f)
  RuntimeError: main thread is not in main loop
  
  Enable tracemalloc to get traceback where the object was allocated.
  See https://docs.pytest.org/en/stable/how-to/capture-warnings.html#resource-warnings for more info.
    warnings.warn(pytest.PytestUnhandledThreadExceptionWarning(msg))

tests/unit/gui/test_utility_operations.py::TestSettingsPlaceholder::test_settings_shows_placeholder
  /mnt/MCPProyects/ragTools/venv/lib/python3.12/site-packages/_pytest/threadexception.py:58: PytestUnhandledThreadExceptionWarning: Exception in thread Thread-73 (load_strategy)
  
  Traceback (most recent call last):
    File "/mnt/MCPProyects/ragTools/rag_factory/gui/main_window.py", line 774, in load_strategy
      indexing, retrieval = self.strategy_manager.load_pair(strategy_name)
      ^^^^^^^^^^^^^^^^^^^
  TypeError: cannot unpack non-iterable Mock object
  
  During handling of the above exception, another exception occurred:
  
  Traceback (most recent call last):
    File "/usr/lib/python3.12/threading.py", line 1073, in _bootstrap_inner
      self.run()
    File "/usr/lib/python3.12/threading.py", line 1010, in run
      self._target(*self._args, **self._kwargs)
    File "/mnt/MCPProyects/ragTools/rag_factory/gui/main_window.py", line 798, in load_strategy
      safe_gui_update(
    File "/mnt/MCPProyects/ragTools/rag_factory/gui/utils/threading.py", line 99, in safe_gui_update
      root.after(0, wrapper)
    File "/usr/lib/python3.12/tkinter/__init__.py", line 872, in after
      name = self._register(callit)
             ^^^^^^^^^^^^^^^^^^^^^^
    File "/usr/lib/python3.12/tkinter/__init__.py", line 1603, in _register
      self.tk.createcommand(name, f)
  RuntimeError: main thread is not in main loop
  
  Enable tracemalloc to get traceback where the object was allocated.
  See https://docs.pytest.org/en/stable/how-to/capture-warnings.html#resource-warnings for more info.
    warnings.warn(pytest.PytestUnhandledThreadExceptionWarning(msg))

tests/unit/gui/test_utility_operations.py::TestKeyboardShortcuts::test_shortcuts_are_bound
  /mnt/MCPProyects/ragTools/venv/lib/python3.12/site-packages/_pytest/threadexception.py:58: PytestUnhandledThreadExceptionWarning: Exception in thread Thread-74 (load_strategy)
  
  Traceback (most recent call last):
    File "/mnt/MCPProyects/ragTools/rag_factory/gui/main_window.py", line 774, in load_strategy
      indexing, retrieval = self.strategy_manager.load_pair(strategy_name)
      ^^^^^^^^^^^^^^^^^^^
  TypeError: cannot unpack non-iterable Mock object
  
  During handling of the above exception, another exception occurred:
  
  Traceback (most recent call last):
    File "/usr/lib/python3.12/threading.py", line 1073, in _bootstrap_inner
      self.run()
    File "/usr/lib/python3.12/threading.py", line 1010, in run
      self._target(*self._args, **self._kwargs)
    File "/mnt/MCPProyects/ragTools/rag_factory/gui/main_window.py", line 798, in load_strategy
      safe_gui_update(
    File "/mnt/MCPProyects/ragTools/rag_factory/gui/utils/threading.py", line 99, in safe_gui_update
      root.after(0, wrapper)
    File "/usr/lib/python3.12/tkinter/__init__.py", line 872, in after
      name = self._register(callit)
             ^^^^^^^^^^^^^^^^^^^^^^
    File "/usr/lib/python3.12/tkinter/__init__.py", line 1603, in _register
      self.tk.createcommand(name, f)
  RuntimeError: main thread is not in main loop
  
  Enable tracemalloc to get traceback where the object was allocated.
  See https://docs.pytest.org/en/stable/how-to/capture-warnings.html#resource-warnings for more info.
    warnings.warn(pytest.PytestUnhandledThreadExceptionWarning(msg))

tests/unit/gui/test_utility_operations.py::TestKeyboardShortcuts::test_clear_data_shortcut
  /mnt/MCPProyects/ragTools/venv/lib/python3.12/site-packages/_pytest/threadexception.py:58: PytestUnhandledThreadExceptionWarning: Exception in thread Thread-75 (load_strategy)
  
  Traceback (most recent call last):
    File "/mnt/MCPProyects/ragTools/rag_factory/gui/main_window.py", line 774, in load_strategy
      indexing, retrieval = self.strategy_manager.load_pair(strategy_name)
      ^^^^^^^^^^^^^^^^^^^
  TypeError: cannot unpack non-iterable Mock object
  
  During handling of the above exception, another exception occurred:
  
  Traceback (most recent call last):
    File "/usr/lib/python3.12/threading.py", line 1073, in _bootstrap_inner
      self.run()
    File "/usr/lib/python3.12/threading.py", line 1010, in run
      self._target(*self._args, **self._kwargs)
    File "/mnt/MCPProyects/ragTools/rag_factory/gui/main_window.py", line 798, in load_strategy
      safe_gui_update(
    File "/mnt/MCPProyects/ragTools/rag_factory/gui/utils/threading.py", line 99, in safe_gui_update
      root.after(0, wrapper)
    File "/usr/lib/python3.12/tkinter/__init__.py", line 872, in after
      name = self._register(callit)
             ^^^^^^^^^^^^^^^^^^^^^^
    File "/usr/lib/python3.12/tkinter/__init__.py", line 1603, in _register
      self.tk.createcommand(name, f)
  RuntimeError: main thread is not in main loop
  
  Enable tracemalloc to get traceback where the object was allocated.
  See https://docs.pytest.org/en/stable/how-to/capture-warnings.html#resource-warnings for more info.
    warnings.warn(pytest.PytestUnhandledThreadExceptionWarning(msg))

tests/unit/gui/test_utility_operations.py::TestKeyboardShortcuts::test_help_shortcut
  /mnt/MCPProyects/ragTools/venv/lib/python3.12/site-packages/_pytest/threadexception.py:58: PytestUnhandledThreadExceptionWarning: Exception in thread Thread-76 (load_strategy)
  
  Traceback (most recent call last):
    File "/mnt/MCPProyects/ragTools/rag_factory/gui/main_window.py", line 774, in load_strategy
      indexing, retrieval = self.strategy_manager.load_pair(strategy_name)
      ^^^^^^^^^^^^^^^^^^^
  TypeError: cannot unpack non-iterable Mock object
  
  During handling of the above exception, another exception occurred:
  
  Traceback (most recent call last):
    File "/usr/lib/python3.12/threading.py", line 1073, in _bootstrap_inner
      self.run()
    File "/usr/lib/python3.12/threading.py", line 1010, in run
      self._target(*self._args, **self._kwargs)
    File "/mnt/MCPProyects/ragTools/rag_factory/gui/main_window.py", line 798, in load_strategy
      safe_gui_update(
    File "/mnt/MCPProyects/ragTools/rag_factory/gui/utils/threading.py", line 99, in safe_gui_update
      root.after(0, wrapper)
    File "/usr/lib/python3.12/tkinter/__init__.py", line 872, in after
      name = self._register(callit)
             ^^^^^^^^^^^^^^^^^^^^^^
    File "/usr/lib/python3.12/tkinter/__init__.py", line 1603, in _register
      self.tk.createcommand(name, f)
  RuntimeError: main thread is not in main loop
  
  Enable tracemalloc to get traceback where the object was allocated.
  See https://docs.pytest.org/en/stable/how-to/capture-warnings.html#resource-warnings for more info.
    warnings.warn(pytest.PytestUnhandledThreadExceptionWarning(msg))

tests/unit/gui/test_utility_operations.py::TestUtilityIntegration::test_clear_and_reindex
  /mnt/MCPProyects/ragTools/venv/lib/python3.12/site-packages/_pytest/threadexception.py:58: PytestUnhandledThreadExceptionWarning: Exception in thread Thread-77 (load_strategy)
  
  Traceback (most recent call last):
    File "/mnt/MCPProyects/ragTools/rag_factory/gui/main_window.py", line 774, in load_strategy
      indexing, retrieval = self.strategy_manager.load_pair(strategy_name)
      ^^^^^^^^^^^^^^^^^^^
  TypeError: cannot unpack non-iterable Mock object
  
  During handling of the above exception, another exception occurred:
  
  Traceback (most recent call last):
    File "/usr/lib/python3.12/threading.py", line 1073, in _bootstrap_inner
      self.run()
    File "/usr/lib/python3.12/threading.py", line 1010, in run
      self._target(*self._args, **self._kwargs)
    File "/mnt/MCPProyects/ragTools/rag_factory/gui/main_window.py", line 798, in load_strategy
      safe_gui_update(
    File "/mnt/MCPProyects/ragTools/rag_factory/gui/utils/threading.py", line 99, in safe_gui_update
      root.after(0, wrapper)
    File "/usr/lib/python3.12/tkinter/__init__.py", line 872, in after
      name = self._register(callit)
             ^^^^^^^^^^^^^^^^^^^^^^
    File "/usr/lib/python3.12/tkinter/__init__.py", line 1603, in _register
      self.tk.createcommand(name, f)
  RuntimeError: main thread is not in main loop
  
  Enable tracemalloc to get traceback where the object was allocated.
  See https://docs.pytest.org/en/stable/how-to/capture-warnings.html#resource-warnings for more info.
    warnings.warn(pytest.PytestUnhandledThreadExceptionWarning(msg))

tests/unit/services/database/test_migration_validator.py::TestMigrationValidator::test_find_alembic_config_success
  /mnt/MCPProyects/ragTools/venv/lib/python3.12/site-packages/_pytest/threadexception.py:58: PytestUnhandledThreadExceptionWarning: Exception in thread Thread-78 (load_strategy)
  
  Traceback (most recent call last):
    File "/mnt/MCPProyects/ragTools/rag_factory/gui/main_window.py", line 774, in load_strategy
      indexing, retrieval = self.strategy_manager.load_pair(strategy_name)
      ^^^^^^^^^^^^^^^^^^^
  TypeError: cannot unpack non-iterable Mock object
  
  During handling of the above exception, another exception occurred:
  
  Traceback (most recent call last):
    File "/usr/lib/python3.12/threading.py", line 1073, in _bootstrap_inner
      self.run()
    File "/usr/lib/python3.12/threading.py", line 1010, in run
      self._target(*self._args, **self._kwargs)
    File "/mnt/MCPProyects/ragTools/rag_factory/gui/main_window.py", line 798, in load_strategy
      safe_gui_update(
    File "/mnt/MCPProyects/ragTools/rag_factory/gui/utils/threading.py", line 99, in safe_gui_update
      root.after(0, wrapper)
    File "/usr/lib/python3.12/tkinter/__init__.py", line 872, in after
      name = self._register(callit)
             ^^^^^^^^^^^^^^^^^^^^^^
    File "/usr/lib/python3.12/tkinter/__init__.py", line 1603, in _register
      self.tk.createcommand(name, f)
  RuntimeError: main thread is not in main loop
  
  Enable tracemalloc to get traceback where the object was allocated.
  See https://docs.pytest.org/en/stable/how-to/capture-warnings.html#resource-warnings for more info.
    warnings.warn(pytest.PytestUnhandledThreadExceptionWarning(msg))

tests/unit/services/database/test_migration_validator.py::TestMigrationValidator::test_is_at_head_false
  /mnt/MCPProyects/ragTools/venv/lib/python3.12/site-packages/_pytest/threadexception.py:58: PytestUnhandledThreadExceptionWarning: Exception in thread Thread-79 (load_strategy)
  
  Traceback (most recent call last):
    File "/mnt/MCPProyects/ragTools/rag_factory/gui/main_window.py", line 774, in load_strategy
      indexing, retrieval = self.strategy_manager.load_pair(strategy_name)
      ^^^^^^^^^^^^^^^^^^^
  TypeError: cannot unpack non-iterable Mock object
  
  During handling of the above exception, another exception occurred:
  
  Traceback (most recent call last):
    File "/usr/lib/python3.12/threading.py", line 1073, in _bootstrap_inner
      self.run()
    File "/usr/lib/python3.12/threading.py", line 1010, in run
      self._target(*self._args, **self._kwargs)
    File "/mnt/MCPProyects/ragTools/rag_factory/gui/main_window.py", line 798, in load_strategy
      safe_gui_update(
    File "/mnt/MCPProyects/ragTools/rag_factory/gui/utils/threading.py", line 99, in safe_gui_update
      root.after(0, wrapper)
    File "/usr/lib/python3.12/tkinter/__init__.py", line 872, in after
      name = self._register(callit)
             ^^^^^^^^^^^^^^^^^^^^^^
    File "/usr/lib/python3.12/tkinter/__init__.py", line 1603, in _register
      self.tk.createcommand(name, f)
  RuntimeError: main thread is not in main loop
  
  Enable tracemalloc to get traceback where the object was allocated.
  See https://docs.pytest.org/en/stable/how-to/capture-warnings.html#resource-warnings for more info.
    warnings.warn(pytest.PytestUnhandledThreadExceptionWarning(msg))

-- Docs: https://docs.pytest.org/en/stable/how-to/capture-warnings.html
================================ tests coverage ================================
_______________ coverage: platform linux, python 3.12.3-final-0 ________________

Name                                                               Stmts   Miss  Cover   Missing
------------------------------------------------------------------------------------------------
rag_factory/__init__.py                                                7      2    71%   18-19
rag_factory/__version__.py                                             1      0   100%
rag_factory/cli/__init__.py                                            2      0   100%
rag_factory/cli/commands/__init__.py                                   1      0   100%
rag_factory/cli/commands/benchmark.py                                 96     81    16%   40-53, 64-84, 148-263
rag_factory/cli/commands/check_consistency.py                         43     33    23%   64-120
rag_factory/cli/commands/config.py                                    78     68    13%   26-64, 102-188
rag_factory/cli/commands/gui.py                                       25     17    32%   61-91
rag_factory/cli/commands/index.py                                     65     52    20%   29-39, 93-185
rag_factory/cli/commands/query.py                                     47     36    23%   73-149
rag_factory/cli/commands/repl.py                                     152    130    14%   29-56, 63-108, 112-120, 124-133, 137-155, 159-172, 176-186, 190-207, 211-220, 253-260
rag_factory/cli/commands/strategies.py                                45     36    20%   48-120
rag_factory/cli/commands/validate_e2e.py                              91     69    24%   37-38, 42-142, 145-156
rag_factory/cli/commands/validate_pipeline.py                         70     57    19%   57-156
rag_factory/cli/formatters/__init__.py                                 4      0   100%
rag_factory/cli/formatters/consistency.py                             61     55    10%   21-69, 79-103, 108-138
rag_factory/cli/formatters/output.py                                  20      9    55%   23-24, 43-44, 63-64, 74, 79, 84
rag_factory/cli/formatters/results.py                                 71     62    13%   28-55, 72-99, 116-144, 157-181
rag_factory/cli/formatters/validation.py                              63     53    16%   25-43, 48-56, 65-77, 86-98, 103-129, 134-137
rag_factory/cli/main.py                                               32     10    69%   25-28, 48-49, 79-81, 85
rag_factory/cli/utils/__init__.py                                      3      0   100%
rag_factory/cli/utils/progress.py                                     14      8    43%   34-47, 73-76
rag_factory/cli/utils/validation.py                                   53     42    21%   30-41, 57-77, 93-118, 135
rag_factory/config/__init__.py                                         4      0   100%
rag_factory/config/env_resolver.py                                    52     21    60%   52, 81-86, 110, 129-147
rag_factory/config/schemas/__init__.py                                 2      0   100%
rag_factory/config/schemas/version.py                                 10      6    40%   29-38
rag_factory/config/strategy_loader.py                                 54     17    69%   33, 49-60, 77, 82-83, 86, 103-104
rag_factory/config/strategy_pair_manager.py                          105     33    69%   57-58, 66-70, 93, 102-109, 114, 156-157, 184-196, 210-215, 264, 274-275, 282
rag_factory/config/validator.py                                       93     32    66%   70, 177-198, 271-295, 333-354
rag_factory/core/__init__.py                                           4      4     0%   7-23
rag_factory/core/capabilities.py                                      61     16    74%   129, 155, 173-174, 239-253
rag_factory/core/indexing_interface.py                                54     28    48%   144, 164, 208, 260, 272, 292-313, 341-364
rag_factory/core/pipeline.py                                          49     35    29%   22-24, 33-40, 55-77, 95-96, 105-108, 117-120, 137-146
rag_factory/core/retrieval_interface.py                               38     13    66%   138, 158, 196, 247, 259, 285-309
rag_factory/database/__init__.py                                       4      0   100%
rag_factory/database/config.py                                        17      0   100%
rag_factory/database/connection.py                                    80     54    32%   40-48, 61-86, 96, 107, 126-137, 150-157, 165-170, 178-183, 196-197, 209-214, 218, 222
rag_factory/database/env_validator.py                                 38     18    53%   46-54, 66-77, 86-88, 118, 126, 139
rag_factory/database/models.py                                        85     32    62%   31-34, 37-45, 48-54, 66-69, 72-77, 80-85, 181, 323-325
rag_factory/database/vector_indexing.py                               38     38     0%   7-114
rag_factory/evaluation/__init__.py                                     4      4     0%   29-41
rag_factory/evaluation/analysis/__init__.py                            3      3     0%   8-11
rag_factory/evaluation/analysis/comparison.py                        135    135     0%   8-323
rag_factory/evaluation/analysis/statistics.py                         81     81     0%   8-320
rag_factory/evaluation/benchmarks/__init__.py                          3      3     0%   8-14
rag_factory/evaluation/benchmarks/config.py                           25     25     0%   7-64
rag_factory/evaluation/benchmarks/runner.py                          155    155     0%   8-423
rag_factory/evaluation/datasets/__init__.py                            3      3     0%   8-14
rag_factory/evaluation/datasets/loader.py                             88     88     0%   8-281
rag_factory/evaluation/datasets/schema.py                             52     52     0%   8-160
rag_factory/evaluation/datasets/statistics.py                         65     65     0%   8-226
rag_factory/evaluation/exporters/__init__.py                           4      4     0%   8-12
rag_factory/evaluation/exporters/csv_exporter.py                      52     52     0%   3-124
rag_factory/evaluation/exporters/html_exporter.py                     47     47     0%   3-293
rag_factory/evaluation/exporters/json_exporter.py                     19     19     0%   3-68
rag_factory/evaluation/metrics/__init__.py                             3      3     0%   12-25
rag_factory/evaluation/metrics/base.py                                31     31     0%   8-115
rag_factory/evaluation/metrics/cost.py                                65     65     0%   8-313
rag_factory/evaluation/metrics/performance.py                         42     42     0%   8-202
rag_factory/evaluation/metrics/quality.py                             84     84     0%   8-377
rag_factory/evaluation/metrics/retrieval.py                           77     77     0%   9-401
rag_factory/exceptions.py                                             13      0   100%
rag_factory/factory.py                                               187    121    35%   144, 165-170, 203-204, 224-226, 256-270, 300-324, 347-348, 365, 384, 401, 418, 435, 454, 460, 480-502, 528-545, 568-611, 644-699, 703-715
rag_factory/gui/__init__.py                                            2      0   100%
rag_factory/gui/components/__init__.py                                 3      0   100%
rag_factory/gui/components/scrolled_text.py                           64     14    78%   89, 151-164, 190-192, 195-196
rag_factory/gui/components/status_bar.py                              62      5    92%   125, 161, 177-180
rag_factory/gui/main_window.py                                       712    217    70%   76-77, 137-164, 246-250, 314-316, 404-408, 417, 713-714, 718-725, 732-739, 749-750, 754-756, 766, 792, 867-869, 917-988, 992-1080, 1090-1092, 1100-1102, 1113-1114, 1129, 1150, 1154, 1215-1220, 1225-1230, 1236-1239, 1361-1363, 1393-1412, 1509-1567, 1572-1589, 1593-1600, 1605-1618, 1623-1632, 1636
rag_factory/gui/utils/__init__.py                                      3      0   100%
rag_factory/gui/utils/formatters.py                                   57     47    18%   29-30, 50-90, 110-118, 134-137, 155-165
rag_factory/gui/utils/threading.py                                    32     23    28%   44-73, 97, 124-129
rag_factory/legacy_config.py                                         155    155     0%   22-542
rag_factory/models/__init__.py                                         6      6     0%   3-14
rag_factory/models/embedding/__init__.py                               4      4     0%   3-12
rag_factory/models/embedding/loader.py                               179    179     0%   3-367
rag_factory/models/embedding/models.py                                47     47     0%   3-106
rag_factory/models/embedding/registry.py                             128    128     0%   3-282
rag_factory/models/evaluation/__init__.py                              3      3     0%   3-6
rag_factory/models/evaluation/ab_testing.py                           98     98     0%   3-281
rag_factory/models/evaluation/models.py                               29     29     0%   3-74
rag_factory/observability/__init__.py                                  3      3     0%   3-10
rag_factory/observability/integrations/__init__.py                     1      1     0%   3
rag_factory/observability/integrations/prometheus.py                  47     47     0%   3-229
rag_factory/observability/logging/__init__.py                          2      2     0%   3-5
rag_factory/observability/logging/config.py                           16     16     0%   3-37
rag_factory/observability/logging/filters.py                          41     41     0%   3-103
rag_factory/observability/logging/logger.py                           86     86     0%   3-396
rag_factory/observability/metrics/__init__.py                          2      2     0%   3-9
rag_factory/observability/metrics/collector.py                       143    143     0%   3-459
rag_factory/observability/metrics/cost.py                             39     39     0%   3-221
rag_factory/observability/metrics/performance.py                      64     64     0%   3-196
rag_factory/observability/monitoring/__init__.py                       1      1     0%   3
rag_factory/observability/monitoring/api.py                          101    101     0%   3-328
rag_factory/pipeline.py                                              156    156     0%   34-507
rag_factory/registry/__init__.py                                       4      0   100%
rag_factory/registry/exceptions.py                                     6      0   100%
rag_factory/registry/service_factory.py                               84     11    87%   52, 85, 229-255
rag_factory/registry/service_registry.py                              91     17    81%   114, 118, 123-124, 148-150, 188-192, 214-218
rag_factory/repositories/__init__.py                                   5      0   100%
rag_factory/repositories/base.py                                      42     21    50%   38, 53, 70, 87, 103, 114-118, 125, 136-139, 159-164
rag_factory/repositories/chunk.py                                    206    180    13%   40-45, 68-76, 90-95, 120-133, 155-171, 187-202, 221-231, 250-261, 287-328, 355-396, 422-474, 489-499, 513-521, 537-543, 557-563, 577-587, 604-626, 639-670
rag_factory/repositories/document.py                                  93     74    20%   41-46, 63-68, 98-118, 140-156, 172-187, 206, 223-233, 247-255, 272-279, 290-293, 307-312
rag_factory/repositories/exceptions.py                                18      7    61%   34-36, 56-59
rag_factory/services/__init__.py                                       4      0   100%
rag_factory/services/api/__init__.py                                   4      0   100%
rag_factory/services/api/anthropic.py                                 27     10    63%   118-141
rag_factory/services/api/cohere.py                                    30      7    77%   14-15, 50, 83, 111-113
rag_factory/services/api/openai.py                                    46     29    37%   45-51, 75-93, 117-140, 189-199, 216-227, 235
rag_factory/services/consistency.py                                   32      7    78%   87, 94, 101, 108, 151, 158, 165
rag_factory/services/database/__init__.py                              5      0   100%
rag_factory/services/database/database_context.py                    181    159    12%   58-64, 88-106, 123, 140-150, 179-200, 223-240, 256-266, 305-330, 338-339, 343-406, 414-415, 430-510, 516-517, 521-546
rag_factory/services/database/migration_validator.py                  96      4    96%   113, 179-181
rag_factory/services/database/neo4j.py                                54     11    80%   15-17, 61, 134-150, 195, 199
rag_factory/services/database/postgres.py                            195    125    36%   17-18, 26-27, 85, 91-103, 132-143, 149-201, 215, 231-235, 239, 241, 245-246, 292-346, 360-375, 390-414, 425-440, 472-490, 505, 512-525, 580-598, 607-619, 623, 627
rag_factory/services/dependencies.py                                  41     12    71%   99, 101, 103, 105, 107, 134-140, 179-180
rag_factory/services/embedding/__init__.py                             4      0   100%
rag_factory/services/embedding/base.py                                31      6    81%   44, 59, 68, 77, 86, 98
rag_factory/services/embedding/cache.py                               43     33    23%   26-32, 43-58, 67-76, 80-82, 90-94
rag_factory/services/embedding/config.py                              29     13    55%   37-43, 50-68, 80
rag_factory/services/embedding/providers/__init__.py                   5      0   100%
rag_factory/services/embedding/providers/cohere.py                    53     36    32%   10-20, 55-75, 90-117, 125, 133, 141, 152-153
rag_factory/services/embedding/providers/local.py                     43     27    37%   8-9, 46-67, 83-109, 117, 125, 133, 146
rag_factory/services/embedding/providers/onnx_local.py               114     65    43%   18-19, 90, 114, 139-147, 158, 170-175, 193-250, 261-308, 327, 335, 348
rag_factory/services/embedding/providers/openai.py                    51     27    47%   10-20, 54, 64, 70, 87-108, 116, 124, 132, 143-144
rag_factory/services/embedding/rate_limiter.py                        20     14    30%   27-37, 45-53
rag_factory/services/embedding/service.py                            100     83    17%   50-62, 79-93, 117-198, 220-222, 233-239, 248-266, 273-275
rag_factory/services/interfaces.py                                    35      0   100%
rag_factory/services/llm/__init__.py                                   5      0   100%
rag_factory/services/llm/base.py                                      43      0   100%
rag_factory/services/llm/config.py                                    23      7    70%   46-48, 51-53, 57
rag_factory/services/llm/prompt_template.py                           43     24    44%   47-82, 97-100, 111-115
rag_factory/services/llm/providers/__init__.py                        12     10    17%   10-22
rag_factory/services/llm/providers/anthropic.py                       57     42    26%   44-50, 64-97, 120-147, 171-172, 184-189, 197, 205
rag_factory/services/llm/providers/ollama.py                          55     42    24%   22-24, 37-67, 93-122, 142-143, 157, 165, 174, 185-196
rag_factory/services/llm/providers/openai.py                          57     35    39%   56, 60, 76-110, 133-158, 173, 186-194, 202, 210
rag_factory/services/llm/service.py                                   79     50    37%   69, 94-130, 155-176, 187, 195-199, 216-217, 232-246, 259-272
rag_factory/services/llm/token_counter.py                             27     17    37%   22-41, 56-57, 71-72
rag_factory/services/local/__init__.py                                 2      0   100%
rag_factory/services/local/reranker.py                                32      7    78%   13-14, 46, 79, 114-116
rag_factory/services/onnx/__init__.py                                  2      0   100%
rag_factory/services/onnx/embedding.py                                29      8    72%   61, 65, 93, 110-121
rag_factory/services/utils/__init__.py                                 2      0   100%
rag_factory/services/utils/model_converter.py                        104    104     0%   8-291
rag_factory/services/utils/onnx_utils.py                             133     55    59%   22-23, 37, 77-84, 96-97, 117-123, 142-146, 175, 189-190, 194, 198-201, 216-218, 258, 265-268, 332-347, 360-378, 392-404
rag_factory/services/utils/reranker_selector.py                       68     68     0%   8-249
rag_factory/strategies/__init__.py                                     2      0   100%
rag_factory/strategies/agentic/__init__.py                             7      0   100%
rag_factory/strategies/agentic/agent.py                              151    130    14%   31-36, 45, 57, 66-90, 109-111, 123-161, 190-214, 230-265, 276-293, 310-331, 339-346, 357-368, 381-420
rag_factory/strategies/agentic/config.py                              12      0   100%
rag_factory/strategies/agentic/frameworks/__init__.py                  1      1     0%   9
rag_factory/strategies/agentic/query_analyzer.py                      89     65    27%   50-55, 67, 79-90, 109-125, 137-147, 159-178, 196-214, 225-260, 278
rag_factory/strategies/agentic/strategy.py                            87     60    31%   50-63, 76, 84, 94-132, 144, 156, 169, 182-222, 234-258, 267, 276, 284
rag_factory/strategies/agentic/tool_implementations.py               135     91    33%   36-37, 41, 45, 52, 86-129, 148-149, 153, 157, 164, 182-247, 266-267, 271, 275, 282, 329-373, 392-393, 397, 401, 407, 446-511
rag_factory/strategies/agentic/tools.py                               40      9    78%   66, 79, 89, 101, 112, 139-142
rag_factory/strategies/auto_register.py                               66     20    70%   13-14, 18-19, 23-24, 28-29, 33-34, 39-40, 46-47, 52-53, 58-59, 79-80
rag_factory/strategies/base.py                                        55     13    76%   80-85, 169-178
rag_factory/strategies/chunking/__init__.py                           15     15     0%   28-67
rag_factory/strategies/chunking/base.py                               91     91     0%   3-256
rag_factory/strategies/chunking/docling_chunker.py                    45     45     0%   13-188
rag_factory/strategies/chunking/fixed_size_chunker.py                 74     74     0%   3-204
rag_factory/strategies/chunking/hybrid_chunker.py                     70     70     0%   3-192
rag_factory/strategies/chunking/semantic_chunker.py                  195    195     0%   3-534
rag_factory/strategies/chunking/structural_chunker.py                147    147     0%   3-425
rag_factory/strategies/chunking/utils.py                              89     89     0%   3-264
rag_factory/strategies/contextual/__init__.py                          7      0   100%
rag_factory/strategies/contextual/batch_processor.py                  91     76    16%   41-43, 60-72, 84-90, 108-128, 145-161, 178-201, 218-266
rag_factory/strategies/contextual/config.py                           46      0   100%
rag_factory/strategies/contextual/context_generator.py                84     70    17%   35-36, 59-99, 112-135, 152-194, 209, 224-234
rag_factory/strategies/contextual/cost_tracker.py                     32     21    34%   31-35, 48-51, 69-82, 94-99, 111-114, 126
rag_factory/strategies/contextual/prompts.py                          25     17    32%   85-106, 119
rag_factory/strategies/contextual/storage.py                          44     35    20%   32-33, 42-45, 54-81, 98-118
rag_factory/strategies/contextual/strategy.py                         78     49    37%   54-67, 75, 83, 107-156, 173, 186, 207-215, 231-262, 278, 284, 289, 298
rag_factory/strategies/fine_tuned/__init__.py                          4      0   100%
rag_factory/strategies/fine_tuned/ab_testing.py                       78     78     0%   1-134
rag_factory/strategies/fine_tuned/config.py                           11      0   100%
rag_factory/strategies/fine_tuned/custom_loader.py                    40     28    30%   17-19, 36-73, 77, 84-88
rag_factory/strategies/fine_tuned/model_registry.py                  126     96    24%   39-50, 80-112, 132-149, 166-178, 182-196, 200-223, 227-240, 249-270, 274-287, 291-303
rag_factory/strategies/hierarchical/__init__.py                        5      5     0%   8-21
rag_factory/strategies/hierarchical/hierarchy_builder.py              79     79     0%   8-335
rag_factory/strategies/hierarchical/models.py                         58     58     0%   8-137
rag_factory/strategies/hierarchical/parent_retriever.py               89     89     0%   8-278
rag_factory/strategies/hierarchical/strategy.py                       76     76     0%   9-301
rag_factory/strategies/indexing/__init__.py                            6      0   100%
rag_factory/strategies/indexing/context_aware.py                     108     88    19%   31, 43, 63-134, 155-156, 160-170, 182-188, 192-198, 208-237, 241-242
rag_factory/strategies/indexing/hierarchical.py                       90     73    19%   50, 63, 88-134, 156-185, 201-236, 253-278, 292-293
rag_factory/strategies/indexing/in_memory.py                          41     25    39%   54, 65, 93-121, 143, 160, 173, 194-200
rag_factory/strategies/indexing/keyword_indexing.py                   42     31    26%   42, 53, 77-157
rag_factory/strategies/indexing/knowledge_graph_indexing.py           46     33    28%   18, 27, 48-89, 108-129
rag_factory/strategies/indexing/vector_embedding.py                   98     34    65%   64-65, 76-77, 149-150, 167-218
rag_factory/strategies/knowledge_graph/__init__.py                     4      4     0%   8-19
rag_factory/strategies/knowledge_graph/config.py                      21     21     0%   8-129
rag_factory/strategies/knowledge_graph/entity_extractor.py            70     70     0%   7-205
rag_factory/strategies/knowledge_graph/graph_store.py                 31     31     0%   8-124
rag_factory/strategies/knowledge_graph/hybrid_retriever.py            56     56     0%   8-164
rag_factory/strategies/knowledge_graph/memory_graph_store.py          97     97     0%   8-196
rag_factory/strategies/knowledge_graph/models.py                      53     53     0%   8-122
rag_factory/strategies/knowledge_graph/relationship_extractor.py      62     62     0%   8-189
rag_factory/strategies/knowledge_graph/strategy.py                    80     80     0%   8-256
rag_factory/strategies/late_chunking/__init__.py                       6      0   100%
rag_factory/strategies/late_chunking/coherence_analyzer.py            27     17    37%   20-21, 36-45, 57-65, 82-96
rag_factory/strategies/late_chunking/document_embedder.py            104     89    14%   29-74, 94-184, 202-215, 227-235, 256-279, 296-303, 318
rag_factory/strategies/late_chunking/embedding_chunker.py            117    102    13%   26, 41-61, 68-98, 105-155, 162-182, 191-192, 199-254, 265-289, 293-300
rag_factory/strategies/late_chunking/models.py                        62      0   100%
rag_factory/strategies/late_chunking/strategy.py                      70     46    34%   48-69, 77, 88, 107-122, 140-177, 196-205, 210, 215
rag_factory/strategies/multi_query/__init__.py                         7      7     0%   8-19
rag_factory/strategies/multi_query/config.py                          36     36     0%   3-138
rag_factory/strategies/multi_query/deduplicator.py                    87     87     0%   3-197
rag_factory/strategies/multi_query/parallel_executor.py               52     52     0%   3-163
rag_factory/strategies/multi_query/prompts.py                         10     10     0%   3-84
rag_factory/strategies/multi_query/ranker.py                          80     80     0%   3-201
rag_factory/strategies/multi_query/strategy.py                        68     68     0%   3-184
rag_factory/strategies/multi_query/variant_generator.py               62     62     0%   3-187
rag_factory/strategies/query_expansion/__init__.py                     8      0   100%
rag_factory/strategies/query_expansion/base.py                        66     10    85%   90, 103, 114-118, 130-133
rag_factory/strategies/query_expansion/cache.py                       52     40    23%   20-22, 38-55, 64-66, 70-73, 81-97, 105-112
rag_factory/strategies/query_expansion/expander_service.py            92     71    23%   36-40, 55-58, 75-148, 159-180, 204-215, 233-234, 242-246, 254, 265-273, 283-284
rag_factory/strategies/query_expansion/hyde_expander.py               19     12    37%   25-27, 41-65
rag_factory/strategies/query_expansion/llm_expander.py                25     16    36%   23-25, 39-71, 99
rag_factory/strategies/query_expansion/metrics.py                     66     30    55%   44-45, 53-57, 76-109, 130, 134, 146-152, 160
rag_factory/strategies/query_expansion/prompts.py                     13      7    46%   16, 28-56, 68-107
rag_factory/strategies/reranking/__init__.py                           7      0   100%
rag_factory/strategies/reranking/base.py                              68     16    76%   81, 101, 106, 110-119, 123-130
rag_factory/strategies/reranking/bge_reranker.py                      51     37    27%   14, 53-81, 103-147, 151
rag_factory/strategies/reranking/cache.py                             48     34    29%   32-34, 51-66, 76-77, 81, 90-101, 110-113, 121, 136-138
rag_factory/strategies/reranking/cohere_reranker.py                   34     20    41%   15-16, 55-71, 94-115, 119
rag_factory/strategies/reranking/cosine_reranker.py                   62     47    24%   54-72, 97-139, 158-171, 188, 209-215, 227-230, 242-245, 249
rag_factory/strategies/reranking/cross_encoder_reranker.py            40     27    32%   13-14, 53-76, 98-120, 124
rag_factory/strategies/reranking/metrics.py                           67     67     0%   8-264
rag_factory/strategies/reranking/reranker_service.py                 115     88    23%   56-67, 71-96, 113-225, 235-255, 269, 282-283, 287-292, 296-300, 308-310
rag_factory/strategies/retrieval/__init__.py                           6      0   100%
rag_factory/strategies/retrieval/hybrid_retriever.py                  51      3    94%   75-77
rag_factory/strategies/retrieval/keyword_retriever.py                 56     41    27%   41, 52, 71-113, 126-133, 153-172
rag_factory/strategies/retrieval/knowledge_graph_retriever.py         22      9    59%   19, 27, 48-70
rag_factory/strategies/retrieval/multi_query_retriever.py             22      9    59%   19, 26, 44-66
rag_factory/strategies/retrieval/query_expansion_retriever.py         24      9    62%   20, 27, 45-67
rag_factory/strategies/retrieval/semantic_retriever.py                23     12    48%   23, 32, 61-94
rag_factory/strategies/self_reflective/__init__.py                     6      0   100%
rag_factory/strategies/self_reflective/config.py                      20      8    60%   29-42
rag_factory/strategies/self_reflective/grader.py                      80     65    19%   29-35, 51-67, 83-109, 135-171, 187-258, 266
rag_factory/strategies/self_reflective/models.py                      48      0   100%
rag_factory/strategies/self_reflective/refiner.py                     69     56    19%   28-30, 53-96, 113-143, 161-193, 208-228
rag_factory/strategies/self_reflective/strategy.py                    92     74    20%   38-53, 71-181, 192-206, 229-259, 264, 269
rag_factory/utils/__init__.py                                          3      0   100%
rag_factory/utils/token_counter.py                                    45     30    33%   36-40, 52-62, 74-82, 86, 90, 105-106, 124-135, 153-158
rag_factory/utils/tokenization.py                                     95     73    23%   36-40, 53-64, 87-114, 126-129, 141-144, 156, 175-190, 209-228, 241-243, 251-252, 270-271, 292-293, 314-315
------------------------------------------------------------------------------------------------
TOTAL                                                              13453   9647    28%
============ 196 passed, 2 skipped, 90 warnings in 84.40s (0:01:24) ============

========================================
Test run completed at 2025-12-21 21:25:01
========================================
