================================================================================
Individual Test Runner
================================================================================

Collecting tests...
Found 1819 tests

[1/1819] Running: tests/benchmarks/test_contextual_performance.py::test_batch_processing_throughput
  ✅ PASSED
[2/1819] Running: tests/benchmarks/test_contextual_performance.py::test_parallel_vs_sequential_performance
  ✅ PASSED
[3/1819] Running: tests/benchmarks/test_contextual_performance.py::test_large_document_processing_time
  ✅ PASSED
[4/1819] Running: tests/benchmarks/test_contextual_performance.py::test_batch_size_impact
  ✅ PASSED
[5/1819] Running: tests/benchmarks/test_contextual_performance.py::test_cost_tracker_performance
  ✅ PASSED
[6/1819] Running: tests/benchmarks/test_contextual_performance.py::test_context_generation_latency
  ✅ PASSED
[7/1819] Running: tests/benchmarks/test_late_chunking_performance.py::test_document_embedding_speed
  ❌ FAILED
[8/1819] Running: tests/benchmarks/test_late_chunking_performance.py::test_embedding_chunking_speed
  ❌ FAILED
[9/1819] Running: tests/benchmarks/test_late_chunking_performance.py::test_semantic_boundary_speed
  ❌ FAILED
[10/1819] Running: tests/benchmarks/test_late_chunking_performance.py::test_end_to_end_latency
  ✅ PASSED
[11/1819] Running: tests/benchmarks/test_late_chunking_performance.py::test_coherence_analysis_overhead
  ✅ PASSED
[12/1819] Running: tests/benchmarks/test_late_chunking_performance.py::test_batch_processing_speed
  ✅ PASSED
[13/1819] Running: tests/benchmarks/test_late_chunking_performance.py::test_adaptive_chunking_speed
  ❌ FAILED
[14/1819] Running: tests/benchmarks/test_late_chunking_performance.py::test_memory_efficiency
  ❌ FAILED
[15/1819] Running: tests/benchmarks/test_model_comparison_performance.py::test_model_loading_speed
  ❌ FAILED
[16/1819] Running: tests/benchmarks/test_model_comparison_performance.py::test_model_loading_cached
  ❌ FAILED
[17/1819] Running: tests/benchmarks/test_model_comparison_performance.py::test_inference_speed
  ❌ FAILED
[18/1819] Running: tests/benchmarks/test_model_comparison_performance.py::test_batch_size_comparison
  ❌ FAILED
[19/1819] Running: tests/benchmarks/test_model_comparison_performance.py::test_embedding_quality
  ❌ FAILED
[20/1819] Running: tests/benchmarks/test_model_comparison_performance.py::test_memory_efficiency
  ❌ FAILED
[21/1819] Running: tests/integration/cli/test_benchmark_integration.py::TestBenchmarkIntegration::test_benchmark_execution_flow
  ✅ PASSED
[22/1819] Running: tests/integration/cli/test_config_validation_integration.py::TestConfigValidationIntegration::test_validate_valid_config_flow
  ✅ PASSED
[23/1819] Running: tests/integration/cli/test_config_validation_integration.py::TestConfigValidationIntegration::test_validate_invalid_config_flow
  ✅ PASSED
[24/1819] Running: tests/integration/cli/test_index_query_flow.py::TestIndexQueryFlow::test_index_single_file
  ✅ PASSED
[25/1819] Running: tests/integration/cli/test_index_query_flow.py::TestIndexQueryFlow::test_index_directory
  ✅ PASSED
[26/1819] Running: tests/integration/cli/test_index_query_flow.py::TestIndexQueryFlow::test_index_with_custom_strategy
  ✅ PASSED
[27/1819] Running: tests/integration/cli/test_index_query_flow.py::TestIndexQueryFlow::test_index_with_config_file
  ✅ PASSED
[28/1819] Running: tests/integration/cli/test_index_query_flow.py::TestIndexQueryFlow::test_index_nonexistent_path
  ✅ PASSED
[29/1819] Running: tests/integration/cli/test_index_query_flow.py::TestIndexQueryFlow::test_query_basic
  ✅ PASSED
[30/1819] Running: tests/integration/cli/test_index_query_flow.py::TestIndexQueryFlow::test_query_with_strategies
  ✅ PASSED
[31/1819] Running: tests/integration/cli/test_index_query_flow.py::TestIndexQueryFlow::test_query_with_top_k
  ✅ PASSED
[32/1819] Running: tests/integration/cli/test_index_query_flow.py::TestIndexQueryFlow::test_query_without_index
  ✅ PASSED
[33/1819] Running: tests/integration/cli/test_index_query_flow.py::TestFullWorkflow::test_complete_workflow
  ✅ PASSED
[34/1819] Running: tests/integration/cli/test_index_query_flow.py::TestFullWorkflow::test_workflow_with_config
  ✅ PASSED
[35/1819] Running: tests/integration/database/test_database_integration.py::TestDatabaseIntegration::test_full_database_workflow
  ✅ PASSED
[36/1819] Running: tests/integration/database/test_database_integration.py::TestDatabaseIntegration::test_batch_insert_chunks
  ✅ PASSED
[37/1819] Running: tests/integration/database/test_database_integration.py::TestDatabaseIntegration::test_query_with_filters
  ✅ PASSED
[38/1819] Running: tests/integration/database/test_database_integration.py::TestDatabaseIntegration::test_metadata_queries
  ⏭️  SKIPPED
[39/1819] Running: tests/integration/database/test_database_integration.py::TestDatabaseIntegration::test_chunk_ordering
  ✅ PASSED
[40/1819] Running: tests/integration/database/test_database_integration.py::TestDatabaseIntegration::test_document_deduplication
  ✅ PASSED
[41/1819] Running: tests/integration/database/test_database_integration.py::TestVectorOperations::test_insert_chunk_with_embedding
  ✅ PASSED
[42/1819] Running: tests/integration/database/test_database_integration.py::TestVectorOperations::test_vector_similarity_search
  ✅ PASSED
[43/1819] Running: tests/integration/database/test_database_integration.py::TestVectorOperations::test_null_embeddings
  ✅ PASSED
[44/1819] Running: tests/integration/database/test_database_integration.py::TestConnectionPooling::test_connection_pool_concurrent_access
  ✅ PASSED
[45/1819] Running: tests/integration/database/test_database_integration.py::TestConnectionPooling::test_connection_pool_metrics
  ✅ PASSED
[46/1819] Running: tests/integration/database/test_database_integration.py::TestConnectionPooling::test_session_isolation
  ✅ PASSED
[47/1819] Running: tests/integration/database/test_database_integration.py::TestPerformance::test_batch_insert_performance
  ✅ PASSED
[48/1819] Running: tests/integration/database/test_database_integration.py::TestPerformance::test_query_performance
  ✅ PASSED
[49/1819] Running: tests/integration/database/test_migration_integration.py::TestMigrationIntegration::test_real_migration_execution
  ✅ PASSED
[50/1819] Running: tests/integration/database/test_migration_integration.py::TestMigrationIntegration::test_migration_with_existing_data
  ✅ PASSED
[51/1819] Running: tests/integration/database/test_migration_integration.py::TestMigrationIntegration::test_rollback_functionality
  ✅ PASSED
[52/1819] Running: tests/integration/database/test_migration_integration.py::TestMigrationIntegration::test_pgvector_extension_installed
  ✅ PASSED
[53/1819] Running: tests/integration/documentation/test_documentation_integration.py::TestDocumentationBuild::test_mkdocs_build_succeeds
  ⏭️  SKIPPED
[54/1819] Running: tests/integration/documentation/test_documentation_integration.py::TestDocumentationBuild::test_mkdocs_serve_starts
  ⏭️  SKIPPED
[55/1819] Running: tests/integration/documentation/test_documentation_integration.py::TestDocumentationBuild::test_search_index_generated
  ⏭️  SKIPPED
[56/1819] Running: tests/integration/documentation/test_documentation_integration.py::test_documentation_time_to_first_example
  ⏭️  SKIPPED
[57/1819] Running: tests/integration/documentation/test_documentation_integration.py::test_api_reference_generated
  ⏭️  SKIPPED
[58/1819] Running: tests/integration/documentation/test_documentation_integration.py::test_diagrams_rendered
  ⏭️  SKIPPED
[59/1819] Running: tests/integration/evaluation/test_evaluation_integration.py::TestEvaluationIntegration::test_full_benchmark_workflow
  ✅ PASSED
[60/1819] Running: tests/integration/evaluation/test_evaluation_integration.py::TestEvaluationIntegration::test_compare_multiple_strategies
  ✅ PASSED
[61/1819] Running: tests/integration/evaluation/test_evaluation_integration.py::TestEvaluationIntegration::test_statistical_analysis_workflow
  ✅ PASSED
[62/1819] Running: tests/integration/evaluation/test_evaluation_integration.py::TestEvaluationIntegration::test_export_workflow_csv
  ✅ PASSED
[63/1819] Running: tests/integration/evaluation/test_evaluation_integration.py::TestEvaluationIntegration::test_export_workflow_json
  ✅ PASSED
[64/1819] Running: tests/integration/evaluation/test_evaluation_integration.py::TestEvaluationIntegration::test_comparison_report_generation
  ✅ PASSED
[65/1819] Running: tests/integration/evaluation/test_evaluation_integration.py::TestEvaluationIntegration::test_checkpoint_resume_workflow
  ✅ PASSED
[66/1819] Running: tests/integration/models/test_fine_tuned_embeddings_integration.py::test_register_and_load_model
  ❌ FAILED
[67/1819] Running: tests/integration/models/test_fine_tuned_embeddings_integration.py::test_ab_testing_workflow
  ✅ PASSED
[68/1819] Running: tests/integration/models/test_fine_tuned_embeddings_integration.py::test_model_registry_persistence_workflow
  ✅ PASSED
[69/1819] Running: tests/integration/models/test_fine_tuned_embeddings_integration.py::test_model_comparison_workflow
  ❌ FAILED
[70/1819] Running: tests/integration/models/test_fine_tuned_embeddings_integration.py::test_multiple_models_registry
  ✅ PASSED
[71/1819] Running: tests/integration/observability/test_monitoring_integration.py::TestCompleteQueryLogging::test_complete_query_workflow
  ✅ PASSED
[72/1819] Running: tests/integration/observability/test_monitoring_integration.py::TestCompleteQueryLogging::test_failed_query_workflow
  ✅ PASSED
[73/1819] Running: tests/integration/observability/test_monitoring_integration.py::TestCompleteQueryLogging::test_multiple_strategy_workflow
  ✅ PASSED
[74/1819] Running: tests/integration/observability/test_monitoring_integration.py::TestPerformanceMonitoring::test_performance_tracking
  ✅ PASSED
[75/1819] Running: tests/integration/observability/test_monitoring_integration.py::TestPerformanceMonitoring::test_multiple_operations_tracking
  ✅ PASSED
[76/1819] Running: tests/integration/observability/test_monitoring_integration.py::TestDashboardAPI::test_dashboard_endpoints
  ✅ PASSED
[77/1819] Running: tests/integration/observability/test_monitoring_integration.py::TestDashboardAPI::test_dashboard_error_handling
  ✅ PASSED
[78/1819] Running: tests/integration/observability/test_monitoring_integration.py::TestEndToEndMonitoring::test_complete_monitoring_stack
  ✅ PASSED
[79/1819] Running: tests/integration/observability/test_monitoring_integration.py::TestEndToEndMonitoring::test_high_volume_simulation
  ✅ PASSED
[80/1819] Running: tests/integration/observability/test_monitoring_integration.py::TestEndToEndMonitoring::test_error_rate_monitoring
  ✅ PASSED
[81/1819] Running: tests/integration/observability/test_monitoring_integration.py::TestPrometheusIntegration::test_prometheus_metrics_export
  ✅ PASSED
[82/1819] Running: tests/integration/repositories/test_repository_integration.py::TestDocumentRepositoryIntegration::test_complete_document_lifecycle
  ❌ FAILED
[83/1819] Running: tests/integration/repositories/test_repository_integration.py::TestDocumentRepositoryIntegration::test_document_deduplication
  ❌ FAILED
[84/1819] Running: tests/integration/repositories/test_repository_integration.py::TestDocumentRepositoryIntegration::test_document_pagination
  ❌ FAILED
[85/1819] Running: tests/integration/repositories/test_repository_integration.py::TestDocumentRepositoryIntegration::test_document_status_filtering
  ❌ FAILED
[86/1819] Running: tests/integration/repositories/test_repository_integration.py::TestDocumentRepositoryIntegration::test_bulk_operations
  ❌ FAILED
[87/1819] Running: tests/integration/repositories/test_repository_integration.py::TestChunkRepositoryIntegration::test_complete_chunk_lifecycle
  ❌ FAILED
[88/1819] Running: tests/integration/repositories/test_repository_integration.py::TestChunkRepositoryIntegration::test_chunk_document_relationship
  ❌ FAILED
[89/1819] Running: tests/integration/repositories/test_repository_integration.py::TestChunkRepositoryIntegration::test_cascade_delete
  ❌ FAILED
[90/1819] Running: tests/integration/repositories/test_repository_integration.py::TestChunkRepositoryIntegration::test_bulk_chunk_operations
  ❌ FAILED
[91/1819] Running: tests/integration/repositories/test_repository_integration.py::TestVectorSearchIntegration::test_vector_similarity_search
  ❌ FAILED
[92/1819] Running: tests/integration/repositories/test_repository_integration.py::TestVectorSearchIntegration::test_vector_search_with_threshold
  ❌ FAILED
[93/1819] Running: tests/integration/repositories/test_repository_integration.py::TestVectorSearchIntegration::test_vector_search_with_document_filter
  ❌ FAILED
[94/1819] Running: tests/integration/repositories/test_repository_integration.py::TestVectorSearchIntegration::test_vector_search_with_metadata_filter
  ❌ FAILED
[95/1819] Running: tests/integration/repositories/test_repository_integration.py::TestVectorSearchIntegration::test_vector_search_identical_embedding
  ❌ FAILED
[96/1819] Running: tests/integration/repositories/test_repository_integration.py::TestRepositoryTransactions::test_transaction_commit
  ❌ FAILED
[97/1819] Running: tests/integration/repositories/test_repository_integration.py::TestRepositoryTransactions::test_transaction_rollback
  ❌ FAILED
[98/1819] Running: tests/integration/repositories/test_repository_integration.py::TestRepositoryTransactions::test_multiple_operations_in_transaction
  ❌ FAILED
[99/1819] Running: tests/integration/repositories/test_repository_integration.py::TestRepositoryTransactions::test_transaction_context_manager
  ❌ FAILED
[100/1819] Running: tests/integration/repositories/test_repository_integration.py::TestRepositoryTransactions::test_transaction_rollback_on_error
  ❌ FAILED
[101/1819] Running: tests/integration/services/test_embedding_integration.py::test_openai_full_workflow
  ❌ FAILED
[102/1819] Running: tests/integration/services/test_embedding_integration.py::test_cohere_full_workflow
  ⏭️  SKIPPED
[103/1819] Running: tests/integration/services/test_embedding_integration.py::test_local_embedding_provider
  ❌ FAILED
[104/1819] Running: tests/integration/services/test_embedding_integration.py::test_large_batch_processing
  ❌ FAILED
[105/1819] Running: tests/integration/services/test_embedding_integration.py::test_concurrent_embedding_requests
  ❌ FAILED
[106/1819] Running: tests/integration/services/test_embedding_integration.py::test_cache_persistence_across_batches
  ❌ FAILED
[107/1819] Running: tests/integration/services/test_embedding_integration.py::test_error_handling
  ❌ FAILED
[108/1819] Running: tests/integration/services/test_embedding_integration.py::test_onnx_provider_compatibility
  ❌ FAILED
[109/1819] Running: tests/integration/services/test_fine_tuned_onnx_integration.py::TestFineTunedONNXIntegration::test_end_to_end_flow
  ✅ PASSED
[110/1819] Running: tests/integration/services/test_llm_integration.py::test_full_llm_workflow
  ⏭️  SKIPPED
[111/1819] Running: tests/integration/services/test_llm_integration.py::test_streaming_response
  ⏭️  SKIPPED
[112/1819] Running: tests/integration/services/test_llm_integration.py::test_local_ollama_provider
  ⏭️  SKIPPED
[113/1819] Running: tests/integration/services/test_llm_integration.py::test_prompt_template_with_real_llm
  ⏭️  SKIPPED
[114/1819] Running: tests/integration/services/test_llm_integration.py::test_openai_provider
  ❌ FAILED
[115/1819] Running: tests/integration/services/test_llm_integration.py::test_concurrent_llm_requests
  ⏭️  SKIPPED
[116/1819] Running: tests/integration/services/test_llm_integration.py::test_cost_tracking
  ⏭️  SKIPPED
[117/1819] Running: tests/integration/services/test_llm_integration.py::test_token_counting
  ⏭️  SKIPPED
[118/1819] Running: tests/integration/services/test_lm_studio_connection.py::test_lm_studio_models_endpoint
  ✅ PASSED
[119/1819] Running: tests/integration/services/test_lm_studio_connection.py::test_lm_studio_completion
  ✅ PASSED
[120/1819] Running: tests/integration/services/test_onnx_embeddings_integration.py::TestONNXEmbeddingsIntegration::test_embed_single_document
  ✅ PASSED
[121/1819] Running: tests/integration/services/test_onnx_embeddings_integration.py::TestONNXEmbeddingsIntegration::test_embed_multiple_documents
  ✅ PASSED
[122/1819] Running: tests/integration/services/test_onnx_embeddings_integration.py::TestONNXEmbeddingsIntegration::test_semantic_similarity
  ✅ PASSED
[123/1819] Running: tests/integration/services/test_onnx_embeddings_integration.py::TestONNXEmbeddingsIntegration::test_batch_consistency
  ✅ PASSED
[124/1819] Running: tests/integration/services/test_onnx_embeddings_integration.py::TestONNXEmbeddingsIntegration::test_empty_input
  ✅ PASSED
[125/1819] Running: tests/integration/services/test_onnx_embeddings_integration.py::TestONNXEmbeddingsIntegration::test_long_text_handling
  ✅ PASSED
[126/1819] Running: tests/integration/services/test_onnx_embeddings_integration.py::TestONNXEmbeddingsIntegration::test_special_characters
  ✅ PASSED
[127/1819] Running: tests/integration/services/test_onnx_embeddings_integration.py::TestONNXEmbeddingsIntegration::test_performance_target
  ⏱️  TIMEOUT after 60s
[128/1819] Running: tests/integration/services/test_onnx_embeddings_integration.py::TestONNXEmbeddingsIntegration::test_provider_metadata
  ✅ PASSED
[129/1819] Running: tests/integration/services/test_onnx_embeddings_integration.py::TestONNXEmbeddingsIntegration::test_result_metadata
  ✅ PASSED
[130/1819] Running: tests/integration/services/test_service_implementations.py::TestONNXServices::test_onnx_embedding_service_implements_interface
  ✅ PASSED
[131/1819] Running: tests/integration/services/test_service_implementations.py::TestONNXServices::test_onnx_embedding_service_basic_functionality
  ✅ PASSED
[132/1819] Running: tests/integration/services/test_service_implementations.py::TestAPIServices::test_anthropic_llm_service_implements_interface
  ✅ PASSED
[133/1819] Running: tests/integration/services/test_service_implementations.py::TestAPIServices::test_anthropic_llm_service_basic_functionality
  ✅ PASSED
[134/1819] Running: tests/integration/services/test_service_implementations.py::TestAPIServices::test_openai_llm_service_implements_interface
  ✅ PASSED
[135/1819] Running: tests/integration/services/test_service_implementations.py::TestAPIServices::test_openai_embedding_service_implements_interface
  ✅ PASSED
[136/1819] Running: tests/integration/services/test_service_implementations.py::TestAPIServices::test_cohere_reranking_service_implements_interface
  ✅ PASSED
[137/1819] Running: tests/integration/services/test_service_implementations.py::TestAPIServices::test_cohere_reranking_service_basic_functionality
  ✅ PASSED
[138/1819] Running: tests/integration/services/test_service_implementations.py::TestDatabaseServices::test_neo4j_graph_service_implements_interface
  ✅ PASSED
[139/1819] Running: tests/integration/services/test_service_implementations.py::TestDatabaseServices::test_neo4j_graph_service_basic_functionality
  ⏭️  SKIPPED
[140/1819] Running: tests/integration/services/test_service_implementations.py::TestDatabaseServices::test_postgresql_database_service_implements_interface
  ✅ PASSED
[141/1819] Running: tests/integration/services/test_service_implementations.py::TestDatabaseServices::test_postgresql_database_service_basic_functionality
  ❌ FAILED
[142/1819] Running: tests/integration/services/test_service_implementations.py::TestLocalServices::test_cosine_reranking_service_implements_interface
  ✅ PASSED
[143/1819] Running: tests/integration/services/test_service_implementations.py::TestLocalServices::test_cosine_reranking_service_basic_functionality
  ✅ PASSED
[144/1819] Running: tests/integration/services/test_service_implementations.py::TestInterfaceCompliance::test_all_llm_services_implement_interface
  ✅ PASSED
[145/1819] Running: tests/integration/services/test_service_implementations.py::TestInterfaceCompliance::test_all_embedding_services_implement_interface
  ✅ PASSED
[146/1819] Running: tests/integration/services/test_service_implementations.py::TestInterfaceCompliance::test_all_reranking_services_implement_interface
  ✅ PASSED
[147/1819] Running: tests/integration/services/test_service_implementations.py::TestInterfaceCompliance::test_all_graph_services_implement_interface
  ✅ PASSED
[148/1819] Running: tests/integration/services/test_service_implementations.py::TestInterfaceCompliance::test_all_database_services_implement_interface
  ✅ PASSED
[149/1819] Running: tests/integration/services/test_service_integration.py::test_rag_workflow
  ❌ FAILED
[150/1819] Running: tests/integration/services/test_service_integration.py::test_embedding_database_consistency
  ❌ FAILED
[151/1819] Running: tests/integration/strategies/test_base_integration.py::test_strategy_full_lifecycle
  ❌ FAILED
[152/1819] Running: tests/integration/strategies/test_base_integration.py::test_multiple_strategies_implement_interface
  ❌ FAILED
[153/1819] Running: tests/integration/strategies/test_base_integration.py::test_async_retrieve_works
  ❌ FAILED
[154/1819] Running: tests/integration/strategies/test_base_integration.py::test_strategy_error_handling
  ❌ FAILED
[155/1819] Running: tests/integration/strategies/test_base_integration.py::test_strategy_configuration_override
  ❌ FAILED
[156/1819] Running: tests/integration/strategies/test_chunking_integration.py::test_structural_chunking_markdown_document
  ✅ PASSED
[157/1819] Running: tests/integration/strategies/test_chunking_integration.py::test_structural_chunking_plain_text
  ✅ PASSED
[158/1819] Running: tests/integration/strategies/test_chunking_integration.py::test_structural_chunking_code_blocks
  ✅ PASSED
[159/1819] Running: tests/integration/strategies/test_chunking_integration.py::test_fixed_size_chunking_consistency
  ✅ PASSED
[160/1819] Running: tests/integration/strategies/test_chunking_integration.py::test_compare_chunking_strategies
  ✅ PASSED
[161/1819] Running: tests/integration/strategies/test_chunking_integration.py::test_chunking_empty_document
  ✅ PASSED
[162/1819] Running: tests/integration/strategies/test_chunking_integration.py::test_chunking_very_long_document
  ✅ PASSED
[163/1819] Running: tests/integration/strategies/test_chunking_integration.py::test_chunking_with_special_characters
  ✅ PASSED
[164/1819] Running: tests/integration/strategies/test_chunking_integration.py::test_batch_document_processing
  ✅ PASSED
[165/1819] Running: tests/integration/strategies/test_chunking_integration.py::test_chunk_metadata_completeness
  ✅ PASSED
[166/1819] Running: tests/integration/strategies/test_chunking_integration.py::test_chunk_validation
  ✅ PASSED
[167/1819] Running: tests/integration/strategies/test_chunking_integration.py::test_get_stats_functionality
  ✅ PASSED
[168/1819] Running: tests/integration/strategies/test_contextual_integration.py::test_contextual_retrieval_complete_workflow
  ❌ FAILED
[169/1819] Running: tests/integration/strategies/test_contextual_integration.py::test_cost_tracking_accuracy
  ❌ FAILED
[170/1819] Running: tests/integration/strategies/test_contextual_integration.py::test_retrieval_with_different_formats
  ❌ FAILED
[171/1819] Running: tests/integration/strategies/test_contextual_integration.py::test_error_recovery
  ❌ FAILED
[172/1819] Running: tests/integration/strategies/test_contextual_integration.py::test_synchronous_indexing
  ❌ FAILED
[173/1819] Running: tests/integration/strategies/test_contextual_integration.py::test_large_document_processing
  ❌ FAILED
[174/1819] Running: tests/integration/strategies/test_hierarchical_indexing.py::TestHierarchicalIndexing::test_produces_capabilities
  ✅ PASSED
[175/1819] Running: tests/integration/strategies/test_hierarchical_indexing.py::TestHierarchicalIndexing::test_requires_services
  ✅ PASSED
[176/1819] Running: tests/integration/strategies/test_hierarchical_indexing.py::TestHierarchicalIndexing::test_process_basic_document
  ✅ PASSED
[177/1819] Running: tests/integration/strategies/test_hierarchical_indexing.py::TestHierarchicalIndexing::test_process_document_with_headings
  ✅ PASSED
[178/1819] Running: tests/integration/strategies/test_hierarchical_indexing.py::TestHierarchicalIndexing::test_hierarchy_metadata
  ✅ PASSED
[179/1819] Running: tests/integration/strategies/test_hierarchical_indexing.py::TestHierarchicalIndexing::test_max_depth_configuration
  ✅ PASSED
[180/1819] Running: tests/integration/strategies/test_hierarchical_indexing.py::TestHierarchicalIndexing::test_empty_document
  ✅ PASSED
[181/1819] Running: tests/integration/strategies/test_hierarchical_indexing.py::TestHierarchicalIndexing::test_multiple_documents
  ✅ PASSED
[182/1819] Running: tests/integration/strategies/test_hierarchical_indexing.py::TestHierarchicalIndexing::test_path_tracking
  ✅ PASSED
[183/1819] Running: tests/integration/strategies/test_hierarchical_indexing.py::TestHierarchicalIndexing::test_split_by_headings_markdown
  ✅ PASSED
[184/1819] Running: tests/integration/strategies/test_hierarchical_indexing.py::TestHierarchicalIndexing::test_split_by_headings_no_headings
  ✅ PASSED
[185/1819] Running: tests/integration/strategies/test_hierarchical_indexing.py::TestHierarchicalIndexing::test_split_by_paragraphs
  ✅ PASSED
[186/1819] Running: tests/integration/strategies/test_hierarchical_indexing.py::TestHierarchicalIndexing::test_split_by_paragraphs_single
  ✅ PASSED
[187/1819] Running: tests/integration/strategies/test_hierarchical_indexing.py::TestHierarchicalIndexing::test_document_metadata_preserved
  ✅ PASSED
[188/1819] Running: tests/integration/strategies/test_hierarchical_integration.py::TestHierarchicalIntegration::test_end_to_end_workflow
  ❌ FAILED
[189/1819] Running: tests/integration/strategies/test_hierarchical_integration.py::TestHierarchicalIntegration::test_expansion_strategy_comparison
  ❌ FAILED
[190/1819] Running: tests/integration/strategies/test_hierarchical_integration.py::TestHierarchicalIntegration::test_hierarchy_validation
  ❌ FAILED
[191/1819] Running: tests/integration/strategies/test_hierarchical_integration.py::TestHierarchicalIntegration::test_multiple_documents
  ❌ FAILED
[192/1819] Running: tests/integration/strategies/test_in_memory_indexing.py::test_capabilities
  ✅ PASSED
[193/1819] Running: tests/integration/strategies/test_in_memory_indexing.py::test_dependencies
  ✅ PASSED
[194/1819] Running: tests/integration/strategies/test_in_memory_indexing.py::test_process_success
  ✅ PASSED
[195/1819] Running: tests/integration/strategies/test_in_memory_indexing.py::test_storage_operations
  ✅ PASSED
[196/1819] Running: tests/integration/strategies/test_in_memory_indexing.py::test_clear_storage
  ✅ PASSED
[197/1819] Running: tests/integration/strategies/test_in_memory_indexing.py::test_get_chunk
  ✅ PASSED
[198/1819] Running: tests/integration/strategies/test_in_memory_indexing.py::test_multiple_documents
  ✅ PASSED
[199/1819] Running: tests/integration/strategies/test_in_memory_indexing.py::test_empty_documents
  ✅ PASSED
[200/1819] Running: tests/integration/strategies/test_in_memory_indexing.py::test_custom_chunk_size
  ✅ PASSED
[201/1819] Running: tests/integration/strategies/test_in_memory_indexing.py::test_chunk_metadata_preservation
  ✅ PASSED
[202/1819] Running: tests/integration/strategies/test_in_memory_indexing.py::test_shared_storage_across_instances
  ✅ PASSED
[203/1819] Running: tests/integration/strategies/test_in_memory_indexing.py::test_document_without_id
  ✅ PASSED
[204/1819] Running: tests/integration/strategies/test_keyword_indexing.py::test_capabilities
  ❌ FAILED
[205/1819] Running: tests/integration/strategies/test_keyword_indexing.py::test_dependencies
  ❌ FAILED
[206/1819] Running: tests/integration/strategies/test_keyword_indexing.py::test_process_success
  ❌ FAILED
[207/1819] Running: tests/integration/strategies/test_keyword_indexing.py::test_process_no_chunks
  ❌ FAILED
[208/1819] Running: tests/integration/strategies/test_keyword_indexing.py::test_process_empty_text
  ❌ FAILED
[209/1819] Running: tests/integration/strategies/test_keyword_indexing.py::test_process_stop_words_only
  ❌ FAILED
[210/1819] Running: tests/integration/strategies/test_knowledge_graph_integration.py::test_knowledge_graph_workflow
  ❌ FAILED
[211/1819] Running: tests/integration/strategies/test_knowledge_graph_integration.py::test_hybrid_retrieval
  ❌ FAILED
[212/1819] Running: tests/integration/strategies/test_knowledge_graph_integration.py::test_relationship_queries
  ❌ FAILED
[213/1819] Running: tests/integration/strategies/test_knowledge_graph_integration.py::test_graph_statistics
  ❌ FAILED
[214/1819] Running: tests/integration/strategies/test_late_chunking_integration.py::test_late_chunking_workflow
  ❌ FAILED
[215/1819] Running: tests/integration/strategies/test_late_chunking_integration.py::test_fixed_size_chunking_integration
  ✅ PASSED
[216/1819] Running: tests/integration/strategies/test_late_chunking_integration.py::test_adaptive_chunking_integration
  ❌ FAILED
[217/1819] Running: tests/integration/strategies/test_late_chunking_integration.py::test_multiple_documents
  ❌ FAILED
[218/1819] Running: tests/integration/strategies/test_late_chunking_integration.py::test_strategy_properties
  ✅ PASSED
[219/1819] Running: tests/integration/strategies/test_late_chunking_integration.py::test_coherence_scores_computed
  ✅ PASSED
[220/1819] Running: tests/integration/strategies/test_late_chunking_integration.py::test_short_document
  ❌ FAILED
[221/1819] Running: tests/integration/strategies/test_late_chunking_integration.py::test_chunk_embeddings_valid
  ❌ FAILED
[222/1819] Running: tests/integration/strategies/test_late_chunking_integration.py::test_embedding_quality
  ❌ FAILED
[223/1819] Running: tests/integration/strategies/test_multi_query_integration.py::TestMultiQueryIntegration::test_multi_query_complete_workflow
  ❌ FAILED
[224/1819] Running: tests/integration/strategies/test_multi_query_integration.py::TestMultiQueryIntegration::test_multi_query_async_workflow
  ❌ FAILED
[225/1819] Running: tests/integration/strategies/test_multi_query_integration.py::TestMultiQueryIntegration::test_variant_diversity
  ❌ FAILED
[226/1819] Running: tests/integration/strategies/test_multi_query_integration.py::TestMultiQueryIntegration::test_performance_requirements
  ❌ FAILED
[227/1819] Running: tests/integration/strategies/test_multi_query_integration.py::TestMultiQueryIntegration::test_fallback_on_failure
  ❌ FAILED
[228/1819] Running: tests/integration/strategies/test_multi_query_integration.py::TestMultiQueryIntegration::test_ranking_strategy_comparison
  ❌ FAILED
[229/1819] Running: tests/integration/strategies/test_multi_query_integration.py::TestMultiQueryIntegration::test_deduplication_across_variants
  ❌ FAILED
[230/1819] Running: tests/integration/strategies/test_multi_query_integration.py::TestMultiQueryIntegration::test_strategy_properties
  ❌ FAILED
[231/1819] Running: tests/integration/strategies/test_multi_query_integration.py::TestMultiQueryRealLLM::test_with_real_llm
  ⏭️  SKIPPED
[232/1819] Running: tests/integration/strategies/test_query_expansion_integration.py::TestQueryExpansionIntegration::test_keyword_expansion_real_llm
  ❌ FAILED
[233/1819] Running: tests/integration/strategies/test_query_expansion_integration.py::TestQueryExpansionIntegration::test_query_reformulation
  ❌ FAILED
[234/1819] Running: tests/integration/strategies/test_query_expansion_integration.py::TestQueryExpansionIntegration::test_question_generation
  ❌ FAILED
[235/1819] Running: tests/integration/strategies/test_query_expansion_integration.py::TestQueryExpansionIntegration::test_hyde_expansion
  ❌ FAILED
[236/1819] Running: tests/integration/strategies/test_query_expansion_integration.py::TestQueryExpansionIntegration::test_multi_query_generation
  ✅ PASSED
[237/1819] Running: tests/integration/strategies/test_query_expansion_integration.py::TestQueryExpansionIntegration::test_expansion_performance
  ❌ FAILED
[238/1819] Running: tests/integration/strategies/test_query_expansion_integration.py::TestQueryExpansionIntegration::test_cache_functionality
  ❌ FAILED
[239/1819] Running: tests/integration/strategies/test_query_expansion_integration.py::TestQueryExpansionIntegration::test_ab_testing_functionality
  ❌ FAILED
[240/1819] Running: tests/integration/strategies/test_query_expansion_integration.py::TestQueryExpansionIntegration::test_domain_context
  ❌ FAILED
[241/1819] Running: tests/integration/strategies/test_query_expansion_integration.py::TestQueryExpansionIntegration::test_error_handling_fallback
  ✅ PASSED
[242/1819] Running: tests/integration/strategies/test_query_expansion_integration.py::TestQueryExpansionIntegration::test_stats_tracking
  ❌ FAILED
[243/1819] Running: tests/integration/strategies/test_reranking_integration.py::TestMockRerankerIntegration::test_end_to_end_reranking
  ✅ PASSED
[244/1819] Running: tests/integration/strategies/test_reranking_integration.py::TestMockRerankerIntegration::test_performance_with_many_candidates
  ✅ PASSED
[245/1819] Running: tests/integration/strategies/test_reranking_integration.py::TestMockRerankerIntegration::test_cache_effectiveness
  ✅ PASSED
[246/1819] Running: tests/integration/strategies/test_reranking_integration.py::TestMockRerankerIntegration::test_score_threshold_filtering
  ✅ PASSED
[247/1819] Running: tests/integration/strategies/test_reranking_integration.py::TestMockRerankerIntegration::test_ranking_position_tracking
  ✅ PASSED
[248/1819] Running: tests/integration/strategies/test_reranking_integration.py::TestMockRerankerIntegration::test_fallback_preserves_order
  ✅ PASSED
[249/1819] Running: tests/integration/strategies/test_reranking_integration.py::TestMockRerankerIntegration::test_batch_processing
  ✅ PASSED
[250/1819] Running: tests/integration/strategies/test_reranking_integration.py::TestMockRerankerIntegration::test_statistics_accumulation
  ✅ PASSED
[251/1819] Running: tests/integration/strategies/test_reranking_integration.py::TestRealCrossEncoderIntegration::test_real_model_reranking
  ⏭️  SKIPPED
[252/1819] Running: tests/integration/strategies/test_self_reflective_integration.py::TestSelfReflectiveIntegration::test_end_to_end_workflow
  ✅ PASSED
[253/1819] Running: tests/integration/strategies/test_self_reflective_integration.py::TestSelfReflectiveIntegration::test_retry_with_poor_results
  ✅ PASSED
[254/1819] Running: tests/integration/strategies/test_self_reflective_integration.py::TestSelfReflectiveIntegration::test_performance_within_limits
  ✅ PASSED
[255/1819] Running: tests/integration/strategies/test_self_reflective_integration.py::TestSelfReflectiveRealLLM::test_with_real_llm
  ⏭️  SKIPPED
[256/1819] Running: tests/integration/strategies/test_vector_embedding_indexing.py::TestVectorEmbeddingIndexing::test_capabilities_and_dependencies
  ✅ PASSED
[257/1819] Running: tests/integration/strategies/test_vector_embedding_indexing.py::TestVectorEmbeddingIndexing::test_process_success
  ✅ PASSED
[258/1819] Running: tests/integration/strategies/test_vector_embedding_indexing.py::TestVectorEmbeddingIndexing::test_process_batching
  ✅ PASSED
[259/1819] Running: tests/integration/strategies/test_vector_embedding_indexing.py::TestVectorEmbeddingIndexing::test_no_chunks_error
  ✅ PASSED
[260/1819] Running: tests/integration/strategies/test_vector_embedding_indexing.py::TestVectorEmbeddingIndexing::test_service_error
  ✅ PASSED
[261/1819] Running: tests/integration/test_config_integration.py::test_load_validate_use_config
  ✅ PASSED
[262/1819] Running: tests/integration/test_config_integration.py::test_multi_environment_configuration
  ✅ PASSED
[263/1819] Running: tests/integration/test_config_integration.py::test_config_with_factory
  ❌ FAILED
[264/1819] Running: tests/integration/test_config_integration.py::test_config_with_pipeline
  ❌ FAILED
[265/1819] Running: tests/integration/test_config_integration.py::test_complete_real_world_scenario
  ✅ PASSED
[266/1819] Running: tests/integration/test_config_integration.py::test_config_export_and_reimport
  ✅ PASSED
[267/1819] Running: tests/integration/test_config_integration.py::test_json_configuration_integration
  ✅ PASSED
[268/1819] Running: tests/integration/test_config_integration.py::test_deeply_nested_configuration_access
  ✅ PASSED
[269/1819] Running: tests/integration/test_factory_consistency.py::TestFactoryConsistencyIntegration::test_consistent_indexing_strategy_no_warnings
  ✅ PASSED
[270/1819] Running: tests/integration/test_factory_consistency.py::TestFactoryConsistencyIntegration::test_inconsistent_indexing_strategy_logs_warnings
  ✅ PASSED
[271/1819] Running: tests/integration/test_factory_consistency.py::TestFactoryConsistencyIntegration::test_consistent_retrieval_strategy_no_warnings
  ✅ PASSED
[272/1819] Running: tests/integration/test_factory_consistency.py::TestFactoryConsistencyIntegration::test_inconsistent_retrieval_strategy_logs_warnings
  ✅ PASSED
[273/1819] Running: tests/integration/test_factory_consistency.py::TestFactoryConsistencyIntegration::test_legacy_strategy_without_capability_methods
  ✅ PASSED
[274/1819] Running: tests/integration/test_factory_consistency.py::TestFactoryConsistencyIntegration::test_warning_messages_include_strategy_name
  ✅ PASSED
[275/1819] Running: tests/integration/test_factory_consistency.py::TestFactoryConsistencyIntegration::test_warning_messages_include_emoji
  ✅ PASSED
[276/1819] Running: tests/integration/test_factory_consistency.py::TestFactoryConsistencyIntegration::test_override_dependencies_checked
  ✅ PASSED
[277/1819] Running: tests/integration/test_factory_integration.py::test_register_create_use_strategy
  ❌ FAILED
[278/1819] Running: tests/integration/test_factory_integration.py::test_create_multiple_different_strategies
  ❌ FAILED
[279/1819] Running: tests/integration/test_factory_integration.py::test_create_multiple_instances_of_same_strategy
  ❌ FAILED
[280/1819] Running: tests/integration/test_factory_integration.py::test_dependency_injection
  ✅ PASSED
[281/1819] Running: tests/integration/test_factory_integration.py::test_config_file_with_yaml
  ❌ FAILED
[282/1819] Running: tests/integration/test_factory_integration.py::test_config_file_with_json
  ❌ FAILED
[283/1819] Running: tests/integration/test_factory_integration.py::test_factory_error_recovery
  ❌ FAILED
[284/1819] Running: tests/integration/test_factory_integration.py::test_factory_state_after_failed_creation
  ❌ FAILED
[285/1819] Running: tests/integration/test_factory_integration.py::test_decorator_integration
  ❌ FAILED
[286/1819] Running: tests/integration/test_factory_integration.py::test_full_rag_workflow
  ❌ FAILED
[287/1819] Running: tests/integration/test_factory_integration.py::test_async_retrieve_integration
  ❌ FAILED
[288/1819] Running: tests/integration/test_package_integration.py::TestPackageInstallation::test_package_installable
  ❌ FAILED
[289/1819] Running: tests/integration/test_package_integration.py::TestSmokeTest::test_basic_usage_smoke_test
  ✅ PASSED
[290/1819] Running: tests/integration/test_package_integration.py::TestFullWorkflow::test_full_workflow_with_installed_package
  ❌ FAILED
[291/1819] Running: tests/integration/test_package_integration.py::TestBuildAndDistribution::test_package_can_be_built
  ⏭️  SKIPPED
[292/1819] Running: tests/integration/test_pipeline_integration.py::test_three_strategy_pipeline
  ❌ FAILED
[293/1819] Running: tests/integration/test_pipeline_integration.py::test_parallel_faster_than_sequential
  ❌ FAILED
[294/1819] Running: tests/integration/test_pipeline_integration.py::test_pipeline_continues_after_non_critical_failure
  ❌ FAILED
[295/1819] Running: tests/integration/test_pipeline_integration.py::test_load_pipeline_from_yaml
  ❌ FAILED
[296/1819] Running: tests/integration/test_pipeline_integration.py::test_async_sequential_execution
  ❌ FAILED
[297/1819] Running: tests/integration/test_pipeline_integration.py::test_async_fallback_execution
  ❌ FAILED
[298/1819] Running: tests/integration/test_pipeline_integration.py::test_parallel_execution_with_failures
  ❌ FAILED
[299/1819] Running: tests/integration/test_tokenization_integration.py::TestTokenizationIntegration::test_openai_token_count_accuracy
  ✅ PASSED
[300/1819] Running: tests/integration/test_tokenization_integration.py::TestTokenizationIntegration::test_different_encodings
  ✅ PASSED
[301/1819] Running: tests/integration/test_tokenization_integration.py::TestTokenizationIntegration::test_long_text_handling
  ✅ PASSED
[302/1819] Running: tests/integration/test_tokenization_integration.py::TestTokenizationIntegration::test_special_characters
  ✅ PASSED
[303/1819] Running: tests/integration/test_tokenization_integration.py::TestTokenizationIntegration::test_multilingual_text
  ✅ PASSED
[304/1819] Running: tests/integration/test_tokenization_integration.py::TestTokenizationIntegration::test_mixed_content
  ✅ PASSED
[305/1819] Running: tests/integration/test_tokenization_integration.py::TestTokenizationIntegration::test_truncation_accuracy
  ✅ PASSED
[306/1819] Running: tests/integration/test_tokenization_integration.py::TestTokenizationIntegration::test_splitting_accuracy
  ✅ PASSED
[307/1819] Running: tests/integration/test_tokenization_integration.py::TestTokenizationIntegration::test_overlap_behavior
  ✅ PASSED
[308/1819] Running: tests/integration/test_tokenization_integration.py::TestTokenizationIntegration::test_empty_and_whitespace
  ✅ PASSED
[309/1819] Running: tests/integration/test_tokenization_integration.py::TestTokenizationIntegration::test_very_long_single_word
  ✅ PASSED
[310/1819] Running: tests/integration/test_tokenization_integration.py::TestTokenizationIntegration::test_consistency_across_calls
