========================================
Test Results - 2025-12-14 22:06:05
========================================
Environment Configuration:
  EMBEDDING_MODEL_NAME: Xenova/all-mpnet-base-v2
  EMBEDDING_MODEL_PATH: models/embedding
  LM_STUDIO_BASE_URL: http://192.168.56.1:1234/v1
  LM_STUDIO_MODEL: phi-4-mini-instruct

Command: pytest 
========================================

============================= test session starts ==============================
platform linux -- Python 3.12.3, pytest-9.0.1, pluggy-1.6.0 -- /mnt/MCPProyects/ragTools/venv/bin/python3
cachedir: .pytest_cache
rootdir: /mnt/MCPProyects/ragTools
configfile: pytest.ini (WARNING: ignoring pytest config in pyproject.toml!)
testpaths: tests
plugins: anyio-4.12.0, cov-7.0.0, asyncio-1.3.0
asyncio: mode=Mode.STRICT, debug=False, asyncio_default_fixture_loop_scope=None, asyncio_default_test_loop_scope=function
collecting ... collected 1798 items

tests/benchmarks/test_contextual_performance.py::test_batch_processing_throughput PASSED [  0%]
tests/benchmarks/test_contextual_performance.py::test_parallel_vs_sequential_performance PASSED [  0%]
tests/benchmarks/test_contextual_performance.py::test_large_document_processing_time PASSED [  0%]
tests/benchmarks/test_contextual_performance.py::test_batch_size_impact PASSED [  0%]
tests/benchmarks/test_contextual_performance.py::test_cost_tracker_performance PASSED [  0%]
tests/benchmarks/test_contextual_performance.py::test_context_generation_latency PASSED [  0%]
tests/benchmarks/test_late_chunking_performance.py::test_document_embedding_speed FAILED [  0%]
tests/benchmarks/test_late_chunking_performance.py::test_embedding_chunking_speed PASSED [  0%]
tests/benchmarks/test_late_chunking_performance.py::test_semantic_boundary_speed PASSED [  0%]
tests/benchmarks/test_late_chunking_performance.py::test_end_to_end_latency PASSED [  0%]
tests/benchmarks/test_late_chunking_performance.py::test_coherence_analysis_overhead FAILED [  0%]
tests/benchmarks/test_late_chunking_performance.py::test_batch_processing_speed PASSED [  0%]
tests/benchmarks/test_late_chunking_performance.py::test_adaptive_chunking_speed PASSED [  0%]
tests/benchmarks/test_late_chunking_performance.py::test_memory_efficiency PASSED [  0%]
tests/benchmarks/test_model_comparison_performance.py::test_model_loading_speed SKIPPED [  0%]
tests/benchmarks/test_model_comparison_performance.py::test_model_loading_cached SKIPPED [  0%]
tests/benchmarks/test_model_comparison_performance.py::test_inference_speed SKIPPED [  0%]
tests/benchmarks/test_model_comparison_performance.py::test_batch_size_comparison SKIPPED [  1%]
tests/benchmarks/test_model_comparison_performance.py::test_embedding_quality SKIPPED [  1%]
tests/benchmarks/test_model_comparison_performance.py::test_memory_efficiency SKIPPED [  1%]
tests/integration/cli/test_benchmark_integration.py::TestBenchmarkIntegration::test_benchmark_execution_flow PASSED [  1%]
tests/integration/cli/test_config_validation_integration.py::TestConfigValidationIntegration::test_validate_valid_config_flow PASSED [  1%]
tests/integration/cli/test_config_validation_integration.py::TestConfigValidationIntegration::test_validate_invalid_config_flow PASSED [  1%]
tests/integration/cli/test_index_query_flow.py::TestIndexQueryFlow::test_index_single_file PASSED [  1%]
tests/integration/cli/test_index_query_flow.py::TestIndexQueryFlow::test_index_directory PASSED [  1%]
tests/integration/cli/test_index_query_flow.py::TestIndexQueryFlow::test_index_with_custom_strategy PASSED [  1%]
tests/integration/cli/test_index_query_flow.py::TestIndexQueryFlow::test_index_with_config_file PASSED [  1%]
tests/integration/cli/test_index_query_flow.py::TestIndexQueryFlow::test_index_nonexistent_path PASSED [  1%]
tests/integration/cli/test_index_query_flow.py::TestIndexQueryFlow::test_query_basic PASSED [  1%]
tests/integration/cli/test_index_query_flow.py::TestIndexQueryFlow::test_query_with_strategies PASSED [  1%]
tests/integration/cli/test_index_query_flow.py::TestIndexQueryFlow::test_query_with_top_k PASSED [  1%]
tests/integration/cli/test_index_query_flow.py::TestIndexQueryFlow::test_query_without_index PASSED [  1%]
tests/integration/cli/test_index_query_flow.py::TestFullWorkflow::test_complete_workflow PASSED [  1%]
tests/integration/cli/test_index_query_flow.py::TestFullWorkflow::test_workflow_with_config PASSED [  1%]
tests/integration/database/test_database_integration.py::TestDatabaseIntegration::test_full_database_workflow PASSED [  1%]
tests/integration/database/test_database_integration.py::TestDatabaseIntegration::test_batch_insert_chunks PASSED [  2%]
tests/integration/database/test_database_integration.py::TestDatabaseIntegration::test_query_with_filters PASSED [  2%]
tests/integration/database/test_database_integration.py::TestDatabaseIntegration::test_metadata_queries SKIPPED [  2%]
tests/integration/database/test_database_integration.py::TestDatabaseIntegration::test_chunk_ordering PASSED [  2%]
tests/integration/database/test_database_integration.py::TestDatabaseIntegration::test_document_deduplication PASSED [  2%]
tests/integration/database/test_database_integration.py::TestVectorOperations::test_insert_chunk_with_embedding PASSED [  2%]
tests/integration/database/test_database_integration.py::TestVectorOperations::test_vector_similarity_search PASSED [  2%]
tests/integration/database/test_database_integration.py::TestVectorOperations::test_null_embeddings PASSED [  2%]
tests/integration/database/test_database_integration.py::TestConnectionPooling::test_connection_pool_concurrent_access PASSED [  2%]
tests/integration/database/test_database_integration.py::TestConnectionPooling::test_connection_pool_metrics PASSED [  2%]
tests/integration/database/test_database_integration.py::TestConnectionPooling::test_session_isolation PASSED [  2%]
tests/integration/database/test_database_integration.py::TestPerformance::test_batch_insert_performance PASSED [  2%]
tests/integration/database/test_database_integration.py::TestPerformance::test_query_performance PASSED [  2%]
tests/integration/database/test_migration_integration.py::TestMigrationIntegration::test_real_migration_execution PASSED [  2%]
tests/integration/database/test_migration_integration.py::TestMigrationIntegration::test_migration_with_existing_data PASSED [  2%]
tests/integration/database/test_migration_integration.py::TestMigrationIntegration::test_rollback_functionality PASSED [  2%]
tests/integration/database/test_migration_integration.py::TestMigrationIntegration::test_pgvector_extension_installed PASSED [  2%]
tests/integration/documentation/test_documentation_integration.py::TestDocumentationBuild::test_mkdocs_build_succeeds SKIPPED [  2%]
tests/integration/documentation/test_documentation_integration.py::TestDocumentationBuild::test_mkdocs_serve_starts SKIPPED [  3%]
tests/integration/documentation/test_documentation_integration.py::TestDocumentationBuild::test_search_index_generated SKIPPED [  3%]
tests/integration/documentation/test_documentation_integration.py::test_documentation_time_to_first_example SKIPPED [  3%]
tests/integration/documentation/test_documentation_integration.py::test_api_reference_generated SKIPPED [  3%]
tests/integration/documentation/test_documentation_integration.py::test_diagrams_rendered SKIPPED [  3%]
tests/integration/evaluation/test_evaluation_integration.py::TestEvaluationIntegration::test_full_benchmark_workflow PASSED [  3%]
tests/integration/evaluation/test_evaluation_integration.py::TestEvaluationIntegration::test_compare_multiple_strategies PASSED [  3%]
tests/integration/evaluation/test_evaluation_integration.py::TestEvaluationIntegration::test_statistical_analysis_workflow PASSED [  3%]
tests/integration/evaluation/test_evaluation_integration.py::TestEvaluationIntegration::test_export_workflow_csv PASSED [  3%]
tests/integration/evaluation/test_evaluation_integration.py::TestEvaluationIntegration::test_export_workflow_json PASSED [  3%]
tests/integration/evaluation/test_evaluation_integration.py::TestEvaluationIntegration::test_comparison_report_generation PASSED [  3%]
tests/integration/evaluation/test_evaluation_integration.py::TestEvaluationIntegration::test_checkpoint_resume_workflow PASSED [  3%]
tests/integration/models/test_fine_tuned_embeddings_integration.py::test_register_and_load_model PASSED [  3%]
tests/integration/models/test_fine_tuned_embeddings_integration.py::test_ab_testing_workflow FAILED [  3%]
tests/integration/models/test_fine_tuned_embeddings_integration.py::test_model_registry_persistence_workflow PASSED [  3%]
tests/integration/models/test_fine_tuned_embeddings_integration.py::test_model_comparison_workflow FAILED [  3%]
tests/integration/models/test_fine_tuned_embeddings_integration.py::test_multiple_models_registry PASSED [  3%]
tests/integration/observability/test_monitoring_integration.py::TestCompleteQueryLogging::test_complete_query_workflow PASSED [  3%]
tests/integration/observability/test_monitoring_integration.py::TestCompleteQueryLogging::test_failed_query_workflow PASSED [  4%]
tests/integration/observability/test_monitoring_integration.py::TestCompleteQueryLogging::test_multiple_strategy_workflow PASSED [  4%]
tests/integration/observability/test_monitoring_integration.py::TestPerformanceMonitoring::test_performance_tracking PASSED [  4%]
tests/integration/observability/test_monitoring_integration.py::TestPerformanceMonitoring::test_multiple_operations_tracking PASSED [  4%]
tests/integration/observability/test_monitoring_integration.py::TestDashboardAPI::test_dashboard_endpoints PASSED [  4%]
tests/integration/observability/test_monitoring_integration.py::TestDashboardAPI::test_dashboard_error_handling PASSED [  4%]
tests/integration/observability/test_monitoring_integration.py::TestEndToEndMonitoring::test_complete_monitoring_stack PASSED [  4%]
tests/integration/observability/test_monitoring_integration.py::TestEndToEndMonitoring::test_high_volume_simulation PASSED [  4%]
tests/integration/observability/test_monitoring_integration.py::TestEndToEndMonitoring::test_error_rate_monitoring PASSED [  4%]
tests/integration/observability/test_monitoring_integration.py::TestPrometheusIntegration::test_prometheus_metrics_export PASSED [  4%]
tests/integration/repositories/test_repository_integration.py::TestDocumentRepositoryIntegration::test_complete_document_lifecycle FAILED [  4%]
tests/integration/repositories/test_repository_integration.py::TestDocumentRepositoryIntegration::test_document_deduplication PASSED [  4%]
tests/integration/repositories/test_repository_integration.py::TestDocumentRepositoryIntegration::test_document_pagination FAILED [  4%]
tests/integration/repositories/test_repository_integration.py::TestDocumentRepositoryIntegration::test_document_status_filtering FAILED [  4%]
tests/integration/repositories/test_repository_integration.py::TestDocumentRepositoryIntegration::test_bulk_operations PASSED [  4%]
tests/integration/repositories/test_repository_integration.py::TestChunkRepositoryIntegration::test_complete_chunk_lifecycle PASSED [  4%]
tests/integration/repositories/test_repository_integration.py::TestChunkRepositoryIntegration::test_chunk_document_relationship PASSED [  4%]
tests/integration/repositories/test_repository_integration.py::TestChunkRepositoryIntegration::test_cascade_delete PASSED [  4%]
tests/integration/repositories/test_repository_integration.py::TestChunkRepositoryIntegration::test_bulk_chunk_operations PASSED [  5%]
tests/integration/repositories/test_repository_integration.py::TestVectorSearchIntegration::test_vector_similarity_search PASSED [  5%]
tests/integration/repositories/test_repository_integration.py::TestVectorSearchIntegration::test_vector_search_with_threshold PASSED [  5%]
tests/integration/repositories/test_repository_integration.py::TestVectorSearchIntegration::test_vector_search_with_document_filter PASSED [  5%]
tests/integration/repositories/test_repository_integration.py::TestVectorSearchIntegration::test_vector_search_with_metadata_filter PASSED [  5%]
tests/integration/repositories/test_repository_integration.py::TestVectorSearchIntegration::test_vector_search_identical_embedding PASSED [  5%]
tests/integration/repositories/test_repository_integration.py::TestRepositoryTransactions::test_transaction_commit PASSED [  5%]
tests/integration/repositories/test_repository_integration.py::TestRepositoryTransactions::test_transaction_rollback PASSED [  5%]
tests/integration/repositories/test_repository_integration.py::TestRepositoryTransactions::test_multiple_operations_in_transaction PASSED [  5%]
tests/integration/repositories/test_repository_integration.py::TestRepositoryTransactions::test_transaction_context_manager PASSED [  5%]
tests/integration/repositories/test_repository_integration.py::TestRepositoryTransactions::test_transaction_rollback_on_error PASSED [  5%]
tests/integration/services/test_embedding_integration.py::test_openai_full_workflow FAILED [  5%]
tests/integration/services/test_embedding_integration.py::test_cohere_full_workflow SKIPPED [  5%]
tests/integration/services/test_embedding_integration.py::test_local_embedding_provider PASSED [  5%]
tests/integration/services/test_embedding_integration.py::test_large_batch_processing 
========================================
Test run completed at 2025-12-14 22:20:19
========================================
