================================================================================
TEST RESULTS SUMMARY - BY FILE
================================================================================

Execution Date: Fri Dec 12 08:34:50 PM -03 2025
Total test files: 156
Total duration: 73m 47s

FILE RESULTS:
  ‚úÖ PASSED FILES    : 121 (77.6%)
  ‚ùå FAILED FILES    : 32 (20.5%)
  ‚è≠Ô∏è  SKIPPED FILES   : 2 (1.3%)
  ‚è±Ô∏è  TIMEOUT FILES   : 1 (0.6%)

TEST RESULTS:
  ‚úÖ PASSED TESTS    : 1616 (85.4%)
  ‚ùå FAILED TESTS    : 239 (12.6%)
  ‚è≠Ô∏è  SKIPPED TESTS   : 37 (2.0%)
  üìä TOTAL TESTS     : 1892

================================================================================
FAILED TEST FILES (32)
================================================================================
tests/integration/database/test_migration_integration.py
tests/integration/models/test_fine_tuned_embeddings_integration.py
tests/integration/services/test_onnx_embeddings_integration.py
tests/integration/services/test_service_implementations.py
tests/integration/services/test_service_integration.py
tests/integration/strategies/test_base_integration.py
tests/integration/strategies/test_contextual_integration.py
tests/integration/strategies/test_hierarchical_integration.py
tests/integration/strategies/test_keyword_indexing.py
tests/integration/strategies/test_knowledge_graph_integration.py
tests/integration/strategies/test_late_chunking_integration.py
tests/integration/strategies/test_multi_query_integration.py
tests/integration/strategies/test_query_expansion_integration.py
tests/integration/test_config_integration.py
tests/integration/test_factory_integration.py
tests/integration/test_package_integration.py
tests/integration/test_pipeline_integration.py
tests/unit/cli/test_check_consistency_command.py
tests/unit/cli/test_repl_command.py
tests/unit/database/test_migrations.py
tests/unit/documentation/test_code_examples.py
tests/unit/documentation/test_documentation_completeness.py
tests/unit/documentation/test_links.py
tests/unit/repositories/test_chunk_repository.py
tests/unit/services/embeddings/test_onnx_local.py
tests/unit/services/embedding/test_onnx_local_provider.py
tests/unit/services/test_database_service.py
tests/unit/services/test_interfaces.py
tests/unit/strategies/agentic/test_strategy.py
tests/unit/strategies/late_chunking/test_document_embedder.py
tests/unit/strategies/test_base.py
tests/unit/test_pipeline.py

================================================================================
TIMEOUT TEST FILES (1)
================================================================================
tests/integration/services/test_embedding_integration.py

================================================================================
SKIPPED TEST FILES (2)
================================================================================
tests/benchmarks/test_model_comparison_performance.py
tests/integration/documentation/test_documentation_integration.py
